unit-jgol-peer-0: 07:04:55 INFO juju.cmd running containerAgent [3.6.11 17876b918429f0063380cdf07dc47f98a890778b gc go1.24.6]
unit-jgol-peer-0: 07:04:55 INFO juju.cmd.containeragent.unit start "unit"
unit-jgol-peer-0: 07:04:55 INFO juju.worker.upgradesteps upgrade steps for 3.6.11 have already been run.
unit-jgol-peer-0: 07:04:55 INFO juju.worker.probehttpserver starting http server on 127.0.0.1:65301
unit-jgol-peer-0: 07:04:55 INFO juju.api cannot resolve "controller-service.controller-concierge-k8s.svc.cluster.local": lookup controller-service.controller-concierge-k8s.svc.cluster.local: operation was canceled
unit-jgol-peer-0: 07:04:55 INFO juju.api connection established to "wss://10.152.183.135:17070/model/c3b88bf6-d093-4f8a-8a45-19872da0d10e/api"
unit-jgol-peer-0: 07:04:55 INFO juju.worker.apicaller [c3b88b] "unit-jgol-peer-0" successfully connected to "wss://10.152.183.135:17070"
unit-jgol-peer-0: 07:04:55 INFO juju.worker.migrationminion migration migration phase is now: NONE
unit-jgol-peer-0: 07:04:55 INFO juju.worker.logger logger worker started
unit-jgol-peer-0: 07:04:55 WARNING juju.worker.proxyupdater unable to set snap core settings [proxy.http= proxy.https= proxy.store=]: exec: "snap": executable file not found in $PATH, output: ""
unit-jgol-peer-0: 07:04:55 INFO juju.worker.leadership jgol-peer/0 promoted to leadership of jgol-peer
unit-jgol-peer-0: 07:04:55 INFO juju.worker.caasupgrader abort check blocked until version event received
unit-jgol-peer-0: 07:04:55 INFO juju.worker.caasupgrader unblocking abort check
unit-jgol-peer-0: 07:04:55 INFO juju.agent.tools ensure jujuc symlinks in /var/lib/juju/tools/unit-jgol-peer-0
unit-jgol-peer-0: 07:04:55 INFO juju.worker.uniter unit "jgol-peer/0" started
unit-jgol-peer-0: 07:04:55 INFO juju.worker.uniter resuming charm install
unit-jgol-peer-0: 07:04:55 INFO juju.worker.uniter.charm downloading local:jgol-peer-0 from API server
unit-jgol-peer-0: 07:04:55 INFO juju.downloader downloading from local:jgol-peer-0
unit-jgol-peer-0: 07:04:55 WARNING juju.worker.s3caller Response has no supported checksum. Not validating response payload.%!(EXTRA []interface {}=[])
unit-jgol-peer-0: 07:04:55 INFO juju.downloader download complete ("local:jgol-peer-0")
unit-jgol-peer-0: 07:04:55 INFO juju.downloader download verified ("local:jgol-peer-0")
unit-jgol-peer-0: 07:04:56 INFO juju.worker.uniter hooks are retried false
unit-jgol-peer-0: 07:04:56 INFO juju.worker.uniter found queued "install" hook
unit-jgol-peer-0: 07:04:56 INFO juju.worker.uniter.operation ran "install" hook (via hook dispatching script: dispatch)
unit-jgol-peer-0: 07:04:56 WARNING unit.jgol-peer/0.juju-log world:0: Resetting... [.]
unit-jgol-peer-0: 07:04:57 INFO juju.worker.uniter.operation ran "world-relation-created" hook (via hook dispatching script: dispatch)
unit-jgol-peer-0: 07:04:57 INFO juju.worker.uniter found queued "leader-elected" hook
unit-jgol-peer-0: 07:04:57 WARNING unit.jgol-peer/0.juju-log Reset [0]
unit-jgol-peer-0: 07:04:57 INFO juju.worker.uniter.operation ran "leader-elected" hook (via hook dispatching script: dispatch)
unit-jgol-peer-0: 07:04:57 WARNING unit.jgol-peer/0.juju-log Reset [0]
unit-jgol-peer-0: 07:04:58 INFO juju.worker.uniter.operation ran "config-changed" hook (via hook dispatching script: dispatch)
unit-jgol-peer-0: 07:04:58 INFO juju.worker.uniter found queued "start" hook
unit-jgol-peer-0: 07:04:58 WARNING unit.jgol-peer/0.juju-log Reset [0]
unit-jgol-peer-0: 07:04:58 INFO juju.worker.uniter.operation ran "start" hook (via hook dispatching script: dispatch)
unit-jgol-peer-0: 07:04:58 WARNING unit.jgol-peer/0.juju-log world:0: Reset [0]
unit-jgol-peer-0: 07:04:59 INFO juju.worker.uniter.operation ran "world-relation-changed" hook (via hook dispatching script: dispatch)
unit-jgol-peer-0: 07:10:04 WARNING unit.jgol-peer/0.juju-log Reset [0]
unit-jgol-peer-0: 07:10:05 INFO juju.worker.uniter.operation ran "update-status" hook (via hook dispatching script: dispatch)
unit-jgol-peer-0: 07:10:31 WARNING unit.jgol-peer/0.juju-log 0: [0] --> 0
unit-jgol-peer-0: 07:10:32 INFO juju.worker.uniter.operation ran "config-changed" hook (via hook dispatching script: dispatch)
unit-jgol-peer-0: 07:10:32 WARNING unit.jgol-peer/0.juju-log world:0: 0: [0] --> 1
unit-jgol-peer-0: 07:10:32 INFO juju.worker.uniter.operation ran "world-relation-changed" hook (via hook dispatching script: dispatch)
unit-jgol-peer-0: 07:10:32 WARNING unit.jgol-peer/0.juju-log world:0: 1: [0] --> 2
unit-jgol-peer-0: 07:10:33 INFO juju.worker.uniter.operation ran "world-relation-changed" hook (via hook dispatching script: dispatch)
unit-jgol-peer-0: 07:10:33 WARNING unit.jgol-peer/0.juju-log world:0: 2: [0] --> 3
unit-jgol-peer-0: 07:10:33 INFO juju.worker.uniter.operation ran "world-relation-changed" hook (via hook dispatching script: dispatch)
unit-jgol-peer-0: 07:10:33 WARNING unit.jgol-peer/0.juju-log world:0: 3: [0] --> 4
unit-jgol-peer-0: 07:10:34 INFO juju.worker.uniter.operation ran "world-relation-changed" hook (via hook dispatching script: dispatch)
unit-jgol-peer-0: 07:10:34 WARNING unit.jgol-peer/0.juju-log world:0: 4: [0] --> 5
unit-jgol-peer-0: 07:10:34 INFO juju.worker.uniter.operation ran "world-relation-changed" hook (via hook dispatching script: dispatch)
unit-jgol-peer-0: 07:10:34 WARNING unit.jgol-peer/0.juju-log world:0: 5: [0] --> 6
unit-jgol-peer-0: 07:10:35 INFO juju.worker.uniter.operation ran "world-relation-changed" hook (via hook dispatching script: dispatch)
unit-jgol-peer-0: 07:10:35 WARNING unit.jgol-peer/0.juju-log world:0: 6: [0] --> 7
unit-jgol-peer-0: 07:10:35 INFO juju.worker.uniter.operation ran "world-relation-changed" hook (via hook dispatching script: dispatch)
unit-jgol-peer-0: 07:10:35 WARNING unit.jgol-peer/0.juju-log world:0: 7: [0] --> 8
unit-jgol-peer-0: 07:10:36 INFO juju.worker.uniter.operation ran "world-relation-changed" hook (via hook dispatching script: dispatch)
unit-jgol-peer-0: 07:10:36 WARNING unit.jgol-peer/0.juju-log world:0: 8: [0] --> 9
unit-jgol-peer-0: 07:10:36 INFO juju.worker.uniter.operation ran "world-relation-changed" hook (via hook dispatching script: dispatch)
unit-jgol-peer-0: 07:10:36 WARNING unit.jgol-peer/0.juju-log world:0: 9: [0] --> 10
unit-jgol-peer-0: 07:10:37 INFO juju.worker.uniter.operation ran "world-relation-changed" hook (via hook dispatching script: dispatch)
unit-jgol-peer-0: 07:10:37 WARNING unit.jgol-peer/0.juju-log world:0: 10: [0] --> 11
unit-jgol-peer-0: 07:10:37 INFO juju.worker.uniter.operation ran "world-relation-changed" hook (via hook dispatching script: dispatch)
unit-jgol-peer-0: 07:10:37 WARNING unit.jgol-peer/0.juju-log world:0: 11: [0] --> 12
unit-jgol-peer-0: 07:10:38 INFO juju.worker.uniter.operation ran "world-relation-changed" hook (via hook dispatching script: dispatch)
unit-jgol-peer-0: 07:10:38 WARNING unit.jgol-peer/0.juju-log world:0: 12: [0] --> 13
unit-jgol-peer-0: 07:10:38 INFO juju.worker.uniter.operation ran "world-relation-changed" hook (via hook dispatching script: dispatch)
unit-jgol-peer-0: 07:10:38 WARNING unit.jgol-peer/0.juju-log world:0: 13: [0] --> 14
unit-jgol-peer-0: 07:10:38 INFO juju.worker.uniter.operation ran "world-relation-changed" hook (via hook dispatching script: dispatch)
unit-jgol-peer-0: 07:10:39 WARNING unit.jgol-peer/0.juju-log world:0: 14: [0] --> 15
unit-jgol-peer-0: 07:10:39 INFO juju.worker.uniter.operation ran "world-relation-changed" hook (via hook dispatching script: dispatch)
unit-jgol-peer-0: 07:10:39 WARNING unit.jgol-peer/0.juju-log world:0: 15: [0] --> 16
unit-jgol-peer-0: 07:10:39 INFO juju.worker.uniter.operation ran "world-relation-changed" hook (via hook dispatching script: dispatch)
unit-jgol-peer-0: 07:10:40 WARNING unit.jgol-peer/0.juju-log world:0: 16: [0] --> 17
unit-jgol-peer-0: 07:10:40 INFO juju.worker.uniter.operation ran "world-relation-changed" hook (via hook dispatching script: dispatch)
unit-jgol-peer-0: 07:10:40 WARNING unit.jgol-peer/0.juju-log world:0: 17: [0] --> 18
unit-jgol-peer-0: 07:10:40 INFO juju.worker.uniter.operation ran "world-relation-changed" hook (via hook dispatching script: dispatch)
unit-jgol-peer-0: 07:10:41 WARNING unit.jgol-peer/0.juju-log world:0: 18: [0] --> 19
unit-jgol-peer-0: 07:10:41 INFO juju.worker.uniter.operation ran "world-relation-changed" hook (via hook dispatching script: dispatch)
unit-jgol-peer-0: 07:10:41 WARNING unit.jgol-peer/0.juju-log world:0: 19: [0] --> 20
unit-jgol-peer-0: 07:10:41 INFO juju.worker.uniter.operation ran "world-relation-changed" hook (via hook dispatching script: dispatch)
unit-jgol-peer-0: 07:10:42 WARNING unit.jgol-peer/0.juju-log world:0: 20: [0] --> 21
unit-jgol-peer-0: 07:10:42 INFO juju.worker.uniter.operation ran "world-relation-changed" hook (via hook dispatching script: dispatch)
unit-jgol-peer-0: 07:10:42 WARNING unit.jgol-peer/0.juju-log world:0: 21: [0] --> 22
unit-jgol-peer-0: 07:10:42 INFO juju.worker.uniter.operation ran "world-relation-changed" hook (via hook dispatching script: dispatch)
unit-jgol-peer-0: 07:10:43 WARNING unit.jgol-peer/0.juju-log world:0: 22: [0] --> 23
unit-jgol-peer-0: 07:10:43 INFO juju.worker.uniter.operation ran "world-relation-changed" hook (via hook dispatching script: dispatch)
unit-jgol-peer-0: 07:10:43 WARNING unit.jgol-peer/0.juju-log world:0: 23: [0] --> 24
unit-jgol-peer-0: 07:10:43 INFO juju.worker.uniter.operation ran "world-relation-changed" hook (via hook dispatching script: dispatch)
unit-jgol-peer-0: 07:10:44 WARNING unit.jgol-peer/0.juju-log world:0: Resetting... [0]
unit-jgol-peer-0: 07:10:44 INFO juju.worker.uniter.operation ran "world-relation-changed" hook (via hook dispatching script: dispatch)
unit-jgol-peer-0: 07:10:44 WARNING unit.jgol-peer/0.juju-log Reset [0]
unit-jgol-peer-0: 07:10:44 INFO juju.worker.uniter.operation ran "config-changed" hook (via hook dispatching script: dispatch)
unit-jgol-peer-0: 07:10:45 WARNING unit.jgol-peer/0.juju-log world:0: Reset [0]
unit-jgol-peer-0: 07:10:45 INFO juju.worker.uniter.operation ran "world-relation-changed" hook (via hook dispatching script: dispatch)
unit-jgol-peer-0: 07:11:35 WARNING unit.jgol-peer/0.juju-log world:0: Reset [0]
unit-jgol-peer-0: 07:11:35 INFO juju.worker.uniter.operation ran "world-relation-joined" hook (via hook dispatching script: dispatch)
unit-jgol-peer-0: 07:11:35 WARNING unit.jgol-peer/0.juju-log world:0: Reset [0]
unit-jgol-peer-0: 07:11:36 INFO juju.worker.uniter.operation ran "world-relation-changed" hook (via hook dispatching script: dispatch)
unit-jgol-peer-0: 07:11:36 WARNING unit.jgol-peer/0.juju-log world:0: Reset [0]
unit-jgol-peer-0: 07:11:36 INFO juju.worker.uniter.operation ran "world-relation-joined" hook (via hook dispatching script: dispatch)
unit-jgol-peer-0: 07:11:36 WARNING unit.jgol-peer/0.juju-log world:0: Reset [0]
unit-jgol-peer-0: 07:11:37 INFO juju.worker.uniter.operation ran "world-relation-changed" hook (via hook dispatching script: dispatch)
unit-jgol-peer-0: 07:11:37 WARNING unit.jgol-peer/0.juju-log world:0: Reset [0...]
unit-jgol-peer-0: 07:11:37 INFO juju.worker.uniter.operation ran "world-relation-joined" hook (via hook dispatching script: dispatch)
unit-jgol-peer-0: 07:11:37 WARNING unit.jgol-peer/0.juju-log world:0: Reset [0...]
unit-jgol-peer-0: 07:11:38 INFO juju.worker.uniter.operation ran "world-relation-changed" hook (via hook dispatching script: dispatch)
unit-jgol-peer-0: 07:11:38 WARNING unit.jgol-peer/0.juju-log world:0: Reset [0...]
unit-jgol-peer-0: 07:11:38 INFO juju.worker.uniter.operation ran "world-relation-changed" hook (via hook dispatching script: dispatch)
unit-jgol-peer-0: 07:11:38 WARNING unit.jgol-peer/0.juju-log world:0: Reset [00..]
unit-jgol-peer-0: 07:11:39 INFO juju.worker.uniter.operation ran "world-relation-changed" hook (via hook dispatching script: dispatch)
unit-jgol-peer-0: 07:11:39 WARNING unit.jgol-peer/0.juju-log world:0: Reset [000.]
unit-jgol-peer-0: 07:11:39 INFO juju.worker.uniter.operation ran "world-relation-changed" hook (via hook dispatching script: dispatch)
unit-jgol-peer-0: 07:11:39 WARNING unit.jgol-peer/0.juju-log world:0: Reset [0001]
unit-jgol-peer-0: 07:11:40 INFO juju.worker.uniter.operation ran "world-relation-changed" hook (via hook dispatching script: dispatch)
unit-jgol-peer-0: 07:12:28 WARNING unit.jgol-peer/0.juju-log 0: [0001] --> 0
unit-jgol-peer-0: 07:12:28 INFO juju.worker.uniter.operation ran "config-changed" hook (via hook dispatching script: dispatch)
unit-jgol-peer-0: 07:12:29 WARNING unit.jgol-peer/0.juju-log world:0: 0: [0...]
unit-jgol-peer-0: 07:12:29 INFO juju.worker.uniter.operation ran "world-relation-changed" hook (via hook dispatching script: dispatch)
unit-jgol-peer-0: 07:12:29 WARNING unit.jgol-peer/0.juju-log world:0: 0: [00..]
unit-jgol-peer-0: 07:12:29 INFO juju.worker.uniter.operation ran "world-relation-changed" hook (via hook dispatching script: dispatch)
unit-jgol-peer-0: 07:12:30 WARNING unit.jgol-peer/0.juju-log world:0: 0: [000.]
unit-jgol-peer-0: 07:12:30 INFO juju.worker.uniter.operation ran "world-relation-changed" hook (via hook dispatching script: dispatch)
unit-jgol-peer-0: 07:12:30 WARNING unit.jgol-peer/0.juju-log world:0: 0: [0000] --> 1
unit-jgol-peer-0: 07:12:30 INFO juju.worker.uniter.operation ran "world-relation-changed" hook (via hook dispatching script: dispatch)
unit-jgol-peer-0: 07:12:31 WARNING unit.jgol-peer/0.juju-log world:0: 1: [0...]
unit-jgol-peer-0: 07:12:31 INFO juju.worker.uniter.operation ran "world-relation-changed" hook (via hook dispatching script: dispatch)
unit-jgol-peer-0: 07:12:31 WARNING unit.jgol-peer/0.juju-log world:0: 1: [0..0]
unit-jgol-peer-0: 07:12:32 INFO juju.worker.uniter.operation ran "world-relation-changed" hook (via hook dispatching script: dispatch)
unit-jgol-peer-0: 07:12:32 WARNING unit.jgol-peer/0.juju-log world:0: 1: [00.0]
unit-jgol-peer-0: 07:12:32 INFO juju.worker.uniter.operation ran "world-relation-changed" hook (via hook dispatching script: dispatch)
unit-jgol-peer-0: 07:12:32 WARNING unit.jgol-peer/0.juju-log world:0: 1: [0000] --> 2
unit-jgol-peer-0: 07:12:33 INFO juju.worker.uniter.operation ran "world-relation-changed" hook (via hook dispatching script: dispatch)
unit-jgol-peer-0: 07:12:33 WARNING unit.jgol-peer/0.juju-log world:0: 2: [0...]
unit-jgol-peer-0: 07:12:33 INFO juju.worker.uniter.operation ran "world-relation-changed" hook (via hook dispatching script: dispatch)
unit-jgol-peer-0: 07:12:34 WARNING unit.jgol-peer/0.juju-log world:0: 2: [0..0]
unit-jgol-peer-0: 07:12:34 INFO juju.worker.uniter.operation ran "world-relation-changed" hook (via hook dispatching script: dispatch)
unit-jgol-peer-0: 07:12:34 WARNING unit.jgol-peer/0.juju-log world:0: 2: [00.0]
unit-jgol-peer-0: 07:12:34 INFO juju.worker.uniter.operation ran "world-relation-changed" hook (via hook dispatching script: dispatch)
unit-jgol-peer-0: 07:12:35 WARNING unit.jgol-peer/0.juju-log world:0: 2: [0000] --> 3
unit-jgol-peer-0: 07:12:35 INFO juju.worker.uniter.operation ran "world-relation-changed" hook (via hook dispatching script: dispatch)
unit-jgol-peer-0: 07:12:35 WARNING unit.jgol-peer/0.juju-log world:0: 3: [0...]
unit-jgol-peer-0: 07:12:35 INFO juju.worker.uniter.operation ran "world-relation-changed" hook (via hook dispatching script: dispatch)
unit-jgol-peer-0: 07:12:36 WARNING unit.jgol-peer/0.juju-log world:0: 3: [0.0.]
unit-jgol-peer-0: 07:12:36 INFO juju.worker.uniter.operation ran "world-relation-changed" hook (via hook dispatching script: dispatch)
unit-jgol-peer-0: 07:12:36 WARNING unit.jgol-peer/0.juju-log world:0: 3: [000.]
unit-jgol-peer-0: 07:12:37 INFO juju.worker.uniter.operation ran "world-relation-changed" hook (via hook dispatching script: dispatch)
unit-jgol-peer-0: 07:12:37 WARNING unit.jgol-peer/0.juju-log world:0: 3: [0000] --> 4
unit-jgol-peer-0: 07:12:37 INFO juju.worker.uniter.operation ran "world-relation-changed" hook (via hook dispatching script: dispatch)
unit-jgol-peer-0: 07:12:37 WARNING unit.jgol-peer/0.juju-log world:0: 4: [0...]
unit-jgol-peer-0: 07:12:38 INFO juju.worker.uniter.operation ran "world-relation-changed" hook (via hook dispatching script: dispatch)
unit-jgol-peer-0: 07:12:38 WARNING unit.jgol-peer/0.juju-log world:0: 4: [0.0.]
unit-jgol-peer-0: 07:12:38 INFO juju.worker.uniter.operation ran "world-relation-changed" hook (via hook dispatching script: dispatch)
unit-jgol-peer-0: 07:12:39 WARNING unit.jgol-peer/0.juju-log world:0: 4: [000.]
unit-jgol-peer-0: 07:12:39 INFO juju.worker.uniter.operation ran "world-relation-changed" hook (via hook dispatching script: dispatch)
unit-jgol-peer-0: 07:12:39 WARNING unit.jgol-peer/0.juju-log world:0: 4: [0000] --> 5
unit-jgol-peer-0: 07:12:39 INFO juju.worker.uniter.operation ran "world-relation-changed" hook (via hook dispatching script: dispatch)
unit-jgol-peer-0: 07:12:40 WARNING unit.jgol-peer/0.juju-log world:0: 5: [0...]
unit-jgol-peer-0: 07:12:40 INFO juju.worker.uniter.operation ran "world-relation-changed" hook (via hook dispatching script: dispatch)
unit-jgol-peer-0: 07:12:40 WARNING unit.jgol-peer/0.juju-log world:0: 5: [0.0.]
unit-jgol-peer-0: 07:12:41 INFO juju.worker.uniter.operation ran "world-relation-changed" hook (via hook dispatching script: dispatch)
unit-jgol-peer-0: 07:12:41 WARNING unit.jgol-peer/0.juju-log world:0: 5: [000.]
unit-jgol-peer-0: 07:12:41 INFO juju.worker.uniter.operation ran "world-relation-changed" hook (via hook dispatching script: dispatch)
unit-jgol-peer-0: 07:12:41 WARNING unit.jgol-peer/0.juju-log world:0: 5: [0000] --> 6
unit-jgol-peer-0: 07:12:42 INFO juju.worker.uniter.operation ran "world-relation-changed" hook (via hook dispatching script: dispatch)
unit-jgol-peer-0: 07:12:42 WARNING unit.jgol-peer/0.juju-log world:0: 6: [0...]
unit-jgol-peer-0: 07:12:42 INFO juju.worker.uniter.operation ran "world-relation-changed" hook (via hook dispatching script: dispatch)
unit-jgol-peer-0: 07:12:43 WARNING unit.jgol-peer/0.juju-log world:0: 6: [00..]
unit-jgol-peer-0: 07:12:43 INFO juju.worker.uniter.operation ran "world-relation-changed" hook (via hook dispatching script: dispatch)
unit-jgol-peer-0: 07:12:43 WARNING unit.jgol-peer/0.juju-log world:0: 6: [000.]
unit-jgol-peer-0: 07:12:43 INFO juju.worker.uniter.operation ran "world-relation-changed" hook (via hook dispatching script: dispatch)
unit-jgol-peer-0: 07:12:44 WARNING unit.jgol-peer/0.juju-log world:0: 6: [0000] --> 7
unit-jgol-peer-0: 07:12:44 INFO juju.worker.uniter.operation ran "world-relation-changed" hook (via hook dispatching script: dispatch)
unit-jgol-peer-0: 07:12:44 WARNING unit.jgol-peer/0.juju-log world:0: 7: [0...]
unit-jgol-peer-0: 07:12:44 INFO juju.worker.uniter.operation ran "world-relation-changed" hook (via hook dispatching script: dispatch)
unit-jgol-peer-0: 07:12:45 WARNING unit.jgol-peer/0.juju-log world:0: 7: [0..0]
unit-jgol-peer-0: 07:12:45 INFO juju.worker.uniter.operation ran "world-relation-changed" hook (via hook dispatching script: dispatch)
unit-jgol-peer-0: 07:12:45 WARNING unit.jgol-peer/0.juju-log world:0: 7: [00.0]
unit-jgol-peer-0: 07:12:46 INFO juju.worker.uniter.operation ran "world-relation-changed" hook (via hook dispatching script: dispatch)
unit-jgol-peer-0: 07:12:46 WARNING unit.jgol-peer/0.juju-log world:0: 7: [0000] --> 8
unit-jgol-peer-0: 07:12:46 INFO juju.worker.uniter.operation ran "world-relation-changed" hook (via hook dispatching script: dispatch)
unit-jgol-peer-0: 07:12:47 WARNING unit.jgol-peer/0.juju-log world:0: 8: [0...]
unit-jgol-peer-0: 07:12:47 INFO juju.worker.uniter.operation ran "world-relation-changed" hook (via hook dispatching script: dispatch)
unit-jgol-peer-0: 07:12:47 WARNING unit.jgol-peer/0.juju-log world:0: 8: [0..0]
unit-jgol-peer-0: 07:12:48 INFO juju.worker.uniter.operation ran "world-relation-changed" hook (via hook dispatching script: dispatch)
unit-jgol-peer-0: 07:12:48 WARNING unit.jgol-peer/0.juju-log world:0: 8: [00.0]
unit-jgol-peer-0: 07:12:48 INFO juju.worker.uniter.operation ran "world-relation-changed" hook (via hook dispatching script: dispatch)
unit-jgol-peer-0: 07:12:48 WARNING unit.jgol-peer/0.juju-log world:0: 8: [0000] --> 9
unit-jgol-peer-0: 07:12:49 INFO juju.worker.uniter.operation ran "world-relation-changed" hook (via hook dispatching script: dispatch)
unit-jgol-peer-0: 07:12:49 WARNING unit.jgol-peer/0.juju-log world:0: 9: [0...]
unit-jgol-peer-0: 07:12:49 INFO juju.worker.uniter.operation ran "world-relation-changed" hook (via hook dispatching script: dispatch)
unit-jgol-peer-0: 07:12:50 WARNING unit.jgol-peer/0.juju-log world:0: 9: [0..0]
unit-jgol-peer-0: 07:12:50 INFO juju.worker.uniter.operation ran "world-relation-changed" hook (via hook dispatching script: dispatch)
unit-jgol-peer-0: 07:12:50 WARNING unit.jgol-peer/0.juju-log world:0: 9: [00.0]
unit-jgol-peer-0: 07:12:50 INFO juju.worker.uniter.operation ran "world-relation-changed" hook (via hook dispatching script: dispatch)
unit-jgol-peer-0: 07:12:51 WARNING unit.jgol-peer/0.juju-log world:0: 9: [0000] --> 10
unit-jgol-peer-0: 07:12:51 INFO juju.worker.uniter.operation ran "world-relation-changed" hook (via hook dispatching script: dispatch)
unit-jgol-peer-0: 07:12:51 WARNING unit.jgol-peer/0.juju-log world:0: 10: [0...]
unit-jgol-peer-0: 07:12:51 INFO juju.worker.uniter.operation ran "world-relation-changed" hook (via hook dispatching script: dispatch)
unit-jgol-peer-0: 07:12:52 WARNING unit.jgol-peer/0.juju-log world:0: 10: [0.0.]
unit-jgol-peer-0: 07:12:52 INFO juju.worker.uniter.operation ran "world-relation-changed" hook (via hook dispatching script: dispatch)
unit-jgol-peer-0: 07:12:52 WARNING unit.jgol-peer/0.juju-log world:0: 10: [000.]
unit-jgol-peer-0: 07:12:53 INFO juju.worker.uniter.operation ran "world-relation-changed" hook (via hook dispatching script: dispatch)
unit-jgol-peer-0: 07:12:53 WARNING unit.jgol-peer/0.juju-log world:0: 10: [0000] --> 11
unit-jgol-peer-0: 07:12:53 INFO juju.worker.uniter.operation ran "world-relation-changed" hook (via hook dispatching script: dispatch)
unit-jgol-peer-0: 07:12:53 WARNING unit.jgol-peer/0.juju-log world:0: 11: [0...]
unit-jgol-peer-0: 07:12:54 INFO juju.worker.uniter.operation ran "world-relation-changed" hook (via hook dispatching script: dispatch)
unit-jgol-peer-0: 07:12:54 WARNING unit.jgol-peer/0.juju-log world:0: 11: [00..]
unit-jgol-peer-0: 07:12:54 INFO juju.worker.uniter.operation ran "world-relation-changed" hook (via hook dispatching script: dispatch)
unit-jgol-peer-0: 07:12:55 WARNING unit.jgol-peer/0.juju-log world:0: 11: [000.]
unit-jgol-peer-0: 07:12:55 INFO juju.worker.uniter.operation ran "world-relation-changed" hook (via hook dispatching script: dispatch)
unit-jgol-peer-0: 07:12:55 WARNING unit.jgol-peer/0.juju-log world:0: 11: [0000] --> 12
unit-jgol-peer-0: 07:12:55 INFO juju.worker.uniter.operation ran "world-relation-changed" hook (via hook dispatching script: dispatch)
unit-jgol-peer-0: 07:12:56 WARNING unit.jgol-peer/0.juju-log world:0: 12: [0...]
unit-jgol-peer-0: 07:12:56 INFO juju.worker.uniter.operation ran "world-relation-changed" hook (via hook dispatching script: dispatch)
unit-jgol-peer-0: 07:12:56 WARNING unit.jgol-peer/0.juju-log world:0: 12: [0.0.]
unit-jgol-peer-0: 07:12:57 INFO juju.worker.uniter.operation ran "world-relation-changed" hook (via hook dispatching script: dispatch)
unit-jgol-peer-0: 07:12:57 WARNING unit.jgol-peer/0.juju-log world:0: 12: [000.]
unit-jgol-peer-0: 07:12:57 INFO juju.worker.uniter.operation ran "world-relation-changed" hook (via hook dispatching script: dispatch)
unit-jgol-peer-0: 07:12:57 WARNING unit.jgol-peer/0.juju-log world:0: 12: [0000] --> 13
unit-jgol-peer-0: 07:12:58 INFO juju.worker.uniter.operation ran "world-relation-changed" hook (via hook dispatching script: dispatch)
unit-jgol-peer-0: 07:12:58 WARNING unit.jgol-peer/0.juju-log world:0: 13: [0...]
unit-jgol-peer-0: 07:12:58 INFO juju.worker.uniter.operation ran "world-relation-changed" hook (via hook dispatching script: dispatch)
unit-jgol-peer-0: 07:12:59 WARNING unit.jgol-peer/0.juju-log world:0: 13: [00..]
unit-jgol-peer-0: 07:12:59 INFO juju.worker.uniter.operation ran "world-relation-changed" hook (via hook dispatching script: dispatch)
unit-jgol-peer-0: 07:12:59 WARNING unit.jgol-peer/0.juju-log world:0: 13: [000.]
unit-jgol-peer-0: 07:12:59 INFO juju.worker.uniter.operation ran "world-relation-changed" hook (via hook dispatching script: dispatch)
unit-jgol-peer-0: 07:13:00 WARNING unit.jgol-peer/0.juju-log world:0: 13: [0000] --> 14
unit-jgol-peer-0: 07:13:00 INFO juju.worker.uniter.operation ran "world-relation-changed" hook (via hook dispatching script: dispatch)
unit-jgol-peer-0: 07:13:00 WARNING unit.jgol-peer/0.juju-log world:0: 14: [0...]
unit-jgol-peer-0: 07:13:00 INFO juju.worker.uniter.operation ran "world-relation-changed" hook (via hook dispatching script: dispatch)
unit-jgol-peer-0: 07:13:01 WARNING unit.jgol-peer/0.juju-log world:0: 14: [0..0]
unit-jgol-peer-0: 07:13:01 INFO juju.worker.uniter.operation ran "world-relation-changed" hook (via hook dispatching script: dispatch)
unit-jgol-peer-0: 07:13:01 WARNING unit.jgol-peer/0.juju-log world:0: 14: [00.0]
unit-jgol-peer-0: 07:13:02 INFO juju.worker.uniter.operation ran "world-relation-changed" hook (via hook dispatching script: dispatch)
unit-jgol-peer-0: 07:13:02 WARNING unit.jgol-peer/0.juju-log world:0: 14: [0000] --> 15
unit-jgol-peer-0: 07:13:02 INFO juju.worker.uniter.operation ran "world-relation-changed" hook (via hook dispatching script: dispatch)
unit-jgol-peer-0: 07:13:02 WARNING unit.jgol-peer/0.juju-log world:0: 15: [0...]
unit-jgol-peer-0: 07:13:03 INFO juju.worker.uniter.operation ran "world-relation-changed" hook (via hook dispatching script: dispatch)
unit-jgol-peer-0: 07:13:03 WARNING unit.jgol-peer/0.juju-log world:0: 15: [0..0]
unit-jgol-peer-0: 07:13:03 INFO juju.worker.uniter.operation ran "world-relation-changed" hook (via hook dispatching script: dispatch)
unit-jgol-peer-0: 07:13:04 WARNING unit.jgol-peer/0.juju-log world:0: 15: [00.0]
unit-jgol-peer-0: 07:13:04 INFO juju.worker.uniter.operation ran "world-relation-changed" hook (via hook dispatching script: dispatch)
unit-jgol-peer-0: 07:13:04 WARNING unit.jgol-peer/0.juju-log world:0: 15: [0000] --> 16
unit-jgol-peer-0: 07:13:04 INFO juju.worker.uniter.operation ran "world-relation-changed" hook (via hook dispatching script: dispatch)
unit-jgol-peer-0: 07:13:05 WARNING unit.jgol-peer/0.juju-log world:0: 16: [0...]
unit-jgol-peer-0: 07:13:05 INFO juju.worker.uniter.operation ran "world-relation-changed" hook (via hook dispatching script: dispatch)
unit-jgol-peer-0: 07:13:05 WARNING unit.jgol-peer/0.juju-log world:0: 16: [00..]
unit-jgol-peer-0: 07:13:06 INFO juju.worker.uniter.operation ran "world-relation-changed" hook (via hook dispatching script: dispatch)
unit-jgol-peer-0: 07:13:06 WARNING unit.jgol-peer/0.juju-log world:0: 16: [000.]
unit-jgol-peer-0: 07:13:06 INFO juju.worker.uniter.operation ran "world-relation-changed" hook (via hook dispatching script: dispatch)
unit-jgol-peer-0: 07:13:06 WARNING unit.jgol-peer/0.juju-log world:0: 16: [0000] --> 17
unit-jgol-peer-0: 07:13:07 INFO juju.worker.uniter.operation ran "world-relation-changed" hook (via hook dispatching script: dispatch)
unit-jgol-peer-0: 07:13:07 WARNING unit.jgol-peer/0.juju-log world:0: 17: [0...]
unit-jgol-peer-0: 07:13:07 INFO juju.worker.uniter.operation ran "world-relation-changed" hook (via hook dispatching script: dispatch)
unit-jgol-peer-0: 07:13:08 WARNING unit.jgol-peer/0.juju-log world:0: 17: [0.0.]
unit-jgol-peer-0: 07:13:08 INFO juju.worker.uniter.operation ran "world-relation-changed" hook (via hook dispatching script: dispatch)
unit-jgol-peer-0: 07:13:08 WARNING unit.jgol-peer/0.juju-log world:0: 17: [000.]
unit-jgol-peer-0: 07:13:08 INFO juju.worker.uniter.operation ran "world-relation-changed" hook (via hook dispatching script: dispatch)
unit-jgol-peer-0: 07:13:09 WARNING unit.jgol-peer/0.juju-log world:0: 17: [0000] --> 18
unit-jgol-peer-0: 07:13:09 INFO juju.worker.uniter.operation ran "world-relation-changed" hook (via hook dispatching script: dispatch)
unit-jgol-peer-0: 07:13:09 WARNING unit.jgol-peer/0.juju-log world:0: 18: [0...]
unit-jgol-peer-0: 07:13:09 INFO juju.worker.uniter.operation ran "world-relation-changed" hook (via hook dispatching script: dispatch)
unit-jgol-peer-0: 07:13:10 WARNING unit.jgol-peer/0.juju-log world:0: 18: [0..0]
unit-jgol-peer-0: 07:13:10 INFO juju.worker.uniter.operation ran "world-relation-changed" hook (via hook dispatching script: dispatch)
unit-jgol-peer-0: 07:13:10 WARNING unit.jgol-peer/0.juju-log world:0: 18: [00.0]
unit-jgol-peer-0: 07:13:11 INFO juju.worker.uniter.operation ran "world-relation-changed" hook (via hook dispatching script: dispatch)
unit-jgol-peer-0: 07:13:11 WARNING unit.jgol-peer/0.juju-log world:0: 18: [0000] --> 19
unit-jgol-peer-0: 07:13:11 INFO juju.worker.uniter.operation ran "world-relation-changed" hook (via hook dispatching script: dispatch)
unit-jgol-peer-0: 07:13:12 WARNING unit.jgol-peer/0.juju-log world:0: 19: [0...]
unit-jgol-peer-0: 07:13:12 INFO juju.worker.uniter.operation ran "world-relation-changed" hook (via hook dispatching script: dispatch)
unit-jgol-peer-0: 07:13:12 WARNING unit.jgol-peer/0.juju-log world:0: 19: [0..0]
unit-jgol-peer-0: 07:13:13 INFO juju.worker.uniter.operation ran "world-relation-changed" hook (via hook dispatching script: dispatch)
unit-jgol-peer-0: 07:13:13 WARNING unit.jgol-peer/0.juju-log world:0: 19: [00.0]
unit-jgol-peer-0: 07:13:13 INFO juju.worker.uniter.operation ran "world-relation-changed" hook (via hook dispatching script: dispatch)
unit-jgol-peer-0: 07:13:13 WARNING unit.jgol-peer/0.juju-log world:0: 19: [0000] --> 20
unit-jgol-peer-0: 07:13:14 INFO juju.worker.uniter.operation ran "world-relation-changed" hook (via hook dispatching script: dispatch)
unit-jgol-peer-0: 07:13:14 WARNING unit.jgol-peer/0.juju-log world:0: 20: [0...]
unit-jgol-peer-0: 07:13:14 INFO juju.worker.uniter.operation ran "world-relation-changed" hook (via hook dispatching script: dispatch)
unit-jgol-peer-0: 07:13:15 WARNING unit.jgol-peer/0.juju-log world:0: 20: [0.0.]
unit-jgol-peer-0: 07:13:15 INFO juju.worker.uniter.operation ran "world-relation-changed" hook (via hook dispatching script: dispatch)
unit-jgol-peer-0: 07:13:15 WARNING unit.jgol-peer/0.juju-log world:0: 20: [000.]
unit-jgol-peer-0: 07:13:15 INFO juju.worker.uniter.operation ran "world-relation-changed" hook (via hook dispatching script: dispatch)
unit-jgol-peer-0: 07:13:16 WARNING unit.jgol-peer/0.juju-log world:0: 20: [0000] --> 21
unit-jgol-peer-0: 07:13:16 INFO juju.worker.uniter.operation ran "world-relation-changed" hook (via hook dispatching script: dispatch)
unit-jgol-peer-0: 07:13:16 WARNING unit.jgol-peer/0.juju-log world:0: 21: [0...]
unit-jgol-peer-0: 07:13:16 INFO juju.worker.uniter.operation ran "world-relation-changed" hook (via hook dispatching script: dispatch)
unit-jgol-peer-0: 07:13:17 WARNING unit.jgol-peer/0.juju-log world:0: 21: [0.0.]
unit-jgol-peer-0: 07:13:17 INFO juju.worker.uniter.operation ran "world-relation-changed" hook (via hook dispatching script: dispatch)
unit-jgol-peer-0: 07:13:17 WARNING unit.jgol-peer/0.juju-log world:0: 21: [000.]
unit-jgol-peer-0: 07:13:18 INFO juju.worker.uniter.operation ran "world-relation-changed" hook (via hook dispatching script: dispatch)
unit-jgol-peer-0: 07:13:18 WARNING unit.jgol-peer/0.juju-log world:0: 21: [0000] --> 22
unit-jgol-peer-0: 07:13:18 INFO juju.worker.uniter.operation ran "world-relation-changed" hook (via hook dispatching script: dispatch)
unit-jgol-peer-0: 07:13:18 WARNING unit.jgol-peer/0.juju-log world:0: 22: [0...]
unit-jgol-peer-0: 07:13:19 INFO juju.worker.uniter.operation ran "world-relation-changed" hook (via hook dispatching script: dispatch)
unit-jgol-peer-0: 07:13:19 WARNING unit.jgol-peer/0.juju-log world:0: 22: [00..]
unit-jgol-peer-0: 07:13:19 INFO juju.worker.uniter.operation ran "world-relation-changed" hook (via hook dispatching script: dispatch)
unit-jgol-peer-0: 07:13:20 WARNING unit.jgol-peer/0.juju-log world:0: 22: [000.]
unit-jgol-peer-0: 07:13:20 INFO juju.worker.uniter.operation ran "world-relation-changed" hook (via hook dispatching script: dispatch)
unit-jgol-peer-0: 07:13:20 WARNING unit.jgol-peer/0.juju-log world:0: 22: [0000] --> 23
unit-jgol-peer-0: 07:13:20 INFO juju.worker.uniter.operation ran "world-relation-changed" hook (via hook dispatching script: dispatch)
unit-jgol-peer-0: 07:13:21 WARNING unit.jgol-peer/0.juju-log world:0: 23: [0...]
unit-jgol-peer-0: 07:13:21 INFO juju.worker.uniter.operation ran "world-relation-changed" hook (via hook dispatching script: dispatch)
unit-jgol-peer-0: 07:13:21 WARNING unit.jgol-peer/0.juju-log world:0: 23: [0.0.]
unit-jgol-peer-0: 07:13:22 INFO juju.worker.uniter.operation ran "world-relation-changed" hook (via hook dispatching script: dispatch)
unit-jgol-peer-0: 07:13:22 WARNING unit.jgol-peer/0.juju-log world:0: 23: [000.]
unit-jgol-peer-0: 07:13:22 INFO juju.worker.uniter.operation ran "world-relation-changed" hook (via hook dispatching script: dispatch)
unit-jgol-peer-0: 07:13:22 WARNING unit.jgol-peer/0.juju-log world:0: 23: [0000] --> 24
unit-jgol-peer-0: 07:13:23 INFO juju.worker.uniter.operation ran "world-relation-changed" hook (via hook dispatching script: dispatch)
unit-jgol-peer-0: 07:13:23 WARNING unit.jgol-peer/0.juju-log world:0: 24: [0...]
unit-jgol-peer-0: 07:13:23 INFO juju.worker.uniter.operation ran "world-relation-changed" hook (via hook dispatching script: dispatch)
unit-jgol-peer-0: 07:13:24 WARNING unit.jgol-peer/0.juju-log world:0: 24: [0..0]
unit-jgol-peer-0: 07:13:24 INFO juju.worker.uniter.operation ran "world-relation-changed" hook (via hook dispatching script: dispatch)
unit-jgol-peer-0: 07:13:24 WARNING unit.jgol-peer/0.juju-log world:0: 24: [00.0]
unit-jgol-peer-0: 07:13:24 INFO juju.worker.uniter.operation ran "world-relation-changed" hook (via hook dispatching script: dispatch)
unit-jgol-peer-0: 07:13:25 WARNING unit.jgol-peer/0.juju-log world:0: 24: [0000] --> 25
unit-jgol-peer-0: 07:13:25 INFO juju.worker.uniter.operation ran "world-relation-changed" hook (via hook dispatching script: dispatch)
unit-jgol-peer-0: 07:13:25 WARNING unit.jgol-peer/0.juju-log world:0: 25: [0...]
unit-jgol-peer-0: 07:13:25 INFO juju.worker.uniter.operation ran "world-relation-changed" hook (via hook dispatching script: dispatch)
unit-jgol-peer-0: 07:13:26 WARNING unit.jgol-peer/0.juju-log world:0: 25: [00..]
unit-jgol-peer-0: 07:13:26 INFO juju.worker.uniter.operation ran "world-relation-changed" hook (via hook dispatching script: dispatch)
unit-jgol-peer-0: 07:13:26 WARNING unit.jgol-peer/0.juju-log world:0: 25: [000.]
unit-jgol-peer-0: 07:13:27 INFO juju.worker.uniter.operation ran "world-relation-changed" hook (via hook dispatching script: dispatch)
unit-jgol-peer-0: 07:13:27 WARNING unit.jgol-peer/0.juju-log world:0: 25: [0000] --> 26
unit-jgol-peer-0: 07:13:27 INFO juju.worker.uniter.operation ran "world-relation-changed" hook (via hook dispatching script: dispatch)
unit-jgol-peer-0: 07:13:27 WARNING unit.jgol-peer/0.juju-log world:0: 26: [0...]
unit-jgol-peer-0: 07:13:28 INFO juju.worker.uniter.operation ran "world-relation-changed" hook (via hook dispatching script: dispatch)
unit-jgol-peer-0: 07:13:28 WARNING unit.jgol-peer/0.juju-log Resetting... [0...]
unit-jgol-peer-0: 07:13:28 INFO juju.worker.uniter.operation ran "config-changed" hook (via hook dispatching script: dispatch)
unit-jgol-peer-0: 07:13:29 WARNING unit.jgol-peer/0.juju-log world:0: Resetting... [.000]
unit-jgol-peer-0: 07:13:29 INFO juju.worker.uniter.operation ran "world-relation-changed" hook (via hook dispatching script: dispatch)
unit-jgol-peer-0: 07:13:29 WARNING unit.jgol-peer/0.juju-log world:0: Resetting... [.0..]
unit-jgol-peer-0: 07:13:29 INFO juju.worker.uniter.operation ran "world-relation-changed" hook (via hook dispatching script: dispatch)
unit-jgol-peer-0: 07:13:30 WARNING unit.jgol-peer/0.juju-log world:0: Resetting... [..00]
unit-jgol-peer-0: 07:13:30 INFO juju.worker.uniter.operation ran "world-relation-changed" hook (via hook dispatching script: dispatch)
unit-jgol-peer-0: 07:13:30 WARNING unit.jgol-peer/0.juju-log world:0: Resetting... [...0]
unit-jgol-peer-0: 07:13:30 INFO juju.worker.uniter.operation ran "world-relation-changed" hook (via hook dispatching script: dispatch)
unit-jgol-peer-0: 07:13:31 WARNING unit.jgol-peer/0.juju-log world:0: Reset [0001]
unit-jgol-peer-0: 07:13:31 INFO juju.worker.uniter.operation ran "world-relation-changed" hook (via hook dispatching script: dispatch)
