Nov 04 17:16:50 Resetting... [.........................]
Nov 04 17:16:50 Reset [0........................]
Nov 04 17:16:50 Reset [0001110001010101111110001]
Nov 04 17:16:50 0: [0001110001010101111110001] --> 0
Nov 04 17:16:50 0: [0........................]
Nov 04 17:16:50 0: [0001100101000001000110101] --> 1
Nov 04 17:16:50 1: [0........................]
Nov 04 17:16:50 1: [0001100001000100101001010] --> 2
Nov 04 17:16:50 2: [0........................]
Nov 04 17:16:50 2: [0001100001001110001100000] --> 3
Nov 04 17:16:50 3: [0........................]
Nov 04 17:16:50 3: [0001100100001000010100000] --> 4
Nov 04 17:16:50 4: [0........................]
Nov 04 17:16:50 4: [0001000100011000001000000] --> 5
Nov 04 17:16:50 5: [0........................]
Nov 04 17:16:50 5: [0000001110011100010000000] --> 6
Nov 04 17:16:50 6: [0........................]
Nov 04 17:16:50 6: [0010001010000000111000000] --> 7
Nov 04 17:16:50 7: [0........................]
Nov 04 17:16:51 7: [0010000100010100010000100] --> 8
Nov 04 17:16:51 8: [0........................]
Nov 04 17:16:51 8: [0000001110010100111000000] --> 9
Nov 04 17:16:51 9: [0........................]
Nov 04 17:16:51 9: [0010001010100010101000100] --> 10
Nov 04 17:16:51 10: [0........................]
Nov 04 17:16:51 10: [0010001110110110111000100] --> 11
Nov 04 17:16:51 11: [0........................]
Nov 04 17:16:51 11: [0111010001100011000101110] --> 12
Nov 04 17:16:51 12: [0........................]
Nov 04 17:16:51 12: [0111010101110111010101110] --> 13
Nov 04 17:16:51 13: [0........................]
Nov 04 17:16:51 13: [0111010001100011000101110] --> 14
Nov 04 17:16:51 14: [0........................]
Nov 04 17:16:51 14: [0111010101110111010101110] --> 15
Nov 04 17:16:51 15: [0........................]
Nov 04 17:16:51 15: [0111010001100011000101110] --> 16
Nov 04 17:16:51 16: [0........................]
Nov 04 17:16:51 16: [0111010101110111010101110] --> 17
Nov 04 17:16:51 17: [0........................]
Nov 04 17:16:51 17: [0111010001100011000101110] --> 18
Nov 04 17:16:51 18: [0........................]
Nov 04 17:16:51 18: [0111010101110111010101110] --> 19
Nov 04 17:16:51 19: [0........................]
Nov 04 17:16:51 19: [0111010001100011000101110] --> 20
Nov 04 17:16:51 20: [0........................]
Nov 04 17:16:51 20: [0111010101110111010101110] --> 21
Nov 04 17:16:51 21: [0........................]
Nov 04 17:16:51 21: [0111010001100011000101110] --> 22
Nov 04 17:16:51 22: [0........................]
Nov 04 17:16:51 22: [0111010101110111010101110] --> 23
Nov 04 17:16:52 23: [0........................]
Nov 04 17:16:52 23: [0111010001100011000101110] --> 24
Nov 04 17:16:52 24: [0........................]
Nov 04 17:16:52 24: [0111010101110111010101110] --> 25
Nov 04 17:16:52 25: [0........................]
Nov 04 17:16:52 25: [0111010001100011000101110] --> 26
Nov 04 17:16:52 26: [0........................]
Nov 04 17:16:52 26: [0111010101110111010101110] --> 27
Nov 04 17:16:52 27: [0........................]
Nov 04 17:16:52 27: [0111010001100011000101110] --> 28
Nov 04 17:16:52 28: [0........................]
Nov 04 17:16:52 28: [0111010101110111010101110] --> 29
Nov 04 17:16:52 29: [0........................]
Nov 04 17:16:52 29: [0111010001100011000101110] --> 30
Nov 04 17:16:52 30: [0........................]
Nov 04 17:16:52 30: [0111010101110111010101110] --> 31
Nov 04 17:16:52 31: [0........................]
Nov 04 17:16:52 31: [0111010001100011000101110] --> 32
Nov 04 17:16:52 32: [0........................]
Nov 04 17:16:52 32: [0111010101110111010101110] --> 33
Nov 04 17:16:52 33: [0........................]
Nov 04 17:16:52 33: [0111010001100011000101110] --> 34
Nov 04 17:16:52 34: [0........................]
Nov 04 17:16:52 34: [0111010101110111010101110] --> 35
Nov 04 17:16:52 35: [0........................]
Nov 04 17:16:52 35: [0111010001100011000101110] --> 36
Nov 04 17:16:52 36: [0........................]
Nov 04 17:16:52 36: [0111010101110111010101110] --> 37
Nov 04 17:16:53 37: [0........................]
Nov 04 17:16:53 37: [0111010001100011000101110] --> 38
Nov 04 17:16:53 38: [0........................]
Nov 04 17:16:53 38: [0111010101110111010101110] --> 39
Nov 04 17:16:53 39: [0........................]
Nov 04 17:16:53 39: [0111010001100011000101110] --> 40
Nov 04 17:16:53 40: [0........................]
Nov 04 17:16:53 40: [0111010101110111010101110] --> 41
Nov 04 17:16:53 41: [0........................]
Nov 04 17:16:53 41: [0111010001100011000101110] --> 42
Nov 04 17:16:53 42: [0........................]
Nov 04 17:16:53 42: [0111010101110111010101110] --> 43
Nov 04 17:16:53 43: [0........................]
Nov 04 17:16:53 43: [0111010001100011000101110] --> 44
Nov 04 17:16:53 44: [0........................]
Nov 04 17:16:53 44: [0111010101110111010101110] --> 45
Nov 04 17:16:53 45: [0........................]
Nov 04 17:16:53 45: [0111010001100011000101110] --> 46
Nov 04 17:16:53 46: [0........................]
Nov 04 17:16:53 46: [0111010101110111010101110] --> 47
Nov 04 17:16:53 47: [0........................]
Nov 04 17:16:53 47: [0111010001100011000101110] --> 48
Nov 04 17:16:53 THE END
Nov 04 17:16:53 47: [0111010001100011000101110] --> 48
Nov 04 17:16:53 {'app/0': '', 'app/1': '', 'app/2': '', 'app/3': '', 'app/4': '', 'app/5': '', 'app/6': '', 'app/7': '', 'app/8': '', 'app/9': '', 'app/10': '', 'app/11': '', 'app/12': '', 'app/13': '', 'app/14': '', 'app/15': '', 'app/16': '', 'app/17': '', 'app/18': '', 'app/19': '', 'app/20': '', 'app/21': '', 'app/22': '', 'app/23': '', 'app/24': ''}
