Nov 04 17:18:43 Resetting... [....................................................................................................]
Nov 04 17:18:43 Reset [0...................................................................................................]
Nov 04 17:18:43 Reset [0001110001010101111110001110010101010101001010101000111101010111000111000101010111111000111001010101]
Nov 04 17:18:43 0: [0001110001010101111110001110010101010101001010101000111101010111000111000101010111111000111001010101] --> 0
Nov 04 17:18:43 0: [0...................................................................................................]
Nov 04 17:18:44 0: [0011010101001100010111010000010111000101010000000100000100010100010101100000110011000101011001000001] --> 1
Nov 04 17:18:44 1: [0...................................................................................................]
Nov 04 17:18:44 1: [0011101000000000100110001000010001000001010000000100000010010000010100100001010011000001001100000010] --> 2
Nov 04 17:18:44 2: [0...................................................................................................]
Nov 04 17:18:44 2: [0001010000000010000000000000110000000011000000001100000010100000010110110000011000000011101100000000] --> 3
Nov 04 17:18:44 3: [0...................................................................................................]
Nov 04 17:18:44 3: [0000100000000010000000000000110000000100000000000000000010000000000001000000000100000010100000000100] --> 4
Nov 04 17:18:44 4: [0...................................................................................................]
Nov 04 17:18:44 4: [0000000000000000000000000000100000000010000000000000000000000000000000000000001100000001100000000100] --> 5
Nov 04 17:18:44 5: [0...................................................................................................]
Nov 04 17:18:44 5: [0000000000000000000000000000000000000000000000000000000000000000000000000000011100000001010000000110] --> 6
Nov 04 17:18:45 6: [0...................................................................................................]
Nov 04 17:18:45 6: [0000000000000000000000000000000000000000000000000000000000000000000010000000010100000010010000000110] --> 7
Nov 04 17:18:45 7: [0...................................................................................................]
Nov 04 17:18:45 7: [0000000000000000000000000000000000000000000000000000000000000000000010000000010100000010010000000110] --> 8
Nov 04 17:18:45 8: [0...................................................................................................]
Nov 04 17:18:45 8: [0000000000000000000000000000000000000000000000000000000000000000000010000000010100000010010000000110] --> 9
Nov 04 17:18:45 9: [0...................................................................................................]
Nov 04 17:18:45 9: [0000000000000000000000000000000000000000000000000000000000000000000010000000010100000010010000000110] --> 10
Nov 04 17:18:45 10: [0...................................................................................................]
Nov 04 17:18:45 10: [0000000000000000000000000000000000000000000000000000000000000000000010000000010100000010010000000110] --> 11
Nov 04 17:18:46 11: [0...................................................................................................]
Nov 04 17:18:46 11: [0000000000000000000000000000000000000000000000000000000000000000000010000000010100000010010000000110] --> 12
Nov 04 17:18:46 12: [0...................................................................................................]
Nov 04 17:18:46 12: [0000000000000000000000000000000000000000000000000000000000000000000010000000010100000010010000000110] --> 13
Nov 04 17:18:46 13: [0...................................................................................................]
Nov 04 17:18:46 13: [0000000000000000000000000000000000000000000000000000000000000000000010000000010100000010010000000110] --> 14
Nov 04 17:18:46 14: [0...................................................................................................]
Nov 04 17:18:46 14: [0000000000000000000000000000000000000000000000000000000000000000000010000000010100000010010000000110] --> 15
Nov 04 17:18:46 15: [0...................................................................................................]
Nov 04 17:18:46 15: [0000000000000000000000000000000000000000000000000000000000000000000010000000010100000010010000000110] --> 16
Nov 04 17:18:47 16: [0...................................................................................................]
Nov 04 17:18:47 16: [0000000000000000000000000000000000000000000000000000000000000000000010000000010100000010010000000110] --> 17
Nov 04 17:18:47 17: [0...................................................................................................]
Nov 04 17:18:47 17: [0000000000000000000000000000000000000000000000000000000000000000000010000000010100000010010000000110] --> 18
Nov 04 17:18:47 18: [0...................................................................................................]
Nov 04 17:18:47 18: [0000000000000000000000000000000000000000000000000000000000000000000010000000010100000010010000000110] --> 19
Nov 04 17:18:47 19: [0...................................................................................................]
Nov 04 17:18:47 19: [0000000000000000000000000000000000000000000000000000000000000000000010000000010100000010010000000110] --> 20
Nov 04 17:18:47 20: [0...................................................................................................]
Nov 04 17:18:47 20: [0000000000000000000000000000000000000000000000000000000000000000000010000000010100000010010000000110] --> 21
Nov 04 17:18:48 21: [0...................................................................................................]
Nov 04 17:18:48 21: [0000000000000000000000000000000000000000000000000000000000000000000010000000010100000010010000000110] --> 22
Nov 04 17:18:48 22: [0...................................................................................................]
Nov 04 17:18:48 22: [0000000000000000000000000000000000000000000000000000000000000000000010000000010100000010010000000110] --> 23
Nov 04 17:18:48 23: [0...................................................................................................]
Nov 04 17:18:48 23: [0000000000000000000000000000000000000000000000000000000000000000000010000000010100000010010000000110] --> 24
Nov 04 17:18:48 24: [0...................................................................................................]
Nov 04 17:18:48 24: [0000000000000000000000000000000000000000000000000000000000000000000010000000010100000010010000000110] --> 25
Nov 04 17:18:48 25: [0...................................................................................................]
Nov 04 17:18:48 25: [0000000000000000000000000000000000000000000000000000000000000000000010000000010100000010010000000110] --> 26
Nov 04 17:18:49 26: [0...................................................................................................]
Nov 04 17:18:49 26: [0000000000000000000000000000000000000000000000000000000000000000000010000000010100000010010000000110] --> 27
Nov 04 17:18:49 27: [0...................................................................................................]
Nov 04 17:18:49 27: [0000000000000000000000000000000000000000000000000000000000000000000010000000010100000010010000000110] --> 28
Nov 04 17:18:49 28: [0...................................................................................................]
Nov 04 17:18:49 28: [0000000000000000000000000000000000000000000000000000000000000000000010000000010100000010010000000110] --> 29
Nov 04 17:18:49 29: [0...................................................................................................]
Nov 04 17:18:49 29: [0000000000000000000000000000000000000000000000000000000000000000000010000000010100000010010000000110] --> 30
Nov 04 17:18:49 30: [0...................................................................................................]
Nov 04 17:18:49 30: [0000000000000000000000000000000000000000000000000000000000000000000010000000010100000010010000000110] --> 31
Nov 04 17:18:50 31: [0...................................................................................................]
Nov 04 17:18:50 31: [0000000000000000000000000000000000000000000000000000000000000000000010000000010100000010010000000110] --> 32
Nov 04 17:18:50 32: [0...................................................................................................]
Nov 04 17:18:50 32: [0000000000000000000000000000000000000000000000000000000000000000000010000000010100000010010000000110] --> 33
Nov 04 17:18:50 33: [0...................................................................................................]
Nov 04 17:18:50 33: [0000000000000000000000000000000000000000000000000000000000000000000010000000010100000010010000000110] --> 34
Nov 04 17:18:50 34: [0...................................................................................................]
Nov 04 17:18:50 34: [0000000000000000000000000000000000000000000000000000000000000000000010000000010100000010010000000110] --> 35
Nov 04 17:18:50 35: [0...................................................................................................]
Nov 04 17:18:50 35: [0000000000000000000000000000000000000000000000000000000000000000000010000000010100000010010000000110] --> 36
Nov 04 17:18:51 36: [0...................................................................................................]
Nov 04 17:18:51 36: [0000000000000000000000000000000000000000000000000000000000000000000010000000010100000010010000000110] --> 37
Nov 04 17:18:51 37: [0...................................................................................................]
Nov 04 17:18:51 37: [0000000000000000000000000000000000000000000000000000000000000000000010000000010100000010010000000110] --> 38
Nov 04 17:18:51 38: [0...................................................................................................]
Nov 04 17:18:51 38: [0000000000000000000000000000000000000000000000000000000000000000000010000000010100000010010000000110] --> 39
Nov 04 17:18:51 39: [0...................................................................................................]
Nov 04 17:18:51 39: [0000000000000000000000000000000000000000000000000000000000000000000010000000010100000010010000000110] --> 40
Nov 04 17:18:51 40: [0...................................................................................................]
Nov 04 17:18:52 40: [0000000000000000000000000000000000000000000000000000000000000000000010000000010100000010010000000110] --> 41
Nov 04 17:18:52 41: [0...................................................................................................]
Nov 04 17:18:52 41: [0000000000000000000000000000000000000000000000000000000000000000000010000000010100000010010000000110] --> 42
Nov 04 17:18:52 42: [0...................................................................................................]
Nov 04 17:18:52 42: [0000000000000000000000000000000000000000000000000000000000000000000010000000010100000010010000000110] --> 43
Nov 04 17:18:52 43: [0...................................................................................................]
Nov 04 17:18:52 43: [0000000000000000000000000000000000000000000000000000000000000000000010000000010100000010010000000110] --> 44
Nov 04 17:18:52 44: [0...................................................................................................]
Nov 04 17:18:52 44: [0000000000000000000000000000000000000000000000000000000000000000000010000000010100000010010000000110] --> 45
Nov 04 17:18:53 45: [0...................................................................................................]
Nov 04 17:18:53 45: [0000000000000000000000000000000000000000000000000000000000000000000010000000010100000010010000000110] --> 46
Nov 04 17:18:53 46: [0...................................................................................................]
Nov 04 17:18:53 46: [0000000000000000000000000000000000000000000000000000000000000000000010000000010100000010010000000110] --> 47
Nov 04 17:18:53 47: [0...................................................................................................]
Nov 04 17:18:53 47: [0000000000000000000000000000000000000000000000000000000000000000000010000000010100000010010000000110] --> 48
Nov 04 17:18:53 THE END
Nov 04 17:18:53 47: [0000000000000000000000000000000000000000000000000000000000000000000010000000010100000010010000000110] --> 48
Nov 04 17:18:53 {'app/0': '', 'app/1': '', 'app/2': '', 'app/3': '', 'app/4': '', 'app/5': '', 'app/6': '', 'app/7': '', 'app/8': '', 'app/9': '', 'app/10': '', 'app/11': '', 'app/12': '', 'app/13': '', 'app/14': '', 'app/15': '', 'app/16': '', 'app/17': '', 'app/18': '', 'app/19': '', 'app/20': '', 'app/21': '', 'app/22': '', 'app/23': '', 'app/24': '', 'app/25': '', 'app/26': '', 'app/27': '', 'app/28': '', 'app/29': '', 'app/30': '', 'app/31': '', 'app/32': '', 'app/33': '', 'app/34': '', 'app/35': '', 'app/36': '', 'app/37': '', 'app/38': '', 'app/39': '', 'app/40': '', 'app/41': '', 'app/42': '', 'app/43': '', 'app/44': '', 'app/45': '', 'app/46': '', 'app/47': '', 'app/48': '', 'app/49': '', 'app/50': '', 'app/51': '', 'app/52': '', 'app/53': '', 'app/54': '', 'app/55': '', 'app/56': '', 'app/57': '', 'app/58': '', 'app/59': '', 'app/60': '', 'app/61': '', 'app/62': '', 'app/63': '', 'app/64': '', 'app/65': '', 'app/66': '', 'app/67': '', 'app/68': '', 'app/69': '', 'app/70': '', 'app/71': '', 'app/72': '', 'app/73': '', 'app/74': '', 'app/75': '', 'app/76': '', 'app/77': '', 'app/78': '', 'app/79': '', 'app/80': '', 'app/81': '', 'app/82': '', 'app/83': '', 'app/84': '', 'app/85': '', 'app/86': '', 'app/87': '', 'app/88': '', 'app/89': '', 'app/90': '', 'app/91': '', 'app/92': '', 'app/93': '', 'app/94': '', 'app/95': '', 'app/96': '', 'app/97': '', 'app/98': '', 'app/99': ''}
