Nov 04 17:16:01 Resetting... [....]
Nov 04 17:16:01 Reset [0...]
Nov 04 17:16:01 Reset [0001]
Nov 04 17:16:01 0: [0001] --> 0
Nov 04 17:16:01 0: [0...]
Nov 04 17:16:01 0: [0000] --> 1
Nov 04 17:16:01 1: [0...]
Nov 04 17:16:01 1: [0000] --> 2
Nov 04 17:16:01 2: [0...]
Nov 04 17:16:01 2: [0000] --> 3
Nov 04 17:16:01 3: [0...]
Nov 04 17:16:01 3: [0000] --> 4
Nov 04 17:16:01 4: [0...]
Nov 04 17:16:01 4: [0000] --> 5
Nov 04 17:16:01 5: [0...]
Nov 04 17:16:01 5: [0000] --> 6
Nov 04 17:16:01 6: [0...]
Nov 04 17:16:01 6: [0000] --> 7
Nov 04 17:16:01 7: [0...]
Nov 04 17:16:01 7: [0000] --> 8
Nov 04 17:16:01 8: [0...]
Nov 04 17:16:01 8: [0000] --> 9
Nov 04 17:16:01 9: [0...]
Nov 04 17:16:01 9: [0000] --> 10
Nov 04 17:16:01 10: [0...]
Nov 04 17:16:01 10: [0000] --> 11
Nov 04 17:16:01 11: [0...]
Nov 04 17:16:01 11: [0000] --> 12
Nov 04 17:16:01 12: [0...]
Nov 04 17:16:01 12: [0000] --> 13
Nov 04 17:16:01 13: [0...]
Nov 04 17:16:01 13: [0000] --> 14
Nov 04 17:16:01 14: [0...]
Nov 04 17:16:01 14: [0000] --> 15
Nov 04 17:16:01 15: [0...]
Nov 04 17:16:01 15: [0000] --> 16
Nov 04 17:16:01 16: [0...]
Nov 04 17:16:01 16: [0000] --> 17
Nov 04 17:16:01 17: [0...]
Nov 04 17:16:01 17: [0000] --> 18
Nov 04 17:16:01 18: [0...]
Nov 04 17:16:01 18: [0000] --> 19
Nov 04 17:16:01 19: [0...]
Nov 04 17:16:01 19: [0000] --> 20
Nov 04 17:16:01 20: [0...]
Nov 04 17:16:01 20: [0000] --> 21
Nov 04 17:16:01 21: [0...]
Nov 04 17:16:01 21: [0000] --> 22
Nov 04 17:16:01 22: [0...]
Nov 04 17:16:01 22: [0000] --> 23
Nov 04 17:16:01 23: [0...]
Nov 04 17:16:01 23: [0000] --> 24
Nov 04 17:16:01 24: [0...]
Nov 04 17:16:01 24: [0000] --> 25
Nov 04 17:16:01 25: [0...]
Nov 04 17:16:01 25: [0000] --> 26
Nov 04 17:16:01 26: [0...]
Nov 04 17:16:01 26: [0000] --> 27
Nov 04 17:16:01 27: [0...]
Nov 04 17:16:01 27: [0000] --> 28
Nov 04 17:16:01 28: [0...]
Nov 04 17:16:01 28: [0000] --> 29
Nov 04 17:16:01 29: [0...]
Nov 04 17:16:01 29: [0000] --> 30
Nov 04 17:16:01 30: [0...]
Nov 04 17:16:01 30: [0000] --> 31
Nov 04 17:16:01 31: [0...]
Nov 04 17:16:01 31: [0000] --> 32
Nov 04 17:16:01 32: [0...]
Nov 04 17:16:01 32: [0000] --> 33
Nov 04 17:16:01 33: [0...]
Nov 04 17:16:01 33: [0000] --> 34
Nov 04 17:16:01 34: [0...]
Nov 04 17:16:01 34: [0000] --> 35
Nov 04 17:16:01 35: [0...]
Nov 04 17:16:01 35: [0000] --> 36
Nov 04 17:16:02 36: [0...]
Nov 04 17:16:02 36: [0000] --> 37
Nov 04 17:16:02 37: [0...]
Nov 04 17:16:02 37: [0000] --> 38
Nov 04 17:16:02 38: [0...]
Nov 04 17:16:02 38: [0000] --> 39
Nov 04 17:16:02 39: [0...]
Nov 04 17:16:02 39: [0000] --> 40
Nov 04 17:16:02 40: [0...]
Nov 04 17:16:02 40: [0000] --> 41
Nov 04 17:16:02 41: [0...]
Nov 04 17:16:02 41: [0000] --> 42
Nov 04 17:16:02 42: [0...]
Nov 04 17:16:02 42: [0000] --> 43
Nov 04 17:16:02 43: [0...]
Nov 04 17:16:02 43: [0000] --> 44
Nov 04 17:16:02 44: [0...]
Nov 04 17:16:02 44: [0000] --> 45
Nov 04 17:16:02 45: [0...]
Nov 04 17:16:02 45: [0000] --> 46
Nov 04 17:16:02 46: [0...]
Nov 04 17:16:02 46: [0000] --> 47
Nov 04 17:16:02 47: [0...]
Nov 04 17:16:02 47: [0000] --> 48
Nov 04 17:16:02 THE END
Nov 04 17:16:02 47: [0000] --> 48
Nov 04 17:16:02 {'app/0': '', 'app/1': '', 'app/2': '', 'app/3': ''}
