Nov 04 17:17:37 Resetting... [.................................................]
Nov 04 17:17:37 Reset [0................................................]
Nov 04 17:17:37 Reset [0001110001010101111110001110010101010101001010101]
Nov 04 17:17:37 0: [0001110001010101111110001110010101010101001010101] --> 0
Nov 04 17:17:37 0: [0................................................]
Nov 04 17:17:37 0: [0001110010000101000010100000010001010101000000010] --> 1
Nov 04 17:17:37 1: [0................................................]
Nov 04 17:17:37 1: [0000110001010111100001110000111000001001100000000] --> 2
Nov 04 17:17:38 2: [0................................................]
Nov 04 17:17:38 2: [0001110001010010000000001000000100011100000000000] --> 3
Nov 04 17:17:38 3: [0................................................]
Nov 04 17:17:38 3: [0001110000011000010000000000010100001100000100000] --> 4
Nov 04 17:17:38 4: [0................................................]
Nov 04 17:17:38 4: [0001010000001000001000010000010000011000000110000] --> 5
Nov 04 17:17:38 5: [0................................................]
Nov 04 17:17:38 5: [0000100000001000000000000000111000010000001110000] --> 6
Nov 04 17:17:38 6: [0................................................]
Nov 04 17:17:38 6: [0000000000000000000000100000110000000000001100000] --> 7
Nov 04 17:17:38 7: [0................................................]
Nov 04 17:17:38 7: [0000000000000000000001100000110000000000000000000] --> 8
Nov 04 17:17:38 8: [0................................................]
Nov 04 17:17:38 8: [0000000000000000000001100000110000000000000000000] --> 9
Nov 04 17:17:38 9: [0................................................]
Nov 04 17:17:38 9: [0000000000000000000001100000110000000000000000000] --> 10
Nov 04 17:17:38 10: [0................................................]
Nov 04 17:17:38 10: [0000000000000000000001100000110000000000000000000] --> 11
Nov 04 17:17:38 11: [0................................................]
Nov 04 17:17:38 11: [0000000000000000000001100000110000000000000000000] --> 12
Nov 04 17:17:38 12: [0................................................]
Nov 04 17:17:39 12: [0000000000000000000001100000110000000000000000000] --> 13
Nov 04 17:17:39 13: [0................................................]
Nov 04 17:17:39 13: [0000000000000000000001100000110000000000000000000] --> 14
Nov 04 17:17:39 14: [0................................................]
Nov 04 17:17:39 14: [0000000000000000000001100000110000000000000000000] --> 15
Nov 04 17:17:39 15: [0................................................]
Nov 04 17:17:39 15: [0000000000000000000001100000110000000000000000000] --> 16
Nov 04 17:17:39 16: [0................................................]
Nov 04 17:17:39 16: [0000000000000000000001100000110000000000000000000] --> 17
Nov 04 17:17:39 17: [0................................................]
Nov 04 17:17:39 17: [0000000000000000000001100000110000000000000000000] --> 18
Nov 04 17:17:39 18: [0................................................]
Nov 04 17:17:39 18: [0000000000000000000001100000110000000000000000000] --> 19
Nov 04 17:17:39 19: [0................................................]
Nov 04 17:17:39 19: [0000000000000000000001100000110000000000000000000] --> 20
Nov 04 17:17:39 20: [0................................................]
Nov 04 17:17:39 20: [0000000000000000000001100000110000000000000000000] --> 21
Nov 04 17:17:39 21: [0................................................]
Nov 04 17:17:39 21: [0000000000000000000001100000110000000000000000000] --> 22
Nov 04 17:17:40 22: [0................................................]
Nov 04 17:17:40 22: [0000000000000000000001100000110000000000000000000] --> 23
Nov 04 17:17:40 23: [0................................................]
Nov 04 17:17:40 23: [0000000000000000000001100000110000000000000000000] --> 24
Nov 04 17:17:40 24: [0................................................]
Nov 04 17:17:40 24: [0000000000000000000001100000110000000000000000000] --> 25
Nov 04 17:17:40 25: [0................................................]
Nov 04 17:17:40 25: [0000000000000000000001100000110000000000000000000] --> 26
Nov 04 17:17:40 26: [0................................................]
Nov 04 17:17:40 26: [0000000000000000000001100000110000000000000000000] --> 27
Nov 04 17:17:40 27: [0................................................]
Nov 04 17:17:40 27: [0000000000000000000001100000110000000000000000000] --> 28
Nov 04 17:17:40 28: [0................................................]
Nov 04 17:17:40 28: [0000000000000000000001100000110000000000000000000] --> 29
Nov 04 17:17:40 29: [0................................................]
Nov 04 17:17:40 29: [0000000000000000000001100000110000000000000000000] --> 30
Nov 04 17:17:40 30: [0................................................]
Nov 04 17:17:40 30: [0000000000000000000001100000110000000000000000000] --> 31
Nov 04 17:17:40 31: [0................................................]
Nov 04 17:17:41 31: [0000000000000000000001100000110000000000000000000] --> 32
Nov 04 17:17:41 32: [0................................................]
Nov 04 17:17:41 32: [0000000000000000000001100000110000000000000000000] --> 33
Nov 04 17:17:41 33: [0................................................]
Nov 04 17:17:41 33: [0000000000000000000001100000110000000000000000000] --> 34
Nov 04 17:17:41 34: [0................................................]
Nov 04 17:17:41 34: [0000000000000000000001100000110000000000000000000] --> 35
Nov 04 17:17:41 35: [0................................................]
Nov 04 17:17:41 35: [0000000000000000000001100000110000000000000000000] --> 36
Nov 04 17:17:41 36: [0................................................]
Nov 04 17:17:41 36: [0000000000000000000001100000110000000000000000000] --> 37
Nov 04 17:17:41 37: [0................................................]
Nov 04 17:17:41 37: [0000000000000000000001100000110000000000000000000] --> 38
Nov 04 17:17:41 38: [0................................................]
Nov 04 17:17:41 38: [0000000000000000000001100000110000000000000000000] --> 39
Nov 04 17:17:41 39: [0................................................]
Nov 04 17:17:41 39: [0000000000000000000001100000110000000000000000000] --> 40
Nov 04 17:17:41 40: [0................................................]
Nov 04 17:17:41 40: [0000000000000000000001100000110000000000000000000] --> 41
Nov 04 17:17:42 41: [0................................................]
Nov 04 17:17:42 41: [0000000000000000000001100000110000000000000000000] --> 42
Nov 04 17:17:42 42: [0................................................]
Nov 04 17:17:42 42: [0000000000000000000001100000110000000000000000000] --> 43
Nov 04 17:17:42 43: [0................................................]
Nov 04 17:17:42 43: [0000000000000000000001100000110000000000000000000] --> 44
Nov 04 17:17:42 44: [0................................................]
Nov 04 17:17:42 44: [0000000000000000000001100000110000000000000000000] --> 45
Nov 04 17:17:42 45: [0................................................]
Nov 04 17:17:42 45: [0000000000000000000001100000110000000000000000000] --> 46
Nov 04 17:17:42 46: [0................................................]
Nov 04 17:17:42 46: [0000000000000000000001100000110000000000000000000] --> 47
Nov 04 17:17:42 47: [0................................................]
Nov 04 17:17:42 47: [0000000000000000000001100000110000000000000000000] --> 48
Nov 04 17:17:42 THE END
Nov 04 17:17:42 47: [0000000000000000000001100000110000000000000000000] --> 48
Nov 04 17:17:42 {'app/0': '', 'app/1': '', 'app/2': '', 'app/3': '', 'app/4': '', 'app/5': '', 'app/6': '', 'app/7': '', 'app/8': '', 'app/9': '', 'app/10': '', 'app/11': '', 'app/12': '', 'app/13': '', 'app/14': '', 'app/15': '', 'app/16': '', 'app/17': '', 'app/18': '', 'app/19': '', 'app/20': '', 'app/21': '', 'app/22': '', 'app/23': '', 'app/24': '', 'app/25': '', 'app/26': '', 'app/27': '', 'app/28': '', 'app/29': '', 'app/30': '', 'app/31': '', 'app/32': '', 'app/33': '', 'app/34': '', 'app/35': '', 'app/36': '', 'app/37': '', 'app/38': '', 'app/39': '', 'app/40': '', 'app/41': '', 'app/42': '', 'app/43': '', 'app/44': '', 'app/45': '', 'app/46': '', 'app/47': '', 'app/48': ''}
