Nov 04 17:15:49 Resetting... [.]
Nov 04 17:15:49 Reset [0]
Nov 04 17:15:49 Reset [0]
Nov 04 17:15:49 0: [0] --> 0
Nov 04 17:15:49 0: [0] --> 1
Nov 04 17:15:49 1: [0] --> 2
Nov 04 17:15:49 2: [0] --> 3
Nov 04 17:15:49 3: [0] --> 4
Nov 04 17:15:49 4: [0] --> 5
Nov 04 17:15:49 5: [0] --> 6
Nov 04 17:15:49 6: [0] --> 7
Nov 04 17:15:49 7: [0] --> 8
Nov 04 17:15:49 8: [0] --> 9
Nov 04 17:15:49 9: [0] --> 10
Nov 04 17:15:49 10: [0] --> 11
Nov 04 17:15:49 11: [0] --> 12
Nov 04 17:15:49 12: [0] --> 13
Nov 04 17:15:49 13: [0] --> 14
Nov 04 17:15:50 14: [0] --> 15
Nov 04 17:15:50 15: [0] --> 16
Nov 04 17:15:50 16: [0] --> 17
Nov 04 17:15:50 17: [0] --> 18
Nov 04 17:15:50 18: [0] --> 19
Nov 04 17:15:50 19: [0] --> 20
Nov 04 17:15:50 20: [0] --> 21
Nov 04 17:15:50 21: [0] --> 22
Nov 04 17:15:50 22: [0] --> 23
Nov 04 17:15:50 23: [0] --> 24
Nov 04 17:15:50 24: [0] --> 25
Nov 04 17:15:50 25: [0] --> 26
Nov 04 17:15:50 26: [0] --> 27
Nov 04 17:15:50 27: [0] --> 28
Nov 04 17:15:50 28: [0] --> 29
Nov 04 17:15:50 29: [0] --> 30
Nov 04 17:15:50 30: [0] --> 31
Nov 04 17:15:50 31: [0] --> 32
Nov 04 17:15:50 32: [0] --> 33
Nov 04 17:15:50 33: [0] --> 34
Nov 04 17:15:50 34: [0] --> 35
Nov 04 17:15:50 35: [0] --> 36
Nov 04 17:15:50 36: [0] --> 37
Nov 04 17:15:50 37: [0] --> 38
Nov 04 17:15:50 38: [0] --> 39
Nov 04 17:15:50 39: [0] --> 40
Nov 04 17:15:50 40: [0] --> 41
Nov 04 17:15:50 41: [0] --> 42
Nov 04 17:15:50 42: [0] --> 43
Nov 04 17:15:50 43: [0] --> 44
Nov 04 17:15:50 44: [0] --> 45
Nov 04 17:15:50 45: [0] --> 46
Nov 04 17:15:50 46: [0] --> 47
Nov 04 17:15:50 47: [0] --> 48
Nov 04 17:15:50 48: [0] --> 49
Nov 04 17:15:50 49: [0] --> 50
Nov 04 17:15:50 50: [0] --> 51
Nov 04 17:15:50 51: [0] --> 52
Nov 04 17:15:50 52: [0] --> 53
Nov 04 17:15:50 53: [0] --> 54
Nov 04 17:15:50 54: [0] --> 55
Nov 04 17:15:50 55: [0] --> 56
Nov 04 17:15:50 56: [0] --> 57
Nov 04 17:15:50 57: [0] --> 58
Nov 04 17:15:50 58: [0] --> 59
Nov 04 17:15:50 59: [0] --> 60
Nov 04 17:15:50 60: [0] --> 61
Nov 04 17:15:50 61: [0] --> 62
Nov 04 17:15:50 62: [0] --> 63
Nov 04 17:15:50 63: [0] --> 64
Nov 04 17:15:50 64: [0] --> 65
Nov 04 17:15:50 65: [0] --> 66
Nov 04 17:15:50 66: [0] --> 67
Nov 04 17:15:50 67: [0] --> 68
Nov 04 17:15:50 68: [0] --> 69
Nov 04 17:15:50 69: [0] --> 70
Nov 04 17:15:50 70: [0] --> 71
Nov 04 17:15:50 71: [0] --> 72
Nov 04 17:15:50 72: [0] --> 73
Nov 04 17:15:50 73: [0] --> 74
Nov 04 17:15:50 74: [0] --> 75
Nov 04 17:15:50 75: [0] --> 76
Nov 04 17:15:50 76: [0] --> 77
Nov 04 17:15:50 77: [0] --> 78
Nov 04 17:15:50 78: [0] --> 79
Nov 04 17:15:50 79: [0] --> 80
Nov 04 17:15:50 80: [0] --> 81
Nov 04 17:15:50 81: [0] --> 82
Nov 04 17:15:50 82: [0] --> 83
Nov 04 17:15:50 83: [0] --> 84
Nov 04 17:15:50 84: [0] --> 85
Nov 04 17:15:50 85: [0] --> 86
Nov 04 17:15:50 86: [0] --> 87
Nov 04 17:15:50 87: [0] --> 88
Nov 04 17:15:50 88: [0] --> 89
Nov 04 17:15:50 89: [0] --> 90
Nov 04 17:15:50 90: [0] --> 91
Nov 04 17:15:50 91: [0] --> 92
Nov 04 17:15:50 92: [0] --> 93
Nov 04 17:15:50 93: [0] --> 94
Nov 04 17:15:50 94: [0] --> 95
Nov 04 17:15:50 95: [0] --> 96
Nov 04 17:15:50 THE END
Nov 04 17:15:50 95: [0] --> 96
Nov 04 17:15:50 {'app/0': ''}
