Nov 04 17:20:13 Resetting... [.........................................................................................................................................................................]
Nov 04 17:20:13 Reset [0........................................................................................................................................................................]
Nov 04 17:20:13 Reset [0001110001010101111110001110010101010101001010101000111101010111000111000101010111111000111001010101010100101010100011110101011100011100010101011111100011100101010101010]
Nov 04 17:20:13 0: [0001110001010101111110001110010101010101001010101000111101010111000111000101010111111000111001010101010100101010100011110101011100011100010101011111100011100101010101010] --> 0
Nov 04 17:20:13 0: [0........................................................................................................................................................................]
Nov 04 17:20:13 0: [0010000000111011000010001110000001000111001010101010100001010001010000001100010100001000101000000100010100101010101001000101000110000000110001010000100010111101011011010] --> 1
Nov 04 17:20:14 1: [0........................................................................................................................................................................]
Nov 04 17:20:14 1: [0110000000101011000000000010100001000001100100100010110010010011111000001100010000001001001000000100010000010010001000001001001110000000110000011001100010111100111011011] --> 2
Nov 04 17:20:14 2: [0........................................................................................................................................................................]
Nov 04 17:20:14 2: [0110000000000100100000000010110000000000011001110111001000110010111000011111010000001011010000001110111000000111000000000011001110000010111100111001000010111100101011011] --> 3
Nov 04 17:20:14 3: [0........................................................................................................................................................................]
Nov 04 17:20:14 3: [0110000000000100100000000000001001000100000001011101001101000000101000100000010000000000001000000000101000001000000000000100001110000010110000111011010000001100010011011] --> 4
Nov 04 17:20:14 4: [0........................................................................................................................................................................]
Nov 04 17:20:15 4: [0110000000000011100000000000000001111100001111111101001011100100100101000000110000000000011000000000000000000000010100001100000110000010110011011111010100111110110000000] --> 5
Nov 04 17:20:15 5: [0........................................................................................................................................................................]
Nov 04 17:20:15 5: [0101000000000010100001110000000100000100001000000001001000000100100001000001000000000000011000000000011100000000000100001110001001010000110100010000010001111000110000000] --> 6
Nov 04 17:20:15 6: [0........................................................................................................................................................................]
Nov 04 17:20:15 6: [0000000001000000010000110000101000011100000000000011000100000001000000000001010000000000001000000000010000001000000000000111010100000010111100111000011001100000010000010] --> 7
Nov 04 17:20:16 7: [0........................................................................................................................................................................]
Nov 04 17:20:16 7: [0000000001100000100001001000010000010010001000000001000000000010000000000000010000000000000000000000000000001000010000001101010000000010000000000000000011110000001000110] --> 8
Nov 04 17:20:16 8: [0........................................................................................................................................................................]
Nov 04 17:20:16 8: [0000000001100000000001001000111000000110000000000010000000000001000000000000000000000000000000000000000000011100000000001100000000000111000111000000000010010000000001001] --> 9
Nov 04 17:20:16 9: [0........................................................................................................................................................................]
Nov 04 17:20:16 9: [0000000001100000100000101100010000001110001000000110000000000000000000000000000000000000000000010000000000010100000000010000000100000101000111000001000110010000000000000] --> 10
Nov 04 17:20:16 10: [0........................................................................................................................................................................]
Nov 04 17:20:17 10: [0000000001110000000000100100111000010000000000000101000000000000000000000000000000000000000000010000000000011000000000011000001110000110001001000001000110100000000000000] --> 11
Nov 04 17:20:17 11: [0........................................................................................................................................................................]
Nov 04 17:20:17 11: [0000000001110000100001101000010000011100001000000000000000000000000000000000000000000000000000110000000000101000001000010000001110001010001001100011000111000000000000000] --> 12
Nov 04 17:20:17 12: [0........................................................................................................................................................................]
Nov 04 17:20:17 12: [0000000011010000000001000100111000110100000000000100000000000000000000000000000000000000000000110000000000101000011100110000001001001010001000100011000111100000000001000] --> 13
Nov 04 17:20:17 13: [0........................................................................................................................................................................]
Nov 04 17:20:18 13: [0000000011000000100010001100010000111100001000001100000000000000000000000000000000000000000000110000010001101000011100110000011001011010001000100011000101100000000011000] --> 14
Nov 04 17:20:18 14: [0........................................................................................................................................................................]
Nov 04 17:20:18 14: [0000000010000000000010001100111000100010000000010010000000000000000000000000000000000000000001110000111001001000100101000000010001010010011010100111001101100000000011100] --> 15
Nov 04 17:20:18 15: [0........................................................................................................................................................................]
Nov 04 17:20:18 15: [0000000000000000100011001100010001100010001000000000000000000000000000000000000001000000100001110000111001101000100111100000010001011010000010100111000000000001000110110] --> 16
Nov 04 17:20:18 16: [0........................................................................................................................................................................]
Nov 04 17:20:19 16: [0000000000000000000011001100111001100110000000000000000000000000000000000000000011100001110010010000100110001000100011000000001001100010000001001001000011000011100000000] --> 17
Nov 04 17:20:19 17: [0........................................................................................................................................................................]
Nov 04 17:20:19 17: [0000000000000000100011001100010001100110001000000000000000000000000010000001000011100001110011011001100111000000110111100000000011110000000101001101100001000011100000000] --> 18
Nov 04 17:20:19 18: [0........................................................................................................................................................................]
Nov 04 17:20:19 18: [0000000000000000000011001100111001100110000000000000000000000000000111000011100100010010010100011000000100000000110000010000011000000000000001110001100001000110110000000] --> 19
Nov 04 17:20:20 19: [0........................................................................................................................................................................]
Nov 04 17:20:20 19: [0000000000000000100011001100010001100110001000000000000100000010000111000011100110010001011000011001100000000000110000000000011100000000000111001011100000100101110000000] --> 20
Nov 04 17:20:20 20: [0........................................................................................................................................................................]
Nov 04 17:20:20 20: [0000000000000000000011001100111001100110011100000010000000000111001001000010010110010000011000011000000000000001000000000000000010000010001001000010100000100001010000000] --> 21
Nov 04 17:20:20 21: [0........................................................................................................................................................................]
Nov 04 17:20:21 21: [0000000000000000100011001100101001101000010100011000001010000101101100000010010111010000011000011100000000000000000000000000000000000010000011100010100000000000000000000] --> 22
Nov 04 17:20:21 22: [0........................................................................................................................................................................]
Nov 04 17:20:21 22: [0000000000000000100011101000101000001100110110100010001000000101100001000000000101011000011001111100000000000100000000000000000010000010000001000001000000100000000000000] --> 23
Nov 04 17:20:21 23: [0........................................................................................................................................................................]
Nov 04 17:20:21 23: [0000000010000000100001101001101111010110110110000000011011000011100111100001000000001000000001100000000000010110000000000000000000000000000011100000000000000000000000000] --> 24
Nov 04 17:20:22 24: [0........................................................................................................................................................................]
Nov 04 17:20:22 24: [0000000011000001111100101101000011010111000000000000000000100011001100010001000000010000000001111100000000111000000000000000000010000000000001000000000000100000000000000] --> 25
Nov 04 17:20:22 25: [0........................................................................................................................................................................]
Nov 04 17:20:22 25: [0001110011100001111100101101111011100110000001100001010000000011000000110001100100000000000001000100000000100000000000001000000000000000000011100000000000000000000000000] --> 26
Nov 04 17:20:22 26: [0........................................................................................................................................................................]
Nov 04 17:20:23 26: [0010001011110010000000000101000000101000101011010101000001010010100000000001100000011000000011000000000000110000000000000000000010000000000001000000000000100000000000000] --> 27
Nov 04 17:20:23 27: [0........................................................................................................................................................................]
Nov 04 17:20:23 27: [0000000001110011000011000011000001000000010111010100000011010010100000100001100000000000000011100000000001110000000000000000000000000000000011100000000000000000000000000] --> 28
Nov 04 17:20:23 28: [0........................................................................................................................................................................]
Nov 04 17:20:23 28: [0000000011100111000011110010010100010000101100011010000100010010000001110001100010000000000010100000000001010000000000010000000010000000000001000000000000100000000000000] --> 29
Nov 04 17:20:23 29: [0........................................................................................................................................................................]
Nov 04 17:20:24 29: [0100000100100111000010000010010001000000001000011000001100111000000011110001100011110000000010100000000001010000000000010000000000000000000011100000000000000000000000000] --> 30
Nov 04 17:20:24 30: [1........................................................................................................................................................................]
Nov 04 17:20:24 30: [1110000000000101000111000010010001000000001101001000001000101010000000000000000000001000000010000000000001010000000000010000000010000000000001000000000000100000000000000] --> 31
Nov 04 17:20:24 31: [1........................................................................................................................................................................]
Nov 04 17:20:24 31: [1010000100000101100111000001111100000000011111011000000101010100000000001000000000000000000001000000000001000000000000010000000000000000000011100000000000000000000000000] --> 32
Nov 04 17:20:25 32: [0........................................................................................................................................................................]
Nov 04 17:20:25 32: [0011001110000100001111000000000000010000100000111000001101010100000000010100000000000000000000000000000001100000000000000000000010000000000001000000000000100000000000000] --> 33
Nov 04 17:20:25 33: [0........................................................................................................................................................................]
Nov 04 17:20:25 33: [0000010010000000001000100000000000010000010001101100001000000100000000011100000000000000000000000000000000000000000000000000000000000000000011100000000000000000000000000] --> 34
Nov 04 17:20:26 34: [0........................................................................................................................................................................]
Nov 04 17:20:26 34: [0000000000000000000001100000000010010000000000001100000000000110000000001100000000000100000000000000000000000000000000000000000010000000000001000000000000100000000000000] --> 35
Nov 04 17:20:26 35: [0........................................................................................................................................................................]
Nov 04 17:20:26 35: [0000000000000000000001100000000000000000000000010000000000000010000000001110000000000110000000000000000000000000000000000000000000000000000011100000000000000000000000000] --> 36
Nov 04 17:20:26 36: [0........................................................................................................................................................................]
Nov 04 17:20:27 36: [0000000000000000000000000000000000110000000000000000000000010000000000001010000000000101000000000000000000000000000000000000000010000000000001000000000000100000000000000] --> 37
Nov 04 17:20:27 37: [0........................................................................................................................................................................]
Nov 04 17:20:27 37: [0000000000000000000000000000000000000000000000010000000000001000000000011000000000000000000000000000000000000000000000000000000000000000000011100000000000000000000000000] --> 38
Nov 04 17:20:27 38: [0........................................................................................................................................................................]
Nov 04 17:20:27 38: [0000000000000000000000000000000000000000000000000000000000001000000000001000000000000000000000000000000000000000000000000000000010000000000001000000000000100000000000000] --> 39
Nov 04 17:20:28 39: [0........................................................................................................................................................................]
Nov 04 17:20:28 39: [0000000000000000000000000000000000000000000000000000000000000000000000000000000000000000000000000000000000000000000000000000000000000000000011100000000000000000000000000] --> 40
Nov 04 17:20:28 40: [0........................................................................................................................................................................]
Nov 04 17:20:28 40: [0000000000000000000000000000000000000000000000000000000000000000000000000000000000000000000000000000000000000000000000000000000010000000000001000000000000100000000000000] --> 41
Nov 04 17:20:29 41: [0........................................................................................................................................................................]
Nov 04 17:20:29 41: [0000000000000000000000000000000000000000000000000000000000000000000000000000000000000000000000000000000000000000000000000000000000000000000011100000000000000000000000000] --> 42
Nov 04 17:20:29 42: [0........................................................................................................................................................................]
Nov 04 17:20:29 42: [0000000000000000000000000000000000000000000000000000000000000000000000000000000000000000000000000000000000000000000000000000000010000000000001000000000000100000000000000] --> 43
Nov 04 17:20:30 43: [0........................................................................................................................................................................]
Nov 04 17:20:30 43: [0000000000000000000000000000000000000000000000000000000000000000000000000000000000000000000000000000000000000000000000000000000000000000000011100000000000000000000000000] --> 44
Nov 04 17:20:30 44: [0........................................................................................................................................................................]
Nov 04 17:20:30 44: [0000000000000000000000000000000000000000000000000000000000000000000000000000000000000000000000000000000000000000000000000000000010000000000001000000000000100000000000000] --> 45
Nov 04 17:20:30 45: [0........................................................................................................................................................................]
Nov 04 17:20:31 45: [0000000000000000000000000000000000000000000000000000000000000000000000000000000000000000000000000000000000000000000000000000000000000000000011100000000000000000000000000] --> 46
Nov 04 17:20:31 46: [0........................................................................................................................................................................]
Nov 04 17:20:31 46: [0000000000000000000000000000000000000000000000000000000000000000000000000000000000000000000000000000000000000000000000000000000010000000000001000000000000100000000000000] --> 47
Nov 04 17:20:31 47: [0........................................................................................................................................................................]
Nov 04 17:20:32 47: [0000000000000000000000000000000000000000000000000000000000000000000000000000000000000000000000000000000000000000000000000000000000000000000011100000000000000000000000000] --> 48
Nov 04 17:20:32 THE END
Nov 04 17:20:32 47: [0000000000000000000000000000000000000000000000000000000000000000000000000000000000000000000000000000000000000000000000000000000000000000000011100000000000000000000000000] --> 48
Nov 04 17:20:32 {'app/0': '', 'app/1': '', 'app/2': '', 'app/3': '', 'app/4': '', 'app/5': '', 'app/6': '', 'app/7': '', 'app/8': '', 'app/9': '', 'app/10': '', 'app/11': '', 'app/12': '', 'app/13': '', 'app/14': '', 'app/15': '', 'app/16': '', 'app/17': '', 'app/18': '', 'app/19': '', 'app/20': '', 'app/21': '', 'app/22': '', 'app/23': '', 'app/24': '', 'app/25': '', 'app/26': '', 'app/27': '', 'app/28': '', 'app/29': '', 'app/30': '', 'app/31': '', 'app/32': '', 'app/33': '', 'app/34': '', 'app/35': '', 'app/36': '', 'app/37': '', 'app/38': '', 'app/39': '', 'app/40': '', 'app/41': '', 'app/42': '', 'app/43': '', 'app/44': '', 'app/45': '', 'app/46': '', 'app/47': '', 'app/48': '', 'app/49': '', 'app/50': '', 'app/51': '', 'app/52': '', 'app/53': '', 'app/54': '', 'app/55': '', 'app/56': '', 'app/57': '', 'app/58': '', 'app/59': '', 'app/60': '', 'app/61': '', 'app/62': '', 'app/63': '', 'app/64': '', 'app/65': '', 'app/66': '', 'app/67': '', 'app/68': '', 'app/69': '', 'app/70': '', 'app/71': '', 'app/72': '', 'app/73': '', 'app/74': '', 'app/75': '', 'app/76': '', 'app/77': '', 'app/78': '', 'app/79': '', 'app/80': '', 'app/81': '', 'app/82': '', 'app/83': '', 'app/84': '', 'app/85': '', 'app/86': '', 'app/87': '', 'app/88': '', 'app/89': '', 'app/90': '', 'app/91': '', 'app/92': '', 'app/93': '', 'app/94': '', 'app/95': '', 'app/96': '', 'app/97': '', 'app/98': '', 'app/99': '', 'app/100': '', 'app/101': '', 'app/102': '', 'app/103': '', 'app/104': '', 'app/105': '', 'app/106': '', 'app/107': '', 'app/108': '', 'app/109': '', 'app/110': '', 'app/111': '', 'app/112': '', 'app/113': '', 'app/114': '', 'app/115': '', 'app/116': '', 'app/117': '', 'app/118': '', 'app/119': '', 'app/120': '', 'app/121': '', 'app/122': '', 'app/123': '', 'app/124': '', 'app/125': '', 'app/126': '', 'app/127': '', 'app/128': '', 'app/129': '', 'app/130': '', 'app/131': '', 'app/132': '', 'app/133': '', 'app/134': '', 'app/135': '', 'app/136': '', 'app/137': '', 'app/138': '', 'app/139': '', 'app/140': '', 'app/141': '', 'app/142': '', 'app/143': '', 'app/144': '', 'app/145': '', 'app/146': '', 'app/147': '', 'app/148': '', 'app/149': '', 'app/150': '', 'app/151': '', 'app/152': '', 'app/153': '', 'app/154': '', 'app/155': '', 'app/156': '', 'app/157': '', 'app/158': '', 'app/159': '', 'app/160': '', 'app/161': '', 'app/162': '', 'app/163': '', 'app/164': '', 'app/165': '', 'app/166': '', 'app/167': '', 'app/168': ''}
