Nov 04 17:17:58 Resetting... [................................................................]
Nov 04 17:17:58 Reset [0...............................................................]
Nov 04 17:17:59 Reset [0001110001010101111110001110010101010101001010101000111101010111]
Nov 04 17:17:59 0: [0001110001010101111110001110010101010101001010101000111101010111] --> 0
Nov 04 17:17:59 0: [0...............................................................]
Nov 04 17:17:59 0: [0011011011000110000001000000010010010101011000000110000000000001] --> 1
Nov 04 17:17:59 1: [0...............................................................]
Nov 04 17:17:59 1: [0110111001100000000011000000010001101010100100000110000000000000] --> 2
Nov 04 17:17:59 2: [0...............................................................]
Nov 04 17:17:59 2: [0111010001100010000011000001001001111100100100000110000000000000] --> 3
Nov 04 17:17:59 3: [0...............................................................]
Nov 04 17:17:59 3: [0101000001000010001111100000001001000100100000000110000000000000] --> 4
Nov 04 17:17:59 4: [0...............................................................]
Nov 04 17:17:59 4: [0010000001000010001110110011001000000000101000000100000000000000] --> 5
Nov 04 17:17:59 5: [0...............................................................]
Nov 04 17:17:59 5: [0000000001000111010010110010111101110000010000000100000000000000] --> 6
Nov 04 17:17:59 6: [0...............................................................]
Nov 04 17:17:59 6: [0000001000000101011110000000100101011110110000000000000000000000] --> 7
Nov 04 17:17:59 7: [0...............................................................]
Nov 04 17:18:00 7: [0000001000111110001111100100001011111110111011000000000000000000] --> 8
Nov 04 17:18:00 8: [0...............................................................]
Nov 04 17:18:00 8: [0001101000100001010000011000000100000010100000100100000000000000] --> 9
Nov 04 17:18:00 9: [0...............................................................]
Nov 04 17:18:00 9: [0001000000110011010000110000001100000011000000000000000000000000] --> 10
Nov 04 17:18:00 10: [0...............................................................]
Nov 04 17:18:00 10: [0011000000110011001001000000010000000011000000000000000000000000] --> 11
Nov 04 17:18:00 11: [0...............................................................]
Nov 04 17:18:00 11: [0011000001001010001111000000010000000010000000000000000000000000] --> 12
Nov 04 17:18:00 12: [0...............................................................]
Nov 04 17:18:00 12: [0011000001000000001100100001011000000000000000000000000000000000] --> 13
Nov 04 17:18:00 13: [0...............................................................]
Nov 04 17:18:00 13: [0010000001000000001111100011111000000000000000000000000000000000] --> 14
Nov 04 17:18:00 14: [0...............................................................]
Nov 04 17:18:00 14: [0000000001001100010000100010001000011100000000000000000000000000] --> 15
Nov 04 17:18:00 15: [0...............................................................]
Nov 04 17:18:01 15: [0000000000000100011000100011101000011100000010000000000000000000] --> 16
Nov 04 17:18:01 16: [0...............................................................]
Nov 04 17:18:01 16: [0000000000000000011010100100001000100000000111000000000000000000] --> 17
Nov 04 17:18:01 17: [0...............................................................]
Nov 04 17:18:01 17: [0000000000000000011001000101010000111100000110000000100000000000] --> 18
Nov 04 17:18:01 18: [0...............................................................]
Nov 04 17:18:01 18: [0000000000000000011010000100011000000100001000000001100000000000] --> 19
Nov 04 17:18:01 19: [0...............................................................]
Nov 04 17:18:01 19: [0000000000000000011001000110111000000110000110000001000000000000] --> 20
Nov 04 17:18:01 20: [0...............................................................]
Nov 04 17:18:01 20: [0000000000000000011111100111100000100010000111000001100000000000] --> 21
Nov 04 17:18:01 21: [0...............................................................]
Nov 04 17:18:01 21: [0000000000111100010001000000001001000000001001000001010000000000] --> 22
Nov 04 17:18:01 22: [0...............................................................]
Nov 04 17:18:01 22: [0001100000111100001101100000000000000000001010000000100000000000] --> 23
Nov 04 17:18:02 23: [0...............................................................]
Nov 04 17:18:02 23: [0010010000000010001001100000000000000000000100000001000000000000] --> 24
Nov 04 17:18:02 24: [0...............................................................]
Nov 04 17:18:02 24: [0000000000000010000001100000000000000000000000000000000000000000] --> 25
Nov 04 17:18:02 25: [0...............................................................]
Nov 04 17:18:02 25: [0000000000000110000001100000000000000000000000000000000000000000] --> 26
Nov 04 17:18:02 26: [0...............................................................]
Nov 04 17:18:02 26: [0000000000000110000001100000000000000000000000000000000000000000] --> 27
Nov 04 17:18:02 27: [0...............................................................]
Nov 04 17:18:02 27: [0000000000000110000001100000000000000000000000000000000000000000] --> 28
Nov 04 17:18:02 28: [0...............................................................]
Nov 04 17:18:02 28: [0000000000000110000001100000000000000000000000000000000000000000] --> 29
Nov 04 17:18:02 29: [0...............................................................]
Nov 04 17:18:02 29: [0000000000000110000001100000000000000000000000000000000000000000] --> 30
Nov 04 17:18:03 30: [0...............................................................]
Nov 04 17:18:03 30: [0000000000000110000001100000000000000000000000000000000000000000] --> 31
Nov 04 17:18:03 31: [0...............................................................]
Nov 04 17:18:03 31: [0000000000000110000001100000000000000000000000000000000000000000] --> 32
Nov 04 17:18:03 32: [0...............................................................]
Nov 04 17:18:03 32: [0000000000000110000001100000000000000000000000000000000000000000] --> 33
Nov 04 17:18:03 33: [0...............................................................]
Nov 04 17:18:03 33: [0000000000000110000001100000000000000000000000000000000000000000] --> 34
Nov 04 17:18:03 34: [0...............................................................]
Nov 04 17:18:03 34: [0000000000000110000001100000000000000000000000000000000000000000] --> 35
Nov 04 17:18:03 35: [0...............................................................]
Nov 04 17:18:03 35: [0000000000000110000001100000000000000000000000000000000000000000] --> 36
Nov 04 17:18:03 36: [0...............................................................]
Nov 04 17:18:04 36: [0000000000000110000001100000000000000000000000000000000000000000] --> 37
Nov 04 17:18:04 37: [0...............................................................]
Nov 04 17:18:04 37: [0000000000000110000001100000000000000000000000000000000000000000] --> 38
Nov 04 17:18:04 38: [0...............................................................]
Nov 04 17:18:04 38: [0000000000000110000001100000000000000000000000000000000000000000] --> 39
Nov 04 17:18:04 39: [0...............................................................]
Nov 04 17:18:04 39: [0000000000000110000001100000000000000000000000000000000000000000] --> 40
Nov 04 17:18:04 40: [0...............................................................]
Nov 04 17:18:04 40: [0000000000000110000001100000000000000000000000000000000000000000] --> 41
Nov 04 17:18:04 41: [0...............................................................]
Nov 04 17:18:04 41: [0000000000000110000001100000000000000000000000000000000000000000] --> 42
Nov 04 17:18:04 42: [0...............................................................]
Nov 04 17:18:04 42: [0000000000000110000001100000000000000000000000000000000000000000] --> 43
Nov 04 17:18:04 43: [0...............................................................]
Nov 04 17:18:05 43: [0000000000000110000001100000000000000000000000000000000000000000] --> 44
Nov 04 17:18:05 44: [0...............................................................]
Nov 04 17:18:05 44: [0000000000000110000001100000000000000000000000000000000000000000] --> 45
Nov 04 17:18:05 45: [0...............................................................]
Nov 04 17:18:05 45: [0000000000000110000001100000000000000000000000000000000000000000] --> 46
Nov 04 17:18:05 46: [0...............................................................]
Nov 04 17:18:05 46: [0000000000000110000001100000000000000000000000000000000000000000] --> 47
Nov 04 17:18:05 47: [0...............................................................]
Nov 04 17:18:05 47: [0000000000000110000001100000000000000000000000000000000000000000] --> 48
Nov 04 17:18:05 THE END
Nov 04 17:18:05 47: [0000000000000110000001100000000000000000000000000000000000000000] --> 48
Nov 04 17:18:05 {'app/0': '', 'app/1': '', 'app/2': '', 'app/3': '', 'app/4': '', 'app/5': '', 'app/6': '', 'app/7': '', 'app/8': '', 'app/9': '', 'app/10': '', 'app/11': '', 'app/12': '', 'app/13': '', 'app/14': '', 'app/15': '', 'app/16': '', 'app/17': '', 'app/18': '', 'app/19': '', 'app/20': '', 'app/21': '', 'app/22': '', 'app/23': '', 'app/24': '', 'app/25': '', 'app/26': '', 'app/27': '', 'app/28': '', 'app/29': '', 'app/30': '', 'app/31': '', 'app/32': '', 'app/33': '', 'app/34': '', 'app/35': '', 'app/36': '', 'app/37': '', 'app/38': '', 'app/39': '', 'app/40': '', 'app/41': '', 'app/42': '', 'app/43': '', 'app/44': '', 'app/45': '', 'app/46': '', 'app/47': '', 'app/48': '', 'app/49': '', 'app/50': '', 'app/51': '', 'app/52': '', 'app/53': '', 'app/54': '', 'app/55': '', 'app/56': '', 'app/57': '', 'app/58': '', 'app/59': '', 'app/60': '', 'app/61': '', 'app/62': '', 'app/63': ''}
