Nov 04 17:19:38 Resetting... [................................................................................................................................................]
Nov 04 17:19:38 Reset [0...............................................................................................................................................]
Nov 04 17:19:38 Reset [000111000101010111111000111001010101010100101010100011110101011100011100010101011111100011100101010101010010101010001111010101110001110001010101]
Nov 04 17:19:39 0: [000111000101010111111000111001010101010100101010100011110101011100011100010101011111100011100101010101010010101010001111010101110001110001010101] --> 0
Nov 04 17:19:39 0: [0...............................................................................................................................................]
Nov 04 17:19:39 0: [001100011000110000010100100000000110000100000001100011000000110100000001110101000001110100000001111100010000100000001101000101010001111011011010] --> 1
Nov 04 17:19:39 1: [0...............................................................................................................................................]
Nov 04 17:19:39 1: [011000011000111000010110110000001110000010000010111110000000000101000000000100000011000100000000000100001010100110111010101101010001011111011000] --> 2
Nov 04 17:19:39 2: [1...............................................................................................................................................]
Nov 04 17:19:39 2: [101000011100000000010010101000001001000010000010011001000000010000000000001100000000001110000111001100001000010001101011100000000100010001011000] --> 3
Nov 04 17:19:39 3: [0...............................................................................................................................................]
Nov 04 17:19:40 3: [000000011100000000010010000000000111001100000000011000000000010100000000010010000010010010000110010001011000011000011010110001000110000000001000] --> 4
Nov 04 17:19:40 4: [0...............................................................................................................................................]
Nov 04 17:19:40 4: [000000011100000000010001000000000111011100000010010000000000110100000000110110000110111011001110110000110010001000010010111000010010000000000100] --> 5
Nov 04 17:19:40 5: [0...............................................................................................................................................]
Nov 04 17:19:40 5: [000000011000000000010001001000000101011000000111000100000000000110000000000001001010000011111001100101110011001000011111011000001110010000000000] --> 6
Nov 04 17:19:40 6: [0...............................................................................................................................................]
Nov 04 17:19:40 6: [000000011000000000010010011000001101011100000101000110000010000110000000000100001100000000001001000100000000001100000000011000010001011000000100] --> 7
Nov 04 17:19:41 7: [0...............................................................................................................................................]
Nov 04 17:19:41 7: [000000011000000000010010010100001101010010001101000000000010001000000100000110001100000000001100001100000000010100000000000000000000011000000000] --> 8
Nov 04 17:19:41 8: [0...............................................................................................................................................]
Nov 04 17:19:41 8: [000000011000000000010010001000010001001000001001000000001010000100001110000100000010001010001100001100000000000100000000010000000000000000000000] --> 9
Nov 04 17:19:41 9: [0...............................................................................................................................................]
Nov 04 17:19:41 9: [000000011000000000110000000000011011000000011111000000011011000000001011001110000010001010000100001010000000000100000000000000000000000000000000] --> 10
Nov 04 17:19:41 10: [0...............................................................................................................................................]
Nov 04 17:19:42 10: [000000111000000000100100000000000001000000100000000000000000000100011000001010000011011011000000001010000000000100000000000000000000000000000000] --> 11
Nov 04 17:19:42 11: [0...............................................................................................................................................]
Nov 04 17:19:42 11: [000000111000000000101000000000000000000000000000000000010000000100000000011011000000011011000000011011000000000100000000000000000000000000000000] --> 12
Nov 04 17:19:42 12: [0...............................................................................................................................................]
Nov 04 17:19:42 12: [000000101000000000101000000000000000000000000000000000000000001110000000010001000000100000100000010001000000001110000000000000000000000000000000] --> 13
Nov 04 17:19:42 13: [0...............................................................................................................................................]
Nov 04 17:19:42 13: [000000000000000000000000000000000000000000000000000100000000001110000000011111000000110001100000011111000000001110000000000100000000000000000000] --> 14
Nov 04 17:19:43 14: [0...............................................................................................................................................]
Nov 04 17:19:43 14: [000000000000000000000000000000000000000000000000001110000000010001000000100000100000100000100000100000100000010001000000001110000000000000000000] --> 15
Nov 04 17:19:43 15: [0...............................................................................................................................................]
Nov 04 17:19:43 15: [000000000000000000000000000000000000000100000000001110000000011111000000110001100000110001110000110001100000011111000000001110000000000100000000] --> 16
Nov 04 17:19:43 16: [0...............................................................................................................................................]
Nov 04 17:19:43 16: [000000000000000000000000000000000000001110000000010001000000100000100000000100010000001010010000000100010000100000100000010001000000001110000000] --> 17
Nov 04 17:19:44 17: [0...............................................................................................................................................]
Nov 04 17:19:44 17: [000000000000000000000000000100000000001110000000011111000000000000100000000100110000001010111000000100110000000000100000011111000000001110000000] --> 18
Nov 04 17:19:44 18: [0...............................................................................................................................................]
Nov 04 17:19:44 18: [000000000000000000000000001110000000010001000000010001000000000000110000000100001000001010001000000100001000000000110000010001000000010001000000] --> 19
Nov 04 17:19:44 19: [0...............................................................................................................................................]
Nov 04 17:19:44 19: [000000000000000100000000001110000000010101000000000001000000000000110000000100001000001010011100000100001000000000110000000001000000000000000000] --> 20
Nov 04 17:19:44 20: [0...............................................................................................................................................]
Nov 04 17:19:45 20: [000000000000001110000000000000000000000101000000000011000000000000110000000100100100001010010100000100100100000000110000000000100000000000000000] --> 21
Nov 04 17:19:45 21: [0...............................................................................................................................................]
Nov 04 17:19:45 21: [000100000000000100000000001000000000000001000000000011000000000010110000000101100000001011110110000101100000000001110000000000110000000000000000] --> 22
Nov 04 17:19:45 22: [0...............................................................................................................................................]
Nov 04 17:19:45 22: [000000000000001100000000000000000000000011000000000010000000000100010000000100001000001000010000000100001000000010000000000001010000000000000000] --> 23
Nov 04 17:19:45 23: [0...............................................................................................................................................]
Nov 04 17:19:45 23: [000000000000000000000000000110000000000011000000000111000000000110000000001100011000001100011000000100000000000010000000000000000000000000000000] --> 24
Nov 04 17:19:46 24: [0...............................................................................................................................................]
Nov 04 17:19:46 24: [000000000000000000000000000111000000000000000000000000000000000001000000000000011000000010011000001110000000000000000000000000000000000000000000] --> 25
Nov 04 17:19:46 25: [0...............................................................................................................................................]
Nov 04 17:19:46 25: [000000000000000010000000000010000000000010000000000000000000000000000000000000111000000010011000000110000000000100000000000000000000000000000000] --> 26
Nov 04 17:19:46 26: [0...............................................................................................................................................]
Nov 04 17:19:46 26: [000000000000000000000000000111000000000000000000000000000000000000010000000000101000000111101000000110000000000110000000000000000000000000000000] --> 27
Nov 04 17:19:46 27: [0...............................................................................................................................................]
Nov 04 17:19:47 27: [000000000000000010000000000010000000000010000000000000000000000000010000000010101000000100100000001000000000000110000000000000000000000000000000] --> 28
Nov 04 17:19:47 28: [0...............................................................................................................................................]
Nov 04 17:19:47 28: [000000000000000000000000000111000000000000000000000000000000000000010000000001100000000101010000001010000000000100000000000000000000000000000000] --> 29
Nov 04 17:19:47 29: [0...............................................................................................................................................]
Nov 04 17:19:47 29: [000000000000000010000000000010000000000010000000000000000000000000100000000011010000000101000000001010000000000100000000000000000000000000000000] --> 30
Nov 04 17:19:47 30: [0...............................................................................................................................................]
Nov 04 17:19:48 30: [000000000000000000000000000111000000000000000000000000000000000001100000000011000000000101100000001010000000000100000000000000000000000000000000] --> 31
Nov 04 17:19:48 31: [0...............................................................................................................................................]
Nov 04 17:19:48 31: [000000000000000010000000000010000000000010000000000000000000000011100000000000000000000100100000001011000000000100000000000000000000000000000000] --> 32
Nov 04 17:19:48 32: [0...............................................................................................................................................]
Nov 04 17:19:48 32: [000000000000000000000000000111000000000000000000000010000000000001000000000010100000000111000000001011000000000110000000000000000000000000000000] --> 33
Nov 04 17:19:48 33: [0...............................................................................................................................................]
Nov 04 17:19:49 33: [000000000000000010000000000010000000000101000000000000000000000011000000000100100000000000100000001000000000000111000000000000000000000000000000] --> 34
Nov 04 17:19:49 34: [0...............................................................................................................................................]
Nov 04 17:19:49 34: [000000000000000000000000000111000000000010000000000001000000000011000000000010100000000000000000000111000000000110000000000010000000000000000000] --> 35
Nov 04 17:19:49 35: [0...............................................................................................................................................]
Nov 04 17:19:49 35: [000000000000000010000000000111000000000100000000000001000000000010100000000010000000000100000000000101000000000000000000000110000000000000000000] --> 36
Nov 04 17:19:49 36: [0...............................................................................................................................................]
Nov 04 17:19:50 36: [000000000000000111000000000101000000000101000000000011000000000010000000000111000000000100000000000010000000000100000000000000000000000000000000] --> 37
Nov 04 17:19:50 37: [0...............................................................................................................................................]
Nov 04 17:19:50 37: [000010000000000101000000001101100000000101100000000101000000000000000000000101000000000101000000000110000000000000000000000000000000000000000000] --> 38
Nov 04 17:19:50 38: [0...............................................................................................................................................]
Nov 04 17:19:50 38: [000010000000001101100000001100000000000100000000000001100000000000000000000000000000001101000000000110000000000000000000000000000000000000000000] --> 39
Nov 04 17:19:51 39: [0...............................................................................................................................................]
Nov 04 17:19:51 39: [000111000000001001000000000000000000001110000000000000000000000000000000000000000000001100000000001110000000000000000000000000000000000000000000] --> 40
Nov 04 17:19:51 40: [0...............................................................................................................................................]
Nov 04 17:19:51 40: [000111000000000101000000001010000000000100000000000100000000000000000000000000000000001010000000001010000000000100000000000000000000000000000000] --> 41
Nov 04 17:19:51 41: [0...............................................................................................................................................]
Nov 04 17:19:51 41: [000101000000001001000000001010000000001110000000000000000000000000000000000000000000000000000000001010000000000100000000000000000000000000000000] --> 42
Nov 04 17:19:52 42: [0...............................................................................................................................................]
Nov 04 17:19:52 42: [000010000000001001000000011011000000001010000000000100000000000000000000000000000000000000000000000100000000000100000000000000000000000000000000] --> 43
Nov 04 17:19:52 43: [0...............................................................................................................................................]
Nov 04 17:19:52 43: [000000000000011001000000011011000000011011000000000100000000000000000000000000000000000000000000000000000000000000000000000000000000000000000000] --> 44
Nov 04 17:19:52 44: [0...............................................................................................................................................]
Nov 04 17:19:52 44: [000000000000011111000000100000100000010001000000001110000000000000000000000000000000000000000000000000000000000000000000000000000000000000000000] --> 45
Nov 04 17:19:53 45: [0...............................................................................................................................................]
Nov 04 17:19:53 45: [001110000000011111000000100100100000011111000000001110000000000100000000000000000000000000000000000000000000000000000000000000000000000000000000] --> 46
Nov 04 17:19:53 46: [0...............................................................................................................................................]
Nov 04 17:19:53 46: [010001000000010001000000100000100000010001000000010001000000001110000000000000000000000000000000000000000000000000000000000000000000000000000000] --> 47
Nov 04 17:19:53 47: [0...............................................................................................................................................]
Nov 04 17:19:54 47: [000000000000110001100000110001100000110001100000010101000000001110000000000100000000000000000000000000000000000000000000000000000000000000000000] --> 48
Nov 04 17:19:54 THE END
Nov 04 17:19:54 47: [000000000000110001100000110001100000110001100000010101000000001110000000000100000000000000000000000000000000000000000000000000000000000000000000] --> 48
Nov 04 17:19:54 {'app/0': '', 'app/1': '', 'app/2': '', 'app/3': '', 'app/4': '', 'app/5': '', 'app/6': '', 'app/7': '', 'app/8': '', 'app/9': '', 'app/10': '', 'app/11': '', 'app/12': '', 'app/13': '', 'app/14': '', 'app/15': '', 'app/16': '', 'app/17': '', 'app/18': '', 'app/19': '', 'app/20': '', 'app/21': '', 'app/22': '', 'app/23': '', 'app/24': '', 'app/25': '', 'app/26': '', 'app/27': '', 'app/28': '', 'app/29': '', 'app/30': '', 'app/31': '', 'app/32': '', 'app/33': '', 'app/34': '', 'app/35': '', 'app/36': '', 'app/37': '', 'app/38': '', 'app/39': '', 'app/40': '', 'app/41': '', 'app/42': '', 'app/43': '', 'app/44': '', 'app/45': '', 'app/46': '', 'app/47': '', 'app/48': '', 'app/49': '', 'app/50': '', 'app/51': '', 'app/52': '', 'app/53': '', 'app/54': '', 'app/55': '', 'app/56': '', 'app/57': '', 'app/58': '', 'app/59': '', 'app/60': '', 'app/61': '', 'app/62': '', 'app/63': '', 'app/64': '', 'app/65': '', 'app/66': '', 'app/67': '', 'app/68': '', 'app/69': '', 'app/70': '', 'app/71': '', 'app/72': '', 'app/73': '', 'app/74': '', 'app/75': '', 'app/76': '', 'app/77': '', 'app/78': '', 'app/79': '', 'app/80': '', 'app/81': '', 'app/82': '', 'app/83': '', 'app/84': '', 'app/85': '', 'app/86': '', 'app/87': '', 'app/88': '', 'app/89': '', 'app/90': '', 'app/91': '', 'app/92': '', 'app/93': '', 'app/94': '', 'app/95': '', 'app/96': '', 'app/97': '', 'app/98': '', 'app/99': '', 'app/100': '', 'app/101': '', 'app/102': '', 'app/103': '', 'app/104': '', 'app/105': '', 'app/106': '', 'app/107': '', 'app/108': '', 'app/109': '', 'app/110': '', 'app/111': '', 'app/112': '', 'app/113': '', 'app/114': '', 'app/115': '', 'app/116': '', 'app/117': '', 'app/118': '', 'app/119': '', 'app/120': '', 'app/121': '', 'app/122': '', 'app/123': '', 'app/124': '', 'app/125': '', 'app/126': '', 'app/127': '', 'app/128': '', 'app/129': '', 'app/130': '', 'app/131': '', 'app/132': '', 'app/133': '', 'app/134': '', 'app/135': '', 'app/136': '', 'app/137': '', 'app/138': '', 'app/139': '', 'app/140': '', 'app/141': '', 'app/142': '', 'app/143': ''}
