Nov 04 17:17:07 Resetting... [....................................]
Nov 04 17:17:07 Reset [0...................................]
Nov 04 17:17:07 Reset [000111000101010111111000111001010101]
Nov 04 17:17:07 0: [000111000101010111111000111001010101] --> 0
Nov 04 17:17:07 0: [0...................................]
Nov 04 17:17:08 0: [000101000000110101000001000110110010] --> 1
Nov 04 17:17:08 1: [0...................................]
Nov 04 17:17:08 1: [000000001000000010001101000111000110] --> 2
Nov 04 17:17:08 2: [0...................................]
Nov 04 17:17:08 2: [000000000000001010001001000001000101] --> 3
Nov 04 17:17:08 3: [0...................................]
Nov 04 17:17:08 3: [000000000000000100000111000001000010] --> 4
Nov 04 17:17:08 4: [0...................................]
Nov 04 17:17:08 4: [000000000000000100000101000101000000] --> 5
Nov 04 17:17:08 5: [0...................................]
Nov 04 17:17:08 5: [000000000000000010001100000000000000] --> 6
Nov 04 17:17:08 6: [0...................................]
Nov 04 17:17:08 6: [000000000000000100000100000000000000] --> 7
Nov 04 17:17:08 7: [0...................................]
Nov 04 17:17:08 7: [000000000000000000000000000000000000] --> 8
Nov 04 17:17:08 8: [0...................................]
Nov 04 17:17:08 8: [000000000000000000000000000000000000] --> 9
Nov 04 17:17:08 9: [0...................................]
Nov 04 17:17:08 9: [000000000000000000000000000000000000] --> 10
Nov 04 17:17:08 10: [0...................................]
Nov 04 17:17:08 10: [000000000000000000000000000000000000] --> 11
Nov 04 17:17:08 11: [0...................................]
Nov 04 17:17:08 11: [000000000000000000000000000000000000] --> 12
Nov 04 17:17:08 12: [0...................................]
Nov 04 17:17:08 12: [000000000000000000000000000000000000] --> 13
Nov 04 17:17:08 13: [0...................................]
Nov 04 17:17:09 13: [000000000000000000000000000000000000] --> 14
Nov 04 17:17:09 14: [0...................................]
Nov 04 17:17:09 14: [000000000000000000000000000000000000] --> 15
Nov 04 17:17:09 15: [0...................................]
Nov 04 17:17:09 15: [000000000000000000000000000000000000] --> 16
Nov 04 17:17:09 16: [0...................................]
Nov 04 17:17:09 16: [000000000000000000000000000000000000] --> 17
Nov 04 17:17:09 17: [0...................................]
Nov 04 17:17:09 17: [000000000000000000000000000000000000] --> 18
Nov 04 17:17:09 18: [0...................................]
Nov 04 17:17:09 18: [000000000000000000000000000000000000] --> 19
Nov 04 17:17:09 19: [0...................................]
Nov 04 17:17:09 19: [000000000000000000000000000000000000] --> 20
Nov 04 17:17:09 20: [0...................................]
Nov 04 17:17:09 20: [000000000000000000000000000000000000] --> 21
Nov 04 17:17:09 21: [0...................................]
Nov 04 17:17:09 21: [000000000000000000000000000000000000] --> 22
Nov 04 17:17:09 22: [0...................................]
Nov 04 17:17:09 22: [000000000000000000000000000000000000] --> 23
Nov 04 17:17:09 23: [0...................................]
Nov 04 17:17:09 23: [000000000000000000000000000000000000] --> 24
Nov 04 17:17:09 24: [0...................................]
Nov 04 17:17:09 24: [000000000000000000000000000000000000] --> 25
Nov 04 17:17:09 25: [0...................................]
Nov 04 17:17:09 25: [000000000000000000000000000000000000] --> 26
Nov 04 17:17:10 26: [0...................................]
Nov 04 17:17:10 26: [000000000000000000000000000000000000] --> 27
Nov 04 17:17:10 27: [0...................................]
Nov 04 17:17:10 27: [000000000000000000000000000000000000] --> 28
Nov 04 17:17:10 28: [0...................................]
Nov 04 17:17:10 28: [000000000000000000000000000000000000] --> 29
Nov 04 17:17:10 29: [0...................................]
Nov 04 17:17:10 29: [000000000000000000000000000000000000] --> 30
Nov 04 17:17:10 30: [0...................................]
Nov 04 17:17:10 30: [000000000000000000000000000000000000] --> 31
Nov 04 17:17:10 31: [0...................................]
Nov 04 17:17:10 31: [000000000000000000000000000000000000] --> 32
Nov 04 17:17:10 32: [0...................................]
Nov 04 17:17:10 32: [000000000000000000000000000000000000] --> 33
Nov 04 17:17:10 33: [0...................................]
Nov 04 17:17:10 33: [000000000000000000000000000000000000] --> 34
Nov 04 17:17:10 34: [0...................................]
Nov 04 17:17:10 34: [000000000000000000000000000000000000] --> 35
Nov 04 17:17:10 35: [0...................................]
Nov 04 17:17:10 35: [000000000000000000000000000000000000] --> 36
Nov 04 17:17:10 36: [0...................................]
Nov 04 17:17:10 36: [000000000000000000000000000000000000] --> 37
Nov 04 17:17:10 37: [0...................................]
Nov 04 17:17:11 37: [000000000000000000000000000000000000] --> 38
Nov 04 17:17:11 38: [0...................................]
Nov 04 17:17:11 38: [000000000000000000000000000000000000] --> 39
Nov 04 17:17:11 39: [0...................................]
Nov 04 17:17:11 39: [000000000000000000000000000000000000] --> 40
Nov 04 17:17:11 40: [0...................................]
Nov 04 17:17:11 40: [000000000000000000000000000000000000] --> 41
Nov 04 17:17:11 41: [0...................................]
Nov 04 17:17:11 41: [000000000000000000000000000000000000] --> 42
Nov 04 17:17:11 42: [0...................................]
Nov 04 17:17:11 42: [000000000000000000000000000000000000] --> 43
Nov 04 17:17:11 43: [0...................................]
Nov 04 17:17:11 43: [000000000000000000000000000000000000] --> 44
Nov 04 17:17:11 44: [0...................................]
Nov 04 17:17:11 44: [000000000000000000000000000000000000] --> 45
Nov 04 17:17:11 45: [0...................................]
Nov 04 17:17:11 45: [000000000000000000000000000000000000] --> 46
Nov 04 17:17:11 46: [0...................................]
Nov 04 17:17:11 46: [000000000000000000000000000000000000] --> 47
Nov 04 17:17:11 47: [0...................................]
Nov 04 17:17:11 47: [000000000000000000000000000000000000] --> 48
Nov 04 17:17:11 THE END
Nov 04 17:17:11 47: [000000000000000000000000000000000000] --> 48
Nov 04 17:17:11 {'app/0': '', 'app/1': '', 'app/2': '', 'app/3': '', 'app/4': '', 'app/5': '', 'app/6': '', 'app/7': '', 'app/8': '', 'app/9': '', 'app/10': '', 'app/11': '', 'app/12': '', 'app/13': '', 'app/14': '', 'app/15': '', 'app/16': '', 'app/17': '', 'app/18': '', 'app/19': '', 'app/20': '', 'app/21': '', 'app/22': '', 'app/23': '', 'app/24': '', 'app/25': '', 'app/26': '', 'app/27': '', 'app/28': '', 'app/29': '', 'app/30': '', 'app/31': '', 'app/32': '', 'app/33': '', 'app/34': '', 'app/35': ''}
