Nov 04 17:18:20 Resetting... [.................................................................................]
Nov 04 17:18:20 Reset [0................................................................................]
Nov 04 17:18:20 Reset [000111000101010111111000111001010101010100101010100011110101011100011100010101011]
Nov 04 17:18:20 0: [000111000101010111111000111001010101010100101010100011110101011100011100010101011] --> 0
Nov 04 17:18:20 0: [0................................................................................]
Nov 04 17:18:21 0: [000111110101010001101000000100000101010111101010100000110101001100100000000001010] --> 1
Nov 04 17:18:21 1: [0................................................................................]
Nov 04 17:18:21 1: [000111110001010110100100010101110100110111100010100110110100000111000100000000000] --> 2
Nov 04 17:18:21 2: [0................................................................................]
Nov 04 17:18:21 2: [000110010001000001000000010100000110100000000000100110000100110101000000010000000] --> 3
Nov 04 17:18:21 3: [0................................................................................]
Nov 04 17:18:21 3: [000100000000100011000000111000000110000000000000000110001100110011000000010000000] --> 4
Nov 04 17:18:21 4: [0................................................................................]
Nov 04 17:18:21 4: [000000000000000101000000000000000101000000000000000110011100110010100000011000000] --> 5
Nov 04 17:18:21 5: [0................................................................................]
Nov 04 17:18:21 5: [000000000000000000000000000000000000000000100001000110010100110100100000011000000] --> 6
Nov 04 17:18:21 6: [0................................................................................]
Nov 04 17:18:21 6: [000000000000000000000000000000000000000000110001001000010100110100100000011000000] --> 7
Nov 04 17:18:22 7: [0................................................................................]
Nov 04 17:18:22 7: [000000000000000000000000000000000000000000100001001000010110100100100000011000000] --> 8
Nov 04 17:18:22 8: [0................................................................................]
Nov 04 17:18:22 8: [000000000000000000000000000000000000000000000001111100010111000100110000011000000] --> 9
Nov 04 17:18:22 9: [0................................................................................]
Nov 04 17:18:22 9: [000000000000000000000000000000000000000111000001000100010000100100001000011100000] --> 10
Nov 04 17:18:22 10: [0................................................................................]
Nov 04 17:18:22 10: [000000000000000000000000000000010000000111000001110100010001100100000000011000000] --> 11
Nov 04 17:18:22 11: [0................................................................................]
Nov 04 17:18:22 11: [000000000000000000000000000000111000001000000001000100011111100101000000010000000] --> 12
Nov 04 17:18:22 12: [0................................................................................]
Nov 04 17:18:22 12: [000000000000000000000010000000110000001011000000010100000011100100011000010000000] --> 13
Nov 04 17:18:22 13: [0................................................................................]
Nov 04 17:18:23 13: [000000000000000000000110000000000000000000000000000100000100100000010100000000000] --> 14
Nov 04 17:18:23 14: [0................................................................................]
Nov 04 17:18:23 14: [000000000000000000000000000000000000000000000000000000000000110000001000000000000] --> 15
Nov 04 17:18:23 15: [0................................................................................]
Nov 04 17:18:23 15: [000000000000000000000000000000000000000000000000000000000000100000000100000000000] --> 16
Nov 04 17:18:23 16: [0................................................................................]
Nov 04 17:18:23 16: [000000000000000000000000000000000000000000000000000000000000000000000000000000000] --> 17
Nov 04 17:18:23 17: [0................................................................................]
Nov 04 17:18:23 17: [000000000000000000000000000000000000000000000000000000000000000000000000000000000] --> 18
Nov 04 17:18:23 18: [0................................................................................]
Nov 04 17:18:23 18: [000000000000000000000000000000000000000000000000000000000000000000000000000000000] --> 19
Nov 04 17:18:23 19: [0................................................................................]
Nov 04 17:18:23 19: [000000000000000000000000000000000000000000000000000000000000000000000000000000000] --> 20
Nov 04 17:18:24 20: [0................................................................................]
Nov 04 17:18:24 20: [000000000000000000000000000000000000000000000000000000000000000000000000000000000] --> 21
Nov 04 17:18:24 21: [0................................................................................]
Nov 04 17:18:24 21: [000000000000000000000000000000000000000000000000000000000000000000000000000000000] --> 22
Nov 04 17:18:24 22: [0................................................................................]
Nov 04 17:18:24 22: [000000000000000000000000000000000000000000000000000000000000000000000000000000000] --> 23
Nov 04 17:18:24 23: [0................................................................................]
Nov 04 17:18:24 23: [000000000000000000000000000000000000000000000000000000000000000000000000000000000] --> 24
Nov 04 17:18:24 24: [0................................................................................]
Nov 04 17:18:24 24: [000000000000000000000000000000000000000000000000000000000000000000000000000000000] --> 25
Nov 04 17:18:24 25: [0................................................................................]
Nov 04 17:18:25 25: [000000000000000000000000000000000000000000000000000000000000000000000000000000000] --> 26
Nov 04 17:18:25 26: [0................................................................................]
Nov 04 17:18:25 26: [000000000000000000000000000000000000000000000000000000000000000000000000000000000] --> 27
Nov 04 17:18:25 27: [0................................................................................]
Nov 04 17:18:25 27: [000000000000000000000000000000000000000000000000000000000000000000000000000000000] --> 28
Nov 04 17:18:25 28: [0................................................................................]
Nov 04 17:18:25 28: [000000000000000000000000000000000000000000000000000000000000000000000000000000000] --> 29
Nov 04 17:18:25 29: [0................................................................................]
Nov 04 17:18:25 29: [000000000000000000000000000000000000000000000000000000000000000000000000000000000] --> 30
Nov 04 17:18:25 30: [0................................................................................]
Nov 04 17:18:25 30: [000000000000000000000000000000000000000000000000000000000000000000000000000000000] --> 31
Nov 04 17:18:25 31: [0................................................................................]
Nov 04 17:18:26 31: [000000000000000000000000000000000000000000000000000000000000000000000000000000000] --> 32
Nov 04 17:18:26 32: [0................................................................................]
Nov 04 17:18:26 32: [000000000000000000000000000000000000000000000000000000000000000000000000000000000] --> 33
Nov 04 17:18:26 33: [0................................................................................]
Nov 04 17:18:26 33: [000000000000000000000000000000000000000000000000000000000000000000000000000000000] --> 34
Nov 04 17:18:26 34: [0................................................................................]
Nov 04 17:18:26 34: [000000000000000000000000000000000000000000000000000000000000000000000000000000000] --> 35
Nov 04 17:18:26 35: [0................................................................................]
Nov 04 17:18:26 35: [000000000000000000000000000000000000000000000000000000000000000000000000000000000] --> 36
Nov 04 17:18:26 36: [0................................................................................]
Nov 04 17:18:26 36: [000000000000000000000000000000000000000000000000000000000000000000000000000000000] --> 37
Nov 04 17:18:26 37: [0................................................................................]
Nov 04 17:18:27 37: [000000000000000000000000000000000000000000000000000000000000000000000000000000000] --> 38
Nov 04 17:18:27 38: [0................................................................................]
Nov 04 17:18:27 38: [000000000000000000000000000000000000000000000000000000000000000000000000000000000] --> 39
Nov 04 17:18:27 39: [0................................................................................]
Nov 04 17:18:27 39: [000000000000000000000000000000000000000000000000000000000000000000000000000000000] --> 40
Nov 04 17:18:27 40: [0................................................................................]
Nov 04 17:18:27 40: [000000000000000000000000000000000000000000000000000000000000000000000000000000000] --> 41
Nov 04 17:18:27 41: [0................................................................................]
Nov 04 17:18:27 41: [000000000000000000000000000000000000000000000000000000000000000000000000000000000] --> 42
Nov 04 17:18:27 42: [0................................................................................]
Nov 04 17:18:27 42: [000000000000000000000000000000000000000000000000000000000000000000000000000000000] --> 43
Nov 04 17:18:27 43: [0................................................................................]
Nov 04 17:18:28 43: [000000000000000000000000000000000000000000000000000000000000000000000000000000000] --> 44
Nov 04 17:18:28 44: [0................................................................................]
Nov 04 17:18:28 44: [000000000000000000000000000000000000000000000000000000000000000000000000000000000] --> 45
Nov 04 17:18:28 45: [0................................................................................]
Nov 04 17:18:28 45: [000000000000000000000000000000000000000000000000000000000000000000000000000000000] --> 46
Nov 04 17:18:28 46: [0................................................................................]
Nov 04 17:18:28 46: [000000000000000000000000000000000000000000000000000000000000000000000000000000000] --> 47
Nov 04 17:18:28 47: [0................................................................................]
Nov 04 17:18:28 47: [000000000000000000000000000000000000000000000000000000000000000000000000000000000] --> 48
Nov 04 17:18:28 THE END
Nov 04 17:18:28 47: [000000000000000000000000000000000000000000000000000000000000000000000000000000000] --> 48
Nov 04 17:18:28 {'app/0': '', 'app/1': '', 'app/2': '', 'app/3': '', 'app/4': '', 'app/5': '', 'app/6': '', 'app/7': '', 'app/8': '', 'app/9': '', 'app/10': '', 'app/11': '', 'app/12': '', 'app/13': '', 'app/14': '', 'app/15': '', 'app/16': '', 'app/17': '', 'app/18': '', 'app/19': '', 'app/20': '', 'app/21': '', 'app/22': '', 'app/23': '', 'app/24': '', 'app/25': '', 'app/26': '', 'app/27': '', 'app/28': '', 'app/29': '', 'app/30': '', 'app/31': '', 'app/32': '', 'app/33': '', 'app/34': '', 'app/35': '', 'app/36': '', 'app/37': '', 'app/38': '', 'app/39': '', 'app/40': '', 'app/41': '', 'app/42': '', 'app/43': '', 'app/44': '', 'app/45': '', 'app/46': '', 'app/47': '', 'app/48': '', 'app/49': '', 'app/50': '', 'app/51': '', 'app/52': '', 'app/53': '', 'app/54': '', 'app/55': '', 'app/56': '', 'app/57': '', 'app/58': '', 'app/59': '', 'app/60': '', 'app/61': '', 'app/62': '', 'app/63': '', 'app/64': '', 'app/65': '', 'app/66': '', 'app/67': '', 'app/68': '', 'app/69': '', 'app/70': '', 'app/71': '', 'app/72': '', 'app/73': '', 'app/74': '', 'app/75': '', 'app/76': '', 'app/77': '', 'app/78': '', 'app/79': '', 'app/80': ''}
