Nov 04 17:16:20 Resetting... [.........]
Nov 04 17:16:20 Reset [0........]
Nov 04 17:16:20 Reset [000111000]
Nov 04 17:16:20 0: [000111000] --> 0
Nov 04 17:16:20 0: [0........]
Nov 04 17:16:20 0: [010010010] --> 1
Nov 04 17:16:20 1: [0........]
Nov 04 17:16:20 1: [000111000] --> 2
Nov 04 17:16:20 2: [0........]
Nov 04 17:16:20 2: [010010010] --> 3
Nov 04 17:16:20 3: [0........]
Nov 04 17:16:20 3: [000111000] --> 4
Nov 04 17:16:20 4: [0........]
Nov 04 17:16:20 4: [010010010] --> 5
Nov 04 17:16:20 5: [0........]
Nov 04 17:16:20 5: [000111000] --> 6
Nov 04 17:16:20 6: [0........]
Nov 04 17:16:20 6: [010010010] --> 7
Nov 04 17:16:20 7: [0........]
Nov 04 17:16:20 7: [000111000] --> 8
Nov 04 17:16:20 8: [0........]
Nov 04 17:16:20 8: [010010010] --> 9
Nov 04 17:16:20 9: [0........]
Nov 04 17:16:20 9: [000111000] --> 10
Nov 04 17:16:20 10: [0........]
Nov 04 17:16:20 10: [010010010] --> 11
Nov 04 17:16:20 11: [0........]
Nov 04 17:16:20 11: [000111000] --> 12
Nov 04 17:16:20 12: [0........]
Nov 04 17:16:20 12: [010010010] --> 13
Nov 04 17:16:20 13: [0........]
Nov 04 17:16:20 13: [000111000] --> 14
Nov 04 17:16:20 14: [0........]
Nov 04 17:16:20 14: [010010010] --> 15
Nov 04 17:16:20 15: [0........]
Nov 04 17:16:20 15: [000111000] --> 16
Nov 04 17:16:20 16: [0........]
Nov 04 17:16:20 16: [010010010] --> 17
Nov 04 17:16:20 17: [0........]
Nov 04 17:16:20 17: [000111000] --> 18
Nov 04 17:16:20 18: [0........]
Nov 04 17:16:20 18: [010010010] --> 19
Nov 04 17:16:20 19: [0........]
Nov 04 17:16:20 19: [000111000] --> 20
Nov 04 17:16:20 20: [0........]
Nov 04 17:16:20 20: [010010010] --> 21
Nov 04 17:16:20 21: [0........]
Nov 04 17:16:20 21: [000111000] --> 22
Nov 04 17:16:20 22: [0........]
Nov 04 17:16:20 22: [010010010] --> 23
Nov 04 17:16:20 23: [0........]
Nov 04 17:16:20 23: [000111000] --> 24
Nov 04 17:16:20 24: [0........]
Nov 04 17:16:20 24: [010010010] --> 25
Nov 04 17:16:20 25: [0........]
Nov 04 17:16:20 25: [000111000] --> 26
Nov 04 17:16:21 26: [0........]
Nov 04 17:16:21 26: [010010010] --> 27
Nov 04 17:16:21 27: [0........]
Nov 04 17:16:21 27: [000111000] --> 28
Nov 04 17:16:21 28: [0........]
Nov 04 17:16:21 28: [010010010] --> 29
Nov 04 17:16:21 29: [0........]
Nov 04 17:16:21 29: [000111000] --> 30
Nov 04 17:16:21 30: [0........]
Nov 04 17:16:21 30: [010010010] --> 31
Nov 04 17:16:21 31: [0........]
Nov 04 17:16:21 31: [000111000] --> 32
Nov 04 17:16:21 32: [0........]
Nov 04 17:16:21 32: [010010010] --> 33
Nov 04 17:16:21 33: [0........]
Nov 04 17:16:21 33: [000111000] --> 34
Nov 04 17:16:21 34: [0........]
Nov 04 17:16:21 34: [010010010] --> 35
Nov 04 17:16:21 35: [0........]
Nov 04 17:16:21 35: [000111000] --> 36
Nov 04 17:16:21 36: [0........]
Nov 04 17:16:21 36: [010010010] --> 37
Nov 04 17:16:21 37: [0........]
Nov 04 17:16:21 37: [000111000] --> 38
Nov 04 17:16:21 38: [0........]
Nov 04 17:16:21 38: [010010010] --> 39
Nov 04 17:16:21 39: [0........]
Nov 04 17:16:21 39: [000111000] --> 40
Nov 04 17:16:21 40: [0........]
Nov 04 17:16:21 40: [010010010] --> 41
Nov 04 17:16:21 41: [0........]
Nov 04 17:16:21 41: [000111000] --> 42
Nov 04 17:16:21 42: [0........]
Nov 04 17:16:21 42: [010010010] --> 43
Nov 04 17:16:21 43: [0........]
Nov 04 17:16:21 43: [000111000] --> 44
Nov 04 17:16:21 44: [0........]
Nov 04 17:16:21 44: [010010010] --> 45
Nov 04 17:16:21 45: [0........]
Nov 04 17:16:21 45: [000111000] --> 46
Nov 04 17:16:21 46: [0........]
Nov 04 17:16:21 46: [010010010] --> 47
Nov 04 17:16:21 47: [0........]
Nov 04 17:16:21 47: [000111000] --> 48
Nov 04 17:16:21 THE END
Nov 04 17:16:21 47: [000111000] --> 48
Nov 04 17:16:21 {'app/0': '', 'app/1': '', 'app/2': '', 'app/3': '', 'app/4': '', 'app/5': '', 'app/6': '', 'app/7': '', 'app/8': ''}
