Nov 04 17:16:31 Resetting... [................]
Nov 04 17:16:31 Reset [0...............]
Nov 04 17:16:31 Reset [0001110001010101]
Nov 04 17:16:31 0: [0001110001010101] --> 0
Nov 04 17:16:31 0: [0...............]
Nov 04 17:16:31 0: [0000110001000000] --> 1
Nov 04 17:16:31 1: [0...............]
Nov 04 17:16:31 1: [0000110011000000] --> 2
Nov 04 17:16:31 2: [0...............]
Nov 04 17:16:31 2: [0000110011000000] --> 3
Nov 04 17:16:31 3: [0...............]
Nov 04 17:16:31 3: [0000110011000000] --> 4
Nov 04 17:16:31 4: [0...............]
Nov 04 17:16:31 4: [0000110011000000] --> 5
Nov 04 17:16:31 5: [0...............]
Nov 04 17:16:31 5: [0000110011000000] --> 6
Nov 04 17:16:31 6: [0...............]
Nov 04 17:16:31 6: [0000110011000000] --> 7
Nov 04 17:16:31 7: [0...............]
Nov 04 17:16:31 7: [0000110011000000] --> 8
Nov 04 17:16:31 8: [0...............]
Nov 04 17:16:31 8: [0000110011000000] --> 9
Nov 04 17:16:31 9: [0...............]
Nov 04 17:16:31 9: [0000110011000000] --> 10
Nov 04 17:16:31 10: [0...............]
Nov 04 17:16:31 10: [0000110011000000] --> 11
Nov 04 17:16:31 11: [0...............]
Nov 04 17:16:31 11: [0000110011000000] --> 12
Nov 04 17:16:31 12: [0...............]
Nov 04 17:16:31 12: [0000110011000000] --> 13
Nov 04 17:16:31 13: [0...............]
Nov 04 17:16:31 13: [0000110011000000] --> 14
Nov 04 17:16:31 14: [0...............]
Nov 04 17:16:31 14: [0000110011000000] --> 15
Nov 04 17:16:31 15: [0...............]
Nov 04 17:16:31 15: [0000110011000000] --> 16
Nov 04 17:16:31 16: [0...............]
Nov 04 17:16:31 16: [0000110011000000] --> 17
Nov 04 17:16:31 17: [0...............]
Nov 04 17:16:31 17: [0000110011000000] --> 18
Nov 04 17:16:31 18: [0...............]
Nov 04 17:16:31 18: [0000110011000000] --> 19
Nov 04 17:16:32 19: [0...............]
Nov 04 17:16:32 19: [0000110011000000] --> 20
Nov 04 17:16:32 20: [0...............]
Nov 04 17:16:32 20: [0000110011000000] --> 21
Nov 04 17:16:32 21: [0...............]
Nov 04 17:16:32 21: [0000110011000000] --> 22
Nov 04 17:16:32 22: [0...............]
Nov 04 17:16:32 22: [0000110011000000] --> 23
Nov 04 17:16:32 23: [0...............]
Nov 04 17:16:32 23: [0000110011000000] --> 24
Nov 04 17:16:32 24: [0...............]
Nov 04 17:16:32 24: [0000110011000000] --> 25
Nov 04 17:16:32 25: [0...............]
Nov 04 17:16:32 25: [0000110011000000] --> 26
Nov 04 17:16:32 26: [0...............]
Nov 04 17:16:32 26: [0000110011000000] --> 27
Nov 04 17:16:32 27: [0...............]
Nov 04 17:16:32 27: [0000110011000000] --> 28
Nov 04 17:16:32 28: [0...............]
Nov 04 17:16:32 28: [0000110011000000] --> 29
Nov 04 17:16:32 29: [0...............]
Nov 04 17:16:32 29: [0000110011000000] --> 30
Nov 04 17:16:32 30: [0...............]
Nov 04 17:16:32 30: [0000110011000000] --> 31
Nov 04 17:16:32 31: [0...............]
Nov 04 17:16:32 31: [0000110011000000] --> 32
Nov 04 17:16:32 32: [0...............]
Nov 04 17:16:32 32: [0000110011000000] --> 33
Nov 04 17:16:32 33: [0...............]
Nov 04 17:16:32 33: [0000110011000000] --> 34
Nov 04 17:16:32 34: [0...............]
Nov 04 17:16:32 34: [0000110011000000] --> 35
Nov 04 17:16:32 35: [0...............]
Nov 04 17:16:32 35: [0000110011000000] --> 36
Nov 04 17:16:32 36: [0...............]
Nov 04 17:16:32 36: [0000110011000000] --> 37
Nov 04 17:16:32 37: [0...............]
Nov 04 17:16:32 37: [0000110011000000] --> 38
Nov 04 17:16:32 38: [0...............]
Nov 04 17:16:32 38: [0000110011000000] --> 39
Nov 04 17:16:33 39: [0...............]
Nov 04 17:16:33 39: [0000110011000000] --> 40
Nov 04 17:16:33 40: [0...............]
Nov 04 17:16:33 40: [0000110011000000] --> 41
Nov 04 17:16:33 41: [0...............]
Nov 04 17:16:33 41: [0000110011000000] --> 42
Nov 04 17:16:33 42: [0...............]
Nov 04 17:16:33 42: [0000110011000000] --> 43
Nov 04 17:16:33 43: [0...............]
Nov 04 17:16:33 43: [0000110011000000] --> 44
Nov 04 17:16:33 44: [0...............]
Nov 04 17:16:33 44: [0000110011000000] --> 45
Nov 04 17:16:33 45: [0...............]
Nov 04 17:16:33 45: [0000110011000000] --> 46
Nov 04 17:16:33 46: [0...............]
Nov 04 17:16:33 46: [0000110011000000] --> 47
Nov 04 17:16:33 47: [0...............]
Nov 04 17:16:33 47: [0000110011000000] --> 48
Nov 04 17:16:33 THE END
Nov 04 17:16:33 47: [0000110011000000] --> 48
Nov 04 17:16:33 {'app/0': '', 'app/1': '', 'app/2': '', 'app/3': '', 'app/4': '', 'app/5': '', 'app/6': '', 'app/7': '', 'app/8': '', 'app/9': '', 'app/10': '', 'app/11': '', 'app/12': '', 'app/13': '', 'app/14': '', 'app/15': ''}
