Nov 04 17:21:20 Resetting... [....................................................................................................................................................................................................]
Nov 04 17:21:20 Reset [0...................................................................................................................................................................................................]
Nov 04 17:21:20 Reset [0001110001010101111110001110010101010101001010101000111101010111000111000101010111111000111001010101010100101010100011110101011100011100010101011111100011100101010101010010101010001111010101110001]
Nov 04 17:21:20 0: [0001110001010101111110001110010101010101001010101000111101010111000111000101010111111000111001010101010100101010100011110101011100011100010101011111100011100101010101010010101010001111010101110001] --> 0
Nov 04 17:21:20 0: [0...................................................................................................................................................................................................]
Nov 04 17:21:21 0: [0000001000010001000000110000100000010100011000000010000101010001110000001100010100000011000100000111010000100001101000000101011111000000110101010000001101010000000101001010000000100101111111110011] --> 1
Nov 04 17:21:21 1: [0...................................................................................................................................................................................................]
Nov 04 17:21:21 1: [0000000000000000000001111000110000010100001100000000000001010001010000010010110100000000100100000010010000100001000000000101011001000001000100010000010000110000000101001000111100110101111111110011] --> 2
Nov 04 17:21:21 2: [0...................................................................................................................................................................................................]
Nov 04 17:21:21 2: [0000000011000000000001011000110000010110000000000000000001000011000000001111110000000001111100000000000000100010000000001110010000000011001011100000110000110011101101101000000000010101110000111111] --> 3
Nov 04 17:21:22 3: [0...................................................................................................................................................................................................]
Nov 04 17:21:22 3: [0000000011100000000001000000000000000110001100001110000000111001000000001000001000000010000010000000001110100000000000010011110100000100000010100100000110001001011101101001110100000101100000011101] --> 4
Nov 04 17:21:22 4: [0...................................................................................................................................................................................................]
Nov 04 17:21:22 4: [0000000011000000000000000000000000100100000111001111000000110010000000011000011000000001010011000000000110110110000001011001100100001000100100100001001110001001011011010001110100000101111000001010] --> 5
Nov 04 17:21:22 5: [0...................................................................................................................................................................................................]
Nov 04 17:21:23 5: [0000000000000000000000110000001000100100000101011011000000000010010000010010111100000010110000100000000100000110000001001000010000001011100101100001100001001001011110010100010111100100100100000000] --> 6
Nov 04 17:21:23 6: [0...................................................................................................................................................................................................]
Nov 04 17:21:23 6: [0000000000000000000000110000001001100010000010011011100000101000001000000110111110000001100111110000000110000110000001111011010000001000001101100000000011001000000010110110110100100000000010110000] --> 7
Nov 04 17:21:23 7: [0...................................................................................................................................................................................................]
Nov 04 17:21:23 7: [0000000000000000000000010000000001100010000110101100110000101000000100001000100000000001000000001000000000000000000000000010010000011000000001100000000000000000000000110111011110110000000111110000] --> 8
Nov 04 17:21:24 8: [0...................................................................................................................................................................................................]
Nov 04 17:21:24 8: [0000000000000000000000000000000001110111000110101100110000100011001100001000000000000000000000000000000000000000000000000000000000000000000000000000000000000100110001100010110000111000101100011000] --> 9
Nov 04 17:21:24 9: [0...................................................................................................................................................................................................]
Nov 04 17:21:24 9: [0000000000000000000010001000000001011101000111000000001000100111001100000000000000000000000000000000000000000000000000000000000000000000000000000000000000000111100010100010000001001000001100011000] --> 10
Nov 04 17:21:24 10: [0...................................................................................................................................................................................................]
Nov 04 17:21:25 10: [0000000000000000000011111000001000111111000111110001001001110010000100000000100000000000000000000000000000000000000000000000000000000000000000001100000000000111000001000000001001000000000000011000] --> 11
Nov 04 17:21:25 11: [0...................................................................................................................................................................................................]
Nov 04 17:21:25 11: [0000000111000000000010000100011010000001000000110001001001000010000000001000000000000000000000000000000000000000000000000000000000000000000000010100000000000100100000000000110001000000000000011000] --> 12
Nov 04 17:21:25 12: [0...................................................................................................................................................................................................]
Nov 04 17:21:25 12: [0000000110000000000001101000000110000011100111110000000000000100000000000000000000000000000000000000000000000000000000000000000000000000000000001000000000000100100000000000110001100000000000011000] --> 13
Nov 04 17:21:25 13: [0...................................................................................................................................................................................................]
Nov 04 17:21:26 13: [0000000111000000000001101000000001000111000010010000010000110100000000000000000000000000000000000000000000000000000000000000000000000000000000000000000000000100000000000000110001100000000000011000] --> 14
Nov 04 17:21:26 14: [0...................................................................................................................................................................................................]
Nov 04 17:21:26 14: [0000000101000000000011000100000000101101000011011000010000111000000000000000000000000000000000000000000000000000000000000000000000000000000000000000000000000010000000000000100001100000000000011000] --> 15
Nov 04 17:21:26 15: [0...................................................................................................................................................................................................]
Nov 04 17:21:27 15: [0000001110000000000010010000000000001001100010011100100000101100000000000100000000000000000000000000000000000000000000000000000000000000000000000000000000000000000000000000000001100000000000011000] --> 16
Nov 04 17:21:27 16: [0...................................................................................................................................................................................................]
Nov 04 17:21:27 16: [0000001110000000000010010000000001001111000001111100010000101100000000000110000000000000000000000000000000000000000000000000000000000000000000000000000000000000000000000000000001100000000000011000] --> 17
Nov 04 17:21:27 17: [0...................................................................................................................................................................................................]
Nov 04 17:21:27 17: [0000001110000000000110000000000000001101000001000111010000100000000000000111000000000000000000000000000000000000000000000000000000000000000000000000000000000000000000000000000001100000000000011000] --> 18
Nov 04 17:21:28 18: [0...................................................................................................................................................................................................]
Nov 04 17:21:28 18: [0000011100000000000110010000000000100100000000000101000000100000100000000110000000000000100000000000000000000000000000000000000000000000000000000000000000000000000000000000000001100000000000011000] --> 19
Nov 04 17:21:28 19: [0...................................................................................................................................................................................................]
Nov 04 17:21:28 19: [0000010100000000000000100000000001110110000000000101000000010000100000000110000000000001100000000000000000000000000000000000000000000000000000000000000000000000000000000000000001100000000000011000] --> 20
Nov 04 17:21:29 20: [0...................................................................................................................................................................................................]
Nov 04 17:21:29 20: [0000000000000000000100110000000000110110000000000101100000011000100000001000000000000001100000000000000000000000000000000000000000000000000000000000000000000000000000000000000001100000000000011000] --> 21
Nov 04 17:21:29 21: [0...................................................................................................................................................................................................]
Nov 04 17:21:29 21: [0000000000000000000011111000000000110000000000001100100000010000110000001000000000000001000000000000000000000000000000000000000000000000000000000000000000000000000000000000000001100000000000011000] --> 22
Nov 04 17:21:29 22: [0...................................................................................................................................................................................................]
Nov 04 17:21:30 22: [0000000111000000000010110000000001000010000000001001000000000001110000001100000000000000000000000000000000000000000000000000000000000000000000000000000000000000000000000000000001100000000000011000] --> 23
Nov 04 17:21:30 23: [0...................................................................................................................................................................................................]
Nov 04 17:21:30 23: [0000000101000000000010001000000001111010000000001101100000000001110000000000001000000000000000000000000000000000000000000000000000000000000000000000000000000000000000000000000001100000000000011000] --> 24
Nov 04 17:21:30 24: [0...................................................................................................................................................................................................]
Nov 04 17:21:31 24: [0000000000000000000100001000000001001011000000010000100000000010001000000000011100000000000000000000000000000000000000000000000000000000000000000000000000000000000000000000000001100000000000011000] --> 25
Nov 04 17:21:31 25: [0...................................................................................................................................................................................................]
Nov 04 17:21:31 25: [0000000000000000000000011100000011100011000000011000100000000011101000000000011100000000000010000000000000000000000000000000000000000000000000000000000000000000000000000000000001100000000000011000] --> 26
Nov 04 17:21:31 26: [0...................................................................................................................................................................................................]
Nov 04 17:21:31 26: [0000000000100000000100010100000010100000000000100000100000000100001000000000100000000000000111000000000000000000000000000000000000000000000000000000000000000000000000000000000001100000000000011000] --> 27
Nov 04 17:21:32 27: [0...................................................................................................................................................................................................]
Nov 04 17:21:32 27: [0000000000100000000100001000000010000010000000100000000000000100000000000000111100000000000110000000000000100000000000000000000000000000000000000000000000000000000000000000000001100000000000011000] --> 28
Nov 04 17:21:32 28: [0...................................................................................................................................................................................................]
Nov 04 17:21:32 28: [0000000000000000000000011100000011000000000000110000000000000111100000000000100100000000001000000000000001100000000000000000000000000000000000000000000000000000000000000000000001100000000000011000] --> 29
Nov 04 17:21:33 29: [0...................................................................................................................................................................................................]
Nov 04 17:21:33 29: [0000000000100000000000001000000011000010000000000100000000001001100000000000001000000000001010000000000001000000000000000000000000000000000000000000000000000000000000000000000001100000000000011000] --> 30
Nov 04 17:21:33 30: [0...................................................................................................................................................................................................]
Nov 04 17:21:34 30: [0000000000000000000000011100000000000000000000111110000000000001100000000000001100000000000010000000000001000000000000000000000000000000000000000000000000000000000000000000000001100000000000011000] --> 31
Nov 04 17:21:34 31: [0...................................................................................................................................................................................................]
Nov 04 17:21:34 31: [0000000000100000000000001000000001111110000000011010000000000100000000000000000100000000000111000000000000000000000000000000000000000000000000000000000000000000000000000000000001100000000000011000] --> 32
Nov 04 17:21:34 32: [0...................................................................................................................................................................................................]
Nov 04 17:21:35 32: [0000000000000000000011101100000001001010000000100010000000000110000000000000000100000000000011000000000000100000000000000000000000000000000000000000000000000000000000000000000001100000000000011000] --> 33
Nov 04 17:21:35 33: [0...................................................................................................................................................................................................]
Nov 04 17:21:35 33: [0000000100000000000011101100000001101011000000101101000000000100000000000000001100000000000011000000000000110000000000000000000000000000000000000000000000000000000000000000000001100000000000011000] --> 34
Nov 04 17:21:35 34: [0...................................................................................................................................................................................................]
Nov 04 17:21:36 34: [0000001110000000000100101100000000000001000000100111100000000111010000000000001100000000000100100000000000110000000000000000000000000000000000000000000000000000000000000000000001100000000000011000] --> 35
Nov 04 17:21:36 35: [0...................................................................................................................................................................................................]
Nov 04 17:21:36 35: [0000001111000000000010111100000000010001000000010101100000000110000000000000000110000000000100100000000000110000000000000000000000000000000000000000000000000000000000000000000001100000000000011000] --> 36
Nov 04 17:21:36 36: [0...................................................................................................................................................................................................]
Nov 04 17:21:37 36: [0000001000000000000010000100000000010001000000010110100000000110100000000000100110000000000000100000000000110000000000000000000000000000000000000000000000000000000000000000000001100000000000011000] --> 37
Nov 04 17:21:37 37: [0...................................................................................................................................................................................................]
Nov 04 17:21:37 37: [0000000000000000000011000000000000011011000000010011000000000100101000000001110110000000000010100000000000010000000000000000000000000000000000000000000000000000000000000000000001100000000000011000] --> 38
Nov 04 17:21:37 38: [0...................................................................................................................................................................................................]
Nov 04 17:21:38 38: [0000000000000000000011100000000000000010000000001000010000001100001000000001110011000000001110100000000000010000000000000000000000000000000000000000000000000000000000000000000001100000000000011000] --> 39
Nov 04 17:21:38 39: [0...................................................................................................................................................................................................]
Nov 04 17:21:38 39: [0000000100000000000001000000000000100000000000010000110000001001001000000010001011000000010010110000000001110000000000000000000000000000000000000000000000000000000000000000000001100000000000011000] --> 40
Nov 04 17:21:38 40: [0...................................................................................................................................................................................................]
Nov 04 17:21:39 40: [0000000000000000000011000000000000100000000000011000110000001100000000000011011000000000000000010000000001111000000000001000000000000000000000000000000000000000000000000000000001100000000000011000] --> 41
Nov 04 17:21:39 41: [0...................................................................................................................................................................................................]
Nov 04 17:21:39 41: [0000000000000000000011000000000000000000000000101000000000000001000000000011100000000000001000100000000001111000000000011000000000000000000000000000000000000000000000000000000001100000000000011000] --> 42
Nov 04 17:21:40 42: [0...................................................................................................................................................................................................]
Nov 04 17:21:40 42: [0000000000000000000000000000000001110000000000000000000000001001000000000001110000000000001010100000000010001000000000010000000000000000000000000000000000000000000000000000000001100000000000011000] --> 43
Nov 04 17:21:40 43: [0...................................................................................................................................................................................................]
Nov 04 17:21:40 43: [0000000000000000000010000000000000100000000000010100000000000101000000000001001000000000000001000000000010010000000000000000000000000000000000000000000000000000000000000000000001100000000000011000] --> 44
Nov 04 17:21:41 44: [0...................................................................................................................................................................................................]
Nov 04 17:21:41 44: [0000000000000000000000000000000001110000000000010100000000001101100000000000101000000000000011000000000000000000000000000000000000000000000000000000000000000000000000000000000001100000000000011000] --> 45
Nov 04 17:21:41 45: [0...................................................................................................................................................................................................]
Nov 04 17:21:41 45: [0000000000000000000010000000000001010000000000000000000000001100100000000001100000000000000111000000000000000000000000000000000000000000000000000000000000000000000000000000000001100000000000011000] --> 46
Nov 04 17:21:42 46: [0...................................................................................................................................................................................................]
Nov 04 17:21:42 46: [0000000000000000000010000000000000100000000000111000000000001110000000000011100100000000001110000000000000100000000000000000000000000000000000000000000000000000000000000000000001100000000000011000] --> 47
Nov 04 17:21:43 47: [0...................................................................................................................................................................................................]
Nov 04 17:21:43 47: [0000000000000000000000000000000000110000000000100100000000010001000000000010001000000000001011000000000000100000000000000000000000000000000000000000000000000000000000000000000001100000000000011000] --> 48
Nov 04 17:21:43 THE END
Nov 04 17:21:43 47: [0000000000000000000000000000000000110000000000100100000000010001000000000010001000000000001011000000000000100000000000000000000000000000000000000000000000000000000000000000000001100000000000011000] --> 48
Nov 04 17:21:43 {'app/0': '', 'app/1': '', 'app/2': '', 'app/3': '', 'app/4': '', 'app/5': '', 'app/6': '', 'app/7': '', 'app/8': '', 'app/9': '', 'app/10': '', 'app/11': '', 'app/12': '', 'app/13': '', 'app/14': '', 'app/15': '', 'app/16': '', 'app/17': '', 'app/18': '', 'app/19': '', 'app/20': '', 'app/21': '', 'app/22': '', 'app/23': '', 'app/24': '', 'app/25': '', 'app/26': '', 'app/27': '', 'app/28': '', 'app/29': '', 'app/30': '', 'app/31': '', 'app/32': '', 'app/33': '', 'app/34': '', 'app/35': '', 'app/36': '', 'app/37': '', 'app/38': '', 'app/39': '', 'app/40': '', 'app/41': '', 'app/42': '', 'app/43': '', 'app/44': '', 'app/45': '', 'app/46': '', 'app/47': '', 'app/48': '', 'app/49': '', 'app/50': '', 'app/51': '', 'app/52': '', 'app/53': '', 'app/54': '', 'app/55': '', 'app/56': '', 'app/57': '', 'app/58': '', 'app/59': '', 'app/60': '', 'app/61': '', 'app/62': '', 'app/63': '', 'app/64': '', 'app/65': '', 'app/66': '', 'app/67': '', 'app/68': '', 'app/69': '', 'app/70': '', 'app/71': '', 'app/72': '', 'app/73': '', 'app/74': '', 'app/75': '', 'app/76': '', 'app/77': '', 'app/78': '', 'app/79': '', 'app/80': '', 'app/81': '', 'app/82': '', 'app/83': '', 'app/84': '', 'app/85': '', 'app/86': '', 'app/87': '', 'app/88': '', 'app/89': '', 'app/90': '', 'app/91': '', 'app/92': '', 'app/93': '', 'app/94': '', 'app/95': '', 'app/96': '', 'app/97': '', 'app/98': '', 'app/99': '', 'app/100': '', 'app/101': '', 'app/102': '', 'app/103': '', 'app/104': '', 'app/105': '', 'app/106': '', 'app/107': '', 'app/108': '', 'app/109': '', 'app/110': '', 'app/111': '', 'app/112': '', 'app/113': '', 'app/114': '', 'app/115': '', 'app/116': '', 'app/117': '', 'app/118': '', 'app/119': '', 'app/120': '', 'app/121': '', 'app/122': '', 'app/123': '', 'app/124': '', 'app/125': '', 'app/126': '', 'app/127': '', 'app/128': '', 'app/129': '', 'app/130': '', 'app/131': '', 'app/132': '', 'app/133': '', 'app/134': '', 'app/135': '', 'app/136': '', 'app/137': '', 'app/138': '', 'app/139': '', 'app/140': '', 'app/141': '', 'app/142': '', 'app/143': '', 'app/144': '', 'app/145': '', 'app/146': '', 'app/147': '', 'app/148': '', 'app/149': '', 'app/150': '', 'app/151': '', 'app/152': '', 'app/153': '', 'app/154': '', 'app/155': '', 'app/156': '', 'app/157': '', 'app/158': '', 'app/159': '', 'app/160': '', 'app/161': '', 'app/162': '', 'app/163': '', 'app/164': '', 'app/165': '', 'app/166': '', 'app/167': '', 'app/168': '', 'app/169': '', 'app/170': '', 'app/171': '', 'app/172': '', 'app/173': '', 'app/174': '', 'app/175': '', 'app/176': '', 'app/177': '', 'app/178': '', 'app/179': '', 'app/180': '', 'app/181': '', 'app/182': '', 'app/183': '', 'app/184': '', 'app/185': '', 'app/186': '', 'app/187': '', 'app/188': '', 'app/189': '', 'app/190': '', 'app/191': '', 'app/192': '', 'app/193': '', 'app/194': '', 'app/195': ''}
