Nov 04 17:19:07 Resetting... [.........................................................................................................................]
Nov 04 17:19:08 Reset [0........................................................................................................................]
Nov 04 17:19:08 Reset [0001110001010101111110001110010101010101001010101000111101010111000111000101010111111000111001010101010100101010100011110]
Nov 04 17:19:08 0: [0001110001010101111110001110010101010101001010101000111101010111000111000101010111111000111001010101010100101010100011110] --> 0
Nov 04 17:19:08 0: [0........................................................................................................................]
Nov 04 17:19:08 0: [0001000101001100001011001000000110010100100010101010001100011100011000000000010000101000100000010001010010001100010011010] --> 1
Nov 04 17:19:08 1: [0........................................................................................................................]
Nov 04 17:19:08 1: [0010000001101110000000001000000110010010001100001011000100110100001100100000011000010000100000001000100000101100000010111] --> 2
Nov 04 17:19:08 2: [0........................................................................................................................]
Nov 04 17:19:08 2: [0111000000001010000000000000000110001011011100001011000110110110000011100000000000000000100000011100000000100100000001101] --> 3
Nov 04 17:19:09 3: [0........................................................................................................................]
Nov 04 17:19:09 3: [0101000000001010000000001010001010000111010100100000010010000110000110110000000010000100000000011100000001000100000001110] --> 4
Nov 04 17:19:09 4: [0........................................................................................................................]
Nov 04 17:19:09 4: [0000000000001011000000001010010000000110110100000000110010101100000111111100000111001110000000011100000001000100000001110] --> 5
Nov 04 17:19:09 5: [0........................................................................................................................]
Nov 04 17:19:09 5: [0000000000000111000000001000111000001111100000000000110010100001000100000000001000000010000100100010000001000100000001110] --> 6
Nov 04 17:19:09 6: [0........................................................................................................................]
Nov 04 17:19:09 6: [0001000000000110001000001000001000001110001000110110110001000001101100000000000100000000000000000110000001010100000001110] --> 7
Nov 04 17:19:09 7: [0........................................................................................................................]
Nov 04 17:19:10 7: [0011000000000110000000001000001000000011101000100111001001100011100110000000001000000000000000000110000000000100000001110] --> 8
Nov 04 17:19:10 8: [0........................................................................................................................]
Nov 04 17:19:10 8: [0011000000001000000000001100111000000010001000111100001000100011100101000010001100000000000000000110000000000100000000110] --> 9
Nov 04 17:19:10 9: [0........................................................................................................................]
Nov 04 17:19:10 9: [0010000000001000001000001000111000000010111000110110001000000011100101000111001100000010000000000110000000010100000000010] --> 10
Nov 04 17:19:10 10: [0........................................................................................................................]
Nov 04 17:19:10 10: [0000000000001100011100000000000100011110001000001100001000110000010100000100101100000000000000001010000000010100000000010] --> 11
Nov 04 17:19:10 11: [0........................................................................................................................]
Nov 04 17:19:11 11: [0000000100000000001100010011110100001010001100100000011000111000110101000000001100000010000000000000000000010100000000010] --> 12
Nov 04 17:19:11 12: [0........................................................................................................................]
Nov 04 17:19:11 12: [0000000110000000100000000011010110011010000000100100100000110000110101000001101100000000000000000100000000001000000000010] --> 13
Nov 04 17:19:11 13: [0........................................................................................................................]
Nov 04 17:19:11 13: [0000000000000001101010000101000000011010011000100100010000110001010101100001101100000011000000000000000000011100000000000] --> 14
Nov 04 17:19:11 14: [0........................................................................................................................]
Nov 04 17:19:11 14: [0000000000000001110000001101000100011011011000100100001000001001010100100010001110000011000000001000000000001000000000010] --> 15
Nov 04 17:19:11 15: [0........................................................................................................................]
Nov 04 17:19:12 15: [0000010000000011110000001000011100100011011100110101101000011000000101100010101110000110001000001010000000011000000000000] --> 16
Nov 04 17:19:12 16: [0........................................................................................................................]
Nov 04 17:19:12 16: [0000011000000011111100001100000010101110000100110001101000001111000100010010001001001101011100010010000000011000000000000] --> 17
Nov 04 17:19:12 17: [0........................................................................................................................]
Nov 04 17:19:12 17: [0000000000000110001000000000010100100000000100110000100001011000000000110000011011011100011100010010010000011000000000000] --> 18
Nov 04 17:19:12 18: [0........................................................................................................................]
Nov 04 17:19:12 18: [0000000000000000000100001000001000010000011001111000000001001000000110000100011000011100100010100000111000011000000000000] --> 19
Nov 04 17:19:12 19: [0........................................................................................................................]
Nov 04 17:19:12 19: [0000000000000000000000000000011000000000011001001000000000010000001010000110010100110100100101100100111000000000100000000] --> 20
Nov 04 17:19:13 20: [0........................................................................................................................]
Nov 04 17:19:13 20: [0000000000000000000000000000011100000000111000000000000010100000000001011110010111100110100101110000101100000001110000000] --> 21
Nov 04 17:19:13 21: [0........................................................................................................................]
Nov 04 17:19:13 21: [0000000000000000000100000000010100000000101000000000100001010110000100011111001100000010100000111001100011000001011000000] --> 22
Nov 04 17:19:13 22: [0........................................................................................................................]
Nov 04 17:19:13 22: [0000000000000000000100000000010100000000101000000010100000000000100101010001011100100010101001111001110111000011101100000] --> 23
Nov 04 17:19:13 23: [0........................................................................................................................]
Nov 04 17:19:13 23: [0000000000000000000100000000010100000001101000000001110000000001101100100011110010101010000000011000000000000010101010000] --> 24
Nov 04 17:19:14 24: [0........................................................................................................................]
Nov 04 17:19:14 24: [0000000000000000000100000000110100000001001100000010001000000000001100100100111001011001000000111000000000100000000000000] --> 25
Nov 04 17:19:14 25: [0........................................................................................................................]
Nov 04 17:19:14 25: [0000000000000000001100000000110110000011011100000000011000000000001100011100011000000010000001001000000001110000000000000] --> 26
Nov 04 17:19:14 26: [0........................................................................................................................]
Nov 04 17:19:14 26: [0000000000000000011110000001000010000011000000000000101000000100001100001000011000101100000000101100000001110000000001000] --> 27
Nov 04 17:19:14 27: [0........................................................................................................................]
Nov 04 17:19:14 27: [0000000110000000011110000001001100000011001000000111000000000010001100011000011000100110000001000100000001001000000011100] --> 28
Nov 04 17:19:15 28: [0........................................................................................................................]
Nov 04 17:19:15 28: [0000001001000000010000000001000010000100001000000101100000000010001100011110011001100110000001100110000011001000000011100] --> 29
Nov 04 17:19:15 29: [0........................................................................................................................]
Nov 04 17:19:15 29: [0000000000000000110000000001000000000111011000000011100000001000001100110001011001000001000000010010000000001100000111100] --> 30
Nov 04 17:19:15 30: [0........................................................................................................................]
Nov 04 17:19:15 30: [0000000000000000110000000000010000000100011000001000110000011011001100110000011001100011000000000010000000001100000011110] --> 31
Nov 04 17:19:15 31: [0........................................................................................................................]
Nov 04 17:19:16 31: [0000000000000000010000000001111000000000101000011000000000100111101101000011011001100011000000000000000000100100000001111] --> 32
Nov 04 17:19:16 32: [0........................................................................................................................]
Nov 04 17:19:16 32: [0000000000000000110000000001001000000110100000011010010000100010101101011000011101000111000000000110000000100100000001111] --> 33
Nov 04 17:19:16 33: [0........................................................................................................................]
Nov 04 17:19:16 33: [0000000000000000110000000000010000001000110000010011000000100011001001011100110111100101010000000000000000100000000001111] --> 34
Nov 04 17:19:16 34: [0........................................................................................................................]
Nov 04 17:19:16 34: [0000000000000000010000000000011000000000010000111010000001101001000100010000010110101010011110000000000000101000000001110] --> 35
Nov 04 17:19:16 35: [0........................................................................................................................]
Nov 04 17:19:17 35: [0000000000000000001000000000011000001000010000101101000010001100000100010010010000110000010010100000011000101000000001010] --> 36
Nov 04 17:19:17 36: [0........................................................................................................................]
Nov 04 17:19:17 36: [0000000000000000001100000000011000001101010000111101000011000010001100100100011001011000011110110000011001100000000000000] --> 37
Nov 04 17:19:17 37: [0........................................................................................................................]
Nov 04 17:19:17 37: [0000000000000000001100000000100100010001010001000101100100001011000001010110000001000100100010001000100111100000000000000] --> 38
Nov 04 17:19:17 38: [0........................................................................................................................]
Nov 04 17:19:18 38: [0000000000000000001100000000100100000011011001000100010000001000100000010001000011100110000110101000000111100000000110000] --> 39
Nov 04 17:19:18 39: [0........................................................................................................................]
Nov 04 17:19:18 39: [0000000000000000001100000001100100000011111100001100011000011101110000011001100010011110000000001100001000000000001001000] --> 40
Nov 04 17:19:18 40: [0........................................................................................................................]
Nov 04 17:19:18 40: [0000000000000000011100000001000010000000100000000000000000000011000000000000000000110000000000000100000000010000000000000] --> 41
Nov 04 17:19:18 41: [0........................................................................................................................]
Nov 04 17:19:18 41: [0000000100000000011000000000001000000000000000000001100000000000000000001100000000000000000000000000000000000000000000000] --> 42
Nov 04 17:19:18 42: [0........................................................................................................................]
Nov 04 17:19:19 42: [0000001100000000011100000000010000000000110000000000000000000101000000000000000000000000000000000000000000000000000000000] --> 43
Nov 04 17:19:19 43: [0........................................................................................................................]
Nov 04 17:19:19 43: [0000001010000000000100000000000000000000110000000000100000000000000000000000000000000000000000000000000000000000000000000] --> 44
Nov 04 17:19:19 44: [0........................................................................................................................]
Nov 04 17:19:19 44: [0000000100000000001000000000011000000000110000000001100000000000000000000000000000000000000000000000000000000000000000000] --> 45
Nov 04 17:19:19 45: [0........................................................................................................................]
Nov 04 17:19:20 45: [0000000000000000011000000000100000000001001000000001100000000000000000000000000000000000000000000000000000000000000000000] --> 46
Nov 04 17:19:20 46: [0........................................................................................................................]
Nov 04 17:19:20 46: [0000000000000000011000000001100000000001010000000001100000000000000000000000000000000000000000000000000000000000000000000] --> 47
Nov 04 17:19:20 47: [0........................................................................................................................]
Nov 04 17:19:20 47: [0000000000000000111000000001000000000011010000000001100000000000000000000000000000000000000000000000000000000000000000000] --> 48
Nov 04 17:19:20 THE END
Nov 04 17:19:20 47: [0000000000000000111000000001000000000011010000000001100000000000000000000000000000000000000000000000000000000000000000000] --> 48
Nov 04 17:19:20 {'app/0': '', 'app/1': '', 'app/2': '', 'app/3': '', 'app/4': '', 'app/5': '', 'app/6': '', 'app/7': '', 'app/8': '', 'app/9': '', 'app/10': '', 'app/11': '', 'app/12': '', 'app/13': '', 'app/14': '', 'app/15': '', 'app/16': '', 'app/17': '', 'app/18': '', 'app/19': '', 'app/20': '', 'app/21': '', 'app/22': '', 'app/23': '', 'app/24': '', 'app/25': '', 'app/26': '', 'app/27': '', 'app/28': '', 'app/29': '', 'app/30': '', 'app/31': '', 'app/32': '', 'app/33': '', 'app/34': '', 'app/35': '', 'app/36': '', 'app/37': '', 'app/38': '', 'app/39': '', 'app/40': '', 'app/41': '', 'app/42': '', 'app/43': '', 'app/44': '', 'app/45': '', 'app/46': '', 'app/47': '', 'app/48': '', 'app/49': '', 'app/50': '', 'app/51': '', 'app/52': '', 'app/53': '', 'app/54': '', 'app/55': '', 'app/56': '', 'app/57': '', 'app/58': '', 'app/59': '', 'app/60': '', 'app/61': '', 'app/62': '', 'app/63': '', 'app/64': '', 'app/65': '', 'app/66': '', 'app/67': '', 'app/68': '', 'app/69': '', 'app/70': '', 'app/71': '', 'app/72': '', 'app/73': '', 'app/74': '', 'app/75': '', 'app/76': '', 'app/77': '', 'app/78': '', 'app/79': '', 'app/80': '', 'app/81': '', 'app/82': '', 'app/83': '', 'app/84': '', 'app/85': '', 'app/86': '', 'app/87': '', 'app/88': '', 'app/89': '', 'app/90': '', 'app/91': '', 'app/92': '', 'app/93': '', 'app/94': '', 'app/95': '', 'app/96': '', 'app/97': '', 'app/98': '', 'app/99': '', 'app/100': '', 'app/101': '', 'app/102': '', 'app/103': '', 'app/104': '', 'app/105': '', 'app/106': '', 'app/107': '', 'app/108': '', 'app/109': '', 'app/110': '', 'app/111': '', 'app/112': '', 'app/113': '', 'app/114': '', 'app/115': '', 'app/116': '', 'app/117': '', 'app/118': '', 'app/119': '', 'app/120': ''}
