Nov 04 17:22:22 Resetting... [.................................................................................................................................................................................................................................]
Nov 04 17:22:22 Reset [0................................................................................................................................................................................................................................]
Nov 04 17:22:22 Reset [000111000101010111111000111001010101010100101010100011110101011100011100010101011111100011100101010101010010101010001111010101110001110001010101111110001110010101010101001010101000111101010111000111000101010111111000111001010]
Nov 04 17:22:22 0: [000111000101010111111000111001010101010100101010100011110101011100011100010101011111100011100101010101010010101010001111010101110001110001010101111110001110010101010101001010101000111101010111000111000101010111111000111001010] --> 0
Nov 04 17:22:23 0: [0................................................................................................................................................................................................................................]
Nov 04 17:22:23 0: [010001000101100110000000101001000001010000101110100000011101100001000000100100001000000011100100000101000110101010000001010100000100000010000000100001001010010000010100001010101000000111010000010000001000000011101000101101011] --> 1
Nov 04 17:22:23 1: [1................................................................................................................................................................................................................................]
Nov 04 17:22:23 1: [110000000001100110000101001000001000000000101110010100000100100010000000101110010000000110101000100000011110100001010000010010001000000010100001000000010000100010000000001010000100000001001000111000101011000000000000000000111] --> 2
Nov 04 17:22:24 2: [1................................................................................................................................................................................................................................]
Nov 04 17:22:24 2: [110000000001100101000000001010001001010001110110101000001100000110000001100100101000000100001100000000111100100010100000010110011000000110000010100000001000110000000000001010001100000001001000110000010111000000000000000000010] --> 3
Nov 04 17:22:24 3: [1................................................................................................................................................................................................................................]
Nov 04 17:22:24 3: [110000000001100101000000010010101110100010010010101100010000110101000000010000000000000000011100000000110010000010000010010110110100000110100000000000010000010000000000001011001110000011001001110000001111000110000000010000000] --> 4
Nov 04 17:22:25 4: [1................................................................................................................................................................................................................................]
Nov 04 17:22:25 4: [110000000001100101000000010010100010100111000000000100000000110001100000000100110000000110011000000000110110010111000110010110111000000110110111000000111000111000100000011011001010000010000100001000011001001010000000011000000] --> 5
Nov 04 17:22:25 5: [1................................................................................................................................................................................................................................]
Nov 04 17:22:25 5: [110000000001100100000000100000010001000111000110000110010000110011100000000100111000000110001011010001001100010101000110000000000100000000010000100000101000000100100010111000100110000100110110011000011011100000000000011000000] --> 6
Nov 04 17:22:25 6: [1................................................................................................................................................................................................................................]
Nov 04 17:22:26 6: [110000000000000100000000100100010000101101000001010010111000001100010000000101000000000110010000010001001000110111000110000001001100000000000001110000011001001110110010111100101101001100010010111000011000010000000000110100000] --> 7
Nov 04 17:22:26 7: [1................................................................................................................................................................................................................................]
Nov 04 17:22:26 7: [110000000000000100000001110000010000010001100011000110101000001000001011100001100000000110011100111001001000011100100110000011100010000000000010001000011101110000110010001110000001001000000110101000111011111010000001100000000] --> 8
Nov 04 17:22:26 8: [1................................................................................................................................................................................................................................]
Nov 04 17:22:27 8: [110000000100000100000001111000111000110001100011000110100000000000011110010000000001110010010000111001001001000001111110000010010011100001100010001100011011001000110010111011001101001100000000101000111011001110000001111110000] --> 9
Nov 04 17:22:27 9: [1................................................................................................................................................................................................................................]
Nov 04 17:22:27 9: [110000001100000001000011101100101000100001100101000000101100000000100000000000000100001111000000000000001000000100000010001000010000000011001111010000010001001000000010001111001001000000000000001001101000011110000001000111100] --> 10
Nov 04 17:22:27 10: [0................................................................................................................................................................................................................................]
Nov 04 17:22:27 10: [010000010110000101000010101100001100010100010000000000011100000000000010000000000000000111000000000000001000000000000000011001001000000011001001100000110010000000000000001111000000001011010010001000010000100010000010000100010] --> 11
Nov 04 17:22:28 11: [0................................................................................................................................................................................................................................]
Nov 04 17:22:28 11: [010000000111000001100110101100011100000100010000000000111100000000000010000000000000000011000000000000001000000000000000011000001100000000111001100000111010000100000010100011000000000110010100000000010001110011000000000000000] --> 12
Nov 04 17:22:28 12: [0................................................................................................................................................................................................................................]
Nov 04 17:22:28 12: [001000001101100000100000101100010100000100010001000000101100000000000110110000000000000011000000000000011000000000000000001110001100000100011000010000110001010100000110000010100000001110010010000000110001110000000000000100000] --> 13
Nov 04 17:22:29 13: [0................................................................................................................................................................................................................................]
Nov 04 17:22:29 13: [000000001101100000100000101010000100001100010001000001101000000000000110001000000000000000000000000000011000100000000000000111000100000101001100010000000011000110000100110010110000011010010010000001010001010000000000001110000] --> 14
Nov 04 17:22:29 14: [0................................................................................................................................................................................................................................]
Nov 04 17:22:29 14: [000000001101100000000000001010001100000000000000000000000000000000001110000000000000000011000000000000000000100000000000001101100000000000000100010000010000001001000011000100001000011011010011000011000011011000000000001010000] --> 15
Nov 04 17:22:30 15: [0................................................................................................................................................................................................................................]
Nov 04 17:22:30 15: [000000000011100000000000011000000000000000000000000000100000000000000100000000000000100000000000000000000001110000000000001111100000000001001110000000011000010011000100101110001100100001011100100011100111000000000000011011000] --> 16
Nov 04 17:22:30 16: [0................................................................................................................................................................................................................................]
Nov 04 17:22:30 16: [000000000010100000000000010100000000000010000000000000000000000000001110000000000000000000000100000000000001000000000000010000010000000000000010000000011110001011100101011000100100100101000101100011000000011000001000101100000] --> 17
Nov 04 17:22:31 17: [0................................................................................................................................................................................................................................]
Nov 04 17:22:31 17: [000000000000000000000000110000000000000001000000000000010000000000000100000000000000100000000000000000000001000000000000000000000000000010100011001000011011001111100100001001100010100101000100100011100001001100011000000110000] --> 18
Nov 04 17:22:31 18: [0................................................................................................................................................................................................................................]
Nov 04 17:22:31 18: [000000000000000000000000010000000000000101000000000000010000000000000110000000000000000000000000000000000000000000000000001000000000000010110011001100111111100001100101101100000010100100000111110100110001001100010100000111000] --> 19
Nov 04 17:22:32 19: [0................................................................................................................................................................................................................................]
Nov 04 17:22:32 19: [000000000000000000000000010000000000000101000000000000001000000000000110000000000000000000000000000000000000000000000000001100000000000100000110001100100000000001010100000100000010100001000110010110110001000010001110000111100] --> 20
Nov 04 17:22:32 20: [0................................................................................................................................................................................................................................]
Nov 04 17:22:32 20: [000000000000000000000000010000000000000001000000000000101000000000000010000000000000000000000000000000000000000000000000000000000000000010000000001100110000110001010110000000010011100011000100111110001001000010011010000111100] --> 21
Nov 04 17:22:33 21: [0................................................................................................................................................................................................................................]
Nov 04 17:22:33 21: [000000000000000000000000000000000000000001000000000000001000000000000010000000000000000000000000000000000000000000000000000000000000000110000000001100001000000011011000001100011000000011000100100101101001000001111000000111100] --> 22
Nov 04 17:22:33 22: [0................................................................................................................................................................................................................................]
Nov 04 17:22:34 22: [000000000000000000000000000000000000000000000000000000011000000000000000000000000000000000000000000000000000000000000000000000000000000010000000011110010000000000010000011100100010000100000111000101101001000110101100000111000] --> 23
Nov 04 17:22:34 23: [0................................................................................................................................................................................................................................]
Nov 04 17:22:34 23: [000000000000000000000000000000000000000000000000000000000000000000000000000000000000000000000000000000000000000000000000000000000001100000000000001110000001000011011000011000100100001100101111010000000001000100001110000111100] --> 24
Nov 04 17:22:34 24: [0................................................................................................................................................................................................................................]
Nov 04 17:22:35 24: [000000000000000000000000000000000000000000000000000000000000000000000000000000000000000000000000000000000000000000000000000000000001010000000000000001000011000010001000111101000001000111011011010000010011000010000100000111100] --> 25
Nov 04 17:22:35 25: [0................................................................................................................................................................................................................................]
Nov 04 17:22:35 25: [000000000000000000000000000000000000000000000000000000000000000000000000000000000000000000000000000000000000000000000000000000000000000000000000000011000100100000011000000001011011000000000000111000001110000010000000001111100] --> 26
Nov 04 17:22:36 26: [0................................................................................................................................................................................................................................]
Nov 04 17:22:36 26: [000000000000000000000000000000000000000000000000000000000000000000000000000000000000000000000000000000000000000000000000000000000000000000000000000011000000000000000000000000001000000000110001000000000111110001000000111111100] --> 27
Nov 04 17:22:36 27: [0................................................................................................................................................................................................................................]
Nov 04 17:22:37 27: [000000000000000000000000000000000000000000000000000000000000000000000000000000000000000000000000000000000000000000000000000000000000000000000000000000000000000000000000000000000000000000100101000000001000000100000000100001000] --> 28
Nov 04 17:22:37 28: [0................................................................................................................................................................................................................................]
Nov 04 17:22:37 28: [000000000000000000000000000000000000000000000000000000000000000000000000000000000000000000000000000000000000000000000000000000000000000000000000000000000000000000000000000000000000000000000000000000001100011100000000000000000] --> 29
Nov 04 17:22:37 29: [0................................................................................................................................................................................................................................]
Nov 04 17:22:38 29: [000000000000000000000000000000000000000000000000000000000000000000000000000000000000000000000000000000000000000000000000000000000000000000000000000000000000000000000000000000000000000000000001000000000000001000000000000001000] --> 30
Nov 04 17:22:38 30: [0................................................................................................................................................................................................................................]
Nov 04 17:22:38 30: [000000000000000000000000000000000000000000000000000000000000000000000000000000000000000000000000000000000000000000000000000000000000000000000000000000000000000000000000000000000000000000000000000000000000011100000000000000000] --> 31
Nov 04 17:22:38 31: [0................................................................................................................................................................................................................................]
Nov 04 17:22:39 31: [000000000000000000000000000000000000000000000000000000000000000000000000000000000000000000000000000000000000000000000000000000000000000000000000000000000000000000000000000000000000000000000001000000000000001000000000000001000] --> 32
Nov 04 17:22:39 32: [0................................................................................................................................................................................................................................]
Nov 04 17:22:39 32: [000000000000000000000000000000000000000000000000000000000000000000000000000000000000000000000000000000000000000000000000000000000000000000000000000000000000000000000000000000000000000000000000000000000000011100000000000000000] --> 33
Nov 04 17:22:40 33: [0................................................................................................................................................................................................................................]
Nov 04 17:22:40 33: [000000000000000000000000000000000000000000000000000000000000000000000000000000000000000000000000000000000000000000000000000000000000000000000000000000000000000000000000000000000000000000000001000000000000001000000000000001000] --> 34
Nov 04 17:22:40 34: [0................................................................................................................................................................................................................................]
Nov 04 17:22:41 34: [000000000000000000000000000000000000000000000000000000000000000000000000000000000000000000000000000000000000000000000000000000000000000000000000000000000000000000000000000000000000000000000000000000000000011100000000000000000] --> 35
Nov 04 17:22:41 35: [0................................................................................................................................................................................................................................]
Nov 04 17:22:41 35: [000000000000000000000000000000000000000000000000000000000000000000000000000000000000000000000000000000000000000000000000000000000000000000000000000000000000000000000000000000000000000000000001000000000000001000000000000001000] --> 36
Nov 04 17:22:42 36: [0................................................................................................................................................................................................................................]
Nov 04 17:22:42 36: [000000000000000000000000000000000000000000000000000000000000000000000000000000000000000000000000000000000000000000000000000000000000000000000000000000000000000000000000000000000000000000000000000000000000011100000000000000000] --> 37
Nov 04 17:22:42 37: [0................................................................................................................................................................................................................................]
Nov 04 17:22:42 37: [000000000000000000000000000000000000000000000000000000000000000000000000000000000000000000000000000000000000000000000000000000000000000000000000000000000000000000000000000000000000000000000001000000000000001000000000000001000] --> 38
Nov 04 17:22:43 38: [0................................................................................................................................................................................................................................]
Nov 04 17:22:43 38: [000000000000000000000000000000000000000000000000000000000000000000000000000000000000000000000000000000000000000000000000000000000000000000000000000000000000000000000000000000000000000000000000000000000000011100000000000000000] --> 39
Nov 04 17:22:44 39: [0................................................................................................................................................................................................................................]
Nov 04 17:22:44 39: [000000000000000000000000000000000000000000000000000000000000000000000000000000000000000000000000000000000000000000000000000000000000000000000000000000000000000000000000000000000000000000000001000000000000001000000000000001000] --> 40
Nov 04 17:22:44 40: [0................................................................................................................................................................................................................................]
Nov 04 17:22:45 40: [000000000000000000000000000000000000000000000000000000000000000000000000000000000000000000000000000000000000000000000000000000000000000000000000000000000000000000000000000000000000000000000000000000000000011100000000000000000] --> 41
Nov 04 17:22:45 41: [0................................................................................................................................................................................................................................]
Nov 04 17:22:45 41: [000000000000000000000000000000000000000000000000000000000000000000000000000000000000000000000000000000000000000000000000000000000000000000000000000000000000000000000000000000000000000000000001000000000000001000000000000001000] --> 42
Nov 04 17:22:46 42: [0................................................................................................................................................................................................................................]
Nov 04 17:22:46 42: [000000000000000000000000000000000000000000000000000000000000000000000000000000000000000000000000000000000000000000000000000000000000000000000000000000000000000000000000000000000000000000000000000000000000011100000000000000000] --> 43
Nov 04 17:22:47 43: [0................................................................................................................................................................................................................................]
Nov 04 17:22:47 43: [000000000000000000000000000000000000000000000000000000000000000000000000000000000000000000000000000000000000000000000000000000000000000000000000000000000000000000000000000000000000000000000001000000000000001000000000000001000] --> 44
Nov 04 17:22:47 44: [0................................................................................................................................................................................................................................]
Nov 04 17:22:48 44: [000000000000000000000000000000000000000000000000000000000000000000000000000000000000000000000000000000000000000000000000000000000000000000000000000000000000000000000000000000000000000000000000000000000000011100000000000000000] --> 45
Nov 04 17:22:48 45: [0................................................................................................................................................................................................................................]
Nov 04 17:22:49 45: [000000000000000000000000000000000000000000000000000000000000000000000000000000000000000000000000000000000000000000000000000000000000000000000000000000000000000000000000000000000000000000000001000000000000001000000000000001000] --> 46
Nov 04 17:22:49 46: [0................................................................................................................................................................................................................................]
Nov 04 17:22:50 46: [000000000000000000000000000000000000000000000000000000000000000000000000000000000000000000000000000000000000000000000000000000000000000000000000000000000000000000000000000000000000000000000000000000000000011100000000000000000] --> 47
Nov 04 17:22:50 47: [0................................................................................................................................................................................................................................]
Nov 04 17:22:50 47: [000000000000000000000000000000000000000000000000000000000000000000000000000000000000000000000000000000000000000000000000000000000000000000000000000000000000000000000000000000000000000000000001000000000000001000000000000001000] --> 48
Nov 04 17:22:50 THE END
Nov 04 17:22:50 47: [000000000000000000000000000000000000000000000000000000000000000000000000000000000000000000000000000000000000000000000000000000000000000000000000000000000000000000000000000000000000000000000001000000000000001000000000000001000] --> 48
Nov 04 17:22:50 {'app/0': '', 'app/1': '', 'app/2': '', 'app/3': '', 'app/4': '', 'app/5': '', 'app/6': '', 'app/7': '', 'app/8': '', 'app/9': '', 'app/10': '', 'app/11': '', 'app/12': '', 'app/13': '', 'app/14': '', 'app/15': '', 'app/16': '', 'app/17': '', 'app/18': '', 'app/19': '', 'app/20': '', 'app/21': '', 'app/22': '', 'app/23': '', 'app/24': '', 'app/25': '', 'app/26': '', 'app/27': '', 'app/28': '', 'app/29': '', 'app/30': '', 'app/31': '', 'app/32': '', 'app/33': '', 'app/34': '', 'app/35': '', 'app/36': '', 'app/37': '', 'app/38': '', 'app/39': '', 'app/40': '', 'app/41': '', 'app/42': '', 'app/43': '', 'app/44': '', 'app/45': '', 'app/46': '', 'app/47': '', 'app/48': '', 'app/49': '', 'app/50': '', 'app/51': '', 'app/52': '', 'app/53': '', 'app/54': '', 'app/55': '', 'app/56': '', 'app/57': '', 'app/58': '', 'app/59': '', 'app/60': '', 'app/61': '', 'app/62': '', 'app/63': '', 'app/64': '', 'app/65': '', 'app/66': '', 'app/67': '', 'app/68': '', 'app/69': '', 'app/70': '', 'app/71': '', 'app/72': '', 'app/73': '', 'app/74': '', 'app/75': '', 'app/76': '', 'app/77': '', 'app/78': '', 'app/79': '', 'app/80': '', 'app/81': '', 'app/82': '', 'app/83': '', 'app/84': '', 'app/85': '', 'app/86': '', 'app/87': '', 'app/88': '', 'app/89': '', 'app/90': '', 'app/91': '', 'app/92': '', 'app/93': '', 'app/94': '', 'app/95': '', 'app/96': '', 'app/97': '', 'app/98': '', 'app/99': '', 'app/100': '', 'app/101': '', 'app/102': '', 'app/103': '', 'app/104': '', 'app/105': '', 'app/106': '', 'app/107': '', 'app/108': '', 'app/109': '', 'app/110': '', 'app/111': '', 'app/112': '', 'app/113': '', 'app/114': '', 'app/115': '', 'app/116': '', 'app/117': '', 'app/118': '', 'app/119': '', 'app/120': '', 'app/121': '', 'app/122': '', 'app/123': '', 'app/124': '', 'app/125': '', 'app/126': '', 'app/127': '', 'app/128': '', 'app/129': '', 'app/130': '', 'app/131': '', 'app/132': '', 'app/133': '', 'app/134': '', 'app/135': '', 'app/136': '', 'app/137': '', 'app/138': '', 'app/139': '', 'app/140': '', 'app/141': '', 'app/142': '', 'app/143': '', 'app/144': '', 'app/145': '', 'app/146': '', 'app/147': '', 'app/148': '', 'app/149': '', 'app/150': '', 'app/151': '', 'app/152': '', 'app/153': '', 'app/154': '', 'app/155': '', 'app/156': '', 'app/157': '', 'app/158': '', 'app/159': '', 'app/160': '', 'app/161': '', 'app/162': '', 'app/163': '', 'app/164': '', 'app/165': '', 'app/166': '', 'app/167': '', 'app/168': '', 'app/169': '', 'app/170': '', 'app/171': '', 'app/172': '', 'app/173': '', 'app/174': '', 'app/175': '', 'app/176': '', 'app/177': '', 'app/178': '', 'app/179': '', 'app/180': '', 'app/181': '', 'app/182': '', 'app/183': '', 'app/184': '', 'app/185': '', 'app/186': '', 'app/187': '', 'app/188': '', 'app/189': '', 'app/190': '', 'app/191': '', 'app/192': '', 'app/193': '', 'app/194': '', 'app/195': '', 'app/196': '', 'app/197': '', 'app/198': '', 'app/199': '', 'app/200': '', 'app/201': '', 'app/202': '', 'app/203': '', 'app/204': '', 'app/205': '', 'app/206': '', 'app/207': '', 'app/208': '', 'app/209': '', 'app/210': '', 'app/211': '', 'app/212': '', 'app/213': '', 'app/214': '', 'app/215': '', 'app/216': '', 'app/217': '', 'app/218': '', 'app/219': '', 'app/220': '', 'app/221': '', 'app/222': '', 'app/223': '', 'app/224': ''}
